[INFO] [001] 2024-12-09 09:02:56 领每日免费宝石
[INFO] [001] 2024-12-09 09:03:11 地下城
[INFO] [001] 2024-12-09 09:05:38 罗马竞技场
[INFO] [001] 2024-12-09 09:07:45 领取任务奖励
[INFO] [001] 2024-12-09 09:08:10 领取邮件
[INFO] [001] 2024-12-09 09:08:19 领取背包物品
[INFO] [001] 2024-12-09 09:08:29 领AFK奖励
[INFO] [001] 2024-12-09 09:08:40 放置Toyz
[INFO] [001] 2024-12-09 09:12:01 领每日免费宝石
[INFO] [001] 2024-12-09 09:12:07 地下城
[INFO] [001] 2024-12-09 09:14:15 罗马竞技场
[INFO] [001] 2024-12-09 09:14:29 领取任务奖励
[INFO] [001] 2024-12-09 09:14:54 领取邮件
[INFO] [001] 2024-12-09 09:15:18 领取背包物品
[INFO] [001] 2024-12-09 09:16:17 领AFK奖励
[INFO] [001] 2024-12-09 09:16:28 放置Toyz
[INFO] [001] 2024-12-09 09:21:14 领每日免费宝石
[INFO] [001] 2024-12-09 09:21:27 地下城
[INFO] [001] 2024-12-09 09:23:31 罗马竞技场
[INFO] [001] 2024-12-09 09:23:44 领取任务奖励
[INFO] [001] 2024-12-09 09:24:09 领取邮件
[INFO] [001] 2024-12-09 09:24:31 领取背包物品
[INFO] [001] 2024-12-09 09:24:40 领AFK奖励
[INFO] [001] 2024-12-09 09:24:51 放置Toyz
[INFO] [001] 2024-12-09 09:43:05 网络错误
[INFO] [001] 2024-12-09 12:22:51 领每日免费宝石
[INFO] [001] 2024-12-09 12:23:05 地下城
[INFO] [001] 2024-12-09 13:23:29 领每日免费宝石
[INFO] [001] 2024-12-09 13:23:40 地下城
[INFO] [001] 2024-12-09 13:28:45 领每日免费宝石
[INFO] [001] 2024-12-09 13:28:56 地下城
[INFO] [001] 2024-12-09 13:31:33 地下城
[INFO] [001] 2024-12-09 13:52:22 地下城
[INFO] [001] 2024-12-09 14:03:09 地下城
[INFO] [001] 2024-12-09 14:14:51 领每日免费宝石
[INFO] [001] 2024-12-09 14:15:02 地下城
[INFO] [001] 2024-12-09 14:15:26 罗马竞技场
[INFO] [001] 2024-12-09 14:15:40 领取任务奖励
[INFO] [001] 2024-12-09 14:16:04 领取邮件
[INFO] [001] 2024-12-09 14:16:27 领取背包物品
[INFO] [001] 2024-12-09 14:16:53 领AFK奖励
[INFO] [001] 2024-12-09 14:17:04 放置Toyz
[INFO] [001] 2024-12-09 14:24:47 领每日免费宝石
[INFO] [001] 2024-12-09 14:24:51 地下城
[INFO] [001] 2024-12-09 14:26:13 罗马竞技场
[INFO] [001] 2024-12-09 14:28:18 领取任务奖励
[INFO] [001] 2024-12-09 14:28:43 领取邮件
[INFO] [001] 2024-12-09 14:28:51 领取背包物品
[INFO] [001] 2024-12-09 14:29:00 领AFK奖励
[INFO] [001] 2024-12-09 14:29:12 放置Toyz
[INFO] [001] 2024-12-09 14:35:43 领每日免费宝石
[INFO] [001] 2024-12-09 14:35:46 地下城
[INFO] [001] 2024-12-09 14:37:21 罗马竞技场
[INFO] [001] 2024-12-09 14:39:32 领取任务奖励
[INFO] [001] 2024-12-09 14:39:57 领取邮件
[INFO] [001] 2024-12-09 14:40:07 领取背包物品
[INFO] [001] 2024-12-09 14:40:16 领AFK奖励
[INFO] [001] 2024-12-09 14:40:27 放置Toyz
[INFO] [001] 2024-12-09 14:46:55 领每日免费宝石
[INFO] [001] 2024-12-09 14:46:58 地下城
[INFO] [001] 2024-12-09 14:48:29 罗马竞技场
[INFO] [001] 2024-12-09 14:50:39 领取任务奖励
[INFO] [001] 2024-12-09 14:51:04 领取邮件
[INFO] [001] 2024-12-09 14:51:13 领取背包物品
[INFO] [001] 2024-12-09 14:51:23 领AFK奖励
[INFO] [001] 2024-12-09 14:51:34 放置Toyz
[INFO] [001] 2024-12-09 14:58:01 领每日免费宝石
[INFO] [001] 2024-12-09 14:58:05 地下城
[INFO] [001] 2024-12-09 14:59:30 罗马竞技场
[INFO] [001] 2024-12-09 15:01:44 领取任务奖励
[INFO] [001] 2024-12-09 15:02:08 领取邮件
[INFO] [001] 2024-12-09 15:02:19 领取背包物品
[INFO] [001] 2024-12-09 15:02:29 领AFK奖励
[INFO] [001] 2024-12-09 15:02:40 放置Toyz
[INFO] [001] 2024-12-09 15:09:08 领每日免费宝石
[INFO] [001] 2024-12-09 15:09:11 地下城
[INFO] [001] 2024-12-09 15:10:46 罗马竞技场
[INFO] [001] 2024-12-09 15:12:55 领取任务奖励
[INFO] [001] 2024-12-09 15:13:20 领取邮件
[INFO] [001] 2024-12-09 15:13:29 领取背包物品
[INFO] [001] 2024-12-09 15:13:39 领AFK奖励
[INFO] [001] 2024-12-09 15:13:50 放置Toyz
[INFO] [001] 2024-12-09 15:20:17 领每日免费宝石
[INFO] [001] 2024-12-09 15:20:21 地下城
[INFO] [001] 2024-12-09 15:21:46 罗马竞技场
[INFO] [001] 2024-12-09 15:23:55 领取任务奖励
[INFO] [001] 2024-12-09 15:24:20 领取邮件
[INFO] [001] 2024-12-09 15:24:33 领取背包物品
[INFO] [001] 2024-12-09 15:24:43 领AFK奖励
[INFO] [001] 2024-12-09 15:24:54 放置Toyz
[INFO] [001] 2024-12-09 15:31:23 领每日免费宝石
[INFO] [001] 2024-12-09 15:31:26 地下城
[INFO] [001] 2024-12-09 15:32:52 罗马竞技场
[INFO] [001] 2024-12-09 15:35:01 领取任务奖励
[INFO] [001] 2024-12-09 15:35:26 领取邮件
[INFO] [001] 2024-12-09 15:35:37 领取背包物品
[INFO] [001] 2024-12-09 15:35:48 领AFK奖励
[INFO] [001] 2024-12-09 15:35:59 放置Toyz
[INFO] [001] 2024-12-09 15:42:26 领每日免费宝石
[INFO] [001] 2024-12-09 15:42:30 地下城
[INFO] [001] 2024-12-09 15:44:00 罗马竞技场
[INFO] [001] 2024-12-09 15:46:09 领取任务奖励
[INFO] [001] 2024-12-09 15:46:34 领取邮件
[INFO] [001] 2024-12-09 15:46:44 领取背包物品
[INFO] [001] 2024-12-09 15:46:53 领AFK奖励
[INFO] [001] 2024-12-09 15:47:04 放置Toyz
[INFO] [001] 2024-12-09 15:53:32 领每日免费宝石
[INFO] [001] 2024-12-09 15:53:35 地下城
[INFO] [001] 2024-12-09 15:55:01 罗马竞技场
[INFO] [001] 2024-12-09 15:57:15 领取任务奖励
[INFO] [001] 2024-12-09 15:57:39 领取邮件
[INFO] [001] 2024-12-09 15:57:52 领取背包物品
[INFO] [001] 2024-12-09 15:58:02 领AFK奖励
[INFO] [001] 2024-12-09 15:58:13 放置Toyz
[INFO] [001] 2024-12-09 16:04:43 领每日免费宝石
[INFO] [001] 2024-12-09 16:04:47 地下城
[INFO] [001] 2024-12-09 16:06:12 罗马竞技场
[INFO] [001] 2024-12-09 16:16:00 领每日免费宝石
[INFO] [001] 2024-12-09 16:16:13 地下城
[INFO] [001] 2024-12-09 16:17:11 罗马竞技场
[INFO] [001] 2024-12-09 16:17:25 领取任务奖励
[INFO] [001] 2024-12-09 16:17:50 领取邮件
[INFO] [001] 2024-12-09 16:18:00 领取背包物品
[INFO] [001] 2024-12-09 16:18:43 领AFK奖励
[INFO] [001] 2024-12-09 16:18:54 放置Toyz
[INFO] [001] 2024-12-09 16:40:06 领每日免费宝石
[INFO] [001] 2024-12-09 16:40:17 地下城
[INFO] [001] 2024-12-09 16:41:55 罗马竞技场
[INFO] [001] 2024-12-09 16:42:08 领取任务奖励
[INFO] [001] 2024-12-09 16:42:33 领取邮件
[INFO] [001] 2024-12-09 16:42:43 领取背包物品
[INFO] [001] 2024-12-09 16:42:52 领AFK奖励
[INFO] [001] 2024-12-09 16:43:03 放置Toyz
[INFO] [001] 2024-12-10 04:18:33 领AFK奖励
[INFO] [001] 2024-12-10 04:18:44 放置Toyz
[INFO] [001] 2024-12-10 06:06:49 网络错误
[INFO] [001] 2024-12-10 17:19:35 地下城
[INFO] [001] 2024-12-10 17:23:20 地下城
[INFO] [001] 2024-12-10 18:15:02 地下城
[INFO] [001] 2024-12-10 20:58:54 领每日免费宝石
[INFO] [001] 2024-12-10 20:59:09 地下城
[INFO] [001] 2024-12-10 21:00:00 罗马竞技场
[INFO] [001] 2024-12-10 21:03:21 地下城
[INFO] [001] 2024-12-10 21:05:33 领每日免费宝石
[INFO] [001] 2024-12-10 21:05:42 地下城
[INFO] [001] 2024-12-10 21:06:13 罗马竞技场
[INFO] [001] 2024-12-10 21:08:22 领取任务奖励
[INFO] [001] 2024-12-10 21:08:47 领取邮件
[INFO] [001] 2024-12-10 21:08:59 领取背包物品
[INFO] [001] 2024-12-10 21:09:08 领AFK奖励
[INFO] [001] 2024-12-10 21:09:19 放置Toyz
[INFO] [001] 2024-12-10 23:10:01 放置Toyz
[INFO] [001] 2024-12-11 01:11:01 放置Toyz
[INFO] [001] 2024-12-11 02:11:16 领AFK奖励
[INFO] [001] 2024-12-11 03:11:25 放置Toyz
[INFO] [001] 2024-12-11 05:16:56 放置Toyz
[INFO] [001] 2024-12-11 07:11:36 领AFK奖励
[INFO] [001] 2024-12-11 07:17:18 放置Toyz
[INFO] [001] 2024-12-11 09:12:01 领取任务奖励
[INFO] [001] 2024-12-11 09:12:25 领取邮件
[INFO] [001] 2024-12-11 09:12:47 领取背包物品
[INFO] [001] 2024-12-11 09:20:38 放置Toyz
[INFO] [001] 2024-12-11 11:06:34 领取任务奖励
[INFO] [001] 2024-12-11 11:06:59 领取邮件
[INFO] [001] 2024-12-11 11:07:23 领取背包物品
[INFO] [001] 2024-12-11 11:07:39 领AFK奖励
[INFO] [001] 2024-12-11 11:07:54 放置Toyz
[INFO] [001] 2024-12-11 11:17:35 领取任务奖励
[INFO] [001] 2024-12-11 11:18:00 领取邮件
[INFO] [001] 2024-12-11 11:18:22 领取背包物品
[INFO] [001] 2024-12-11 11:19:28 领AFK奖励
[INFO] [001] 2024-12-11 11:19:42 放置Toyz
[INFO] [001] 2024-12-11 16:50:27 地下城
[INFO] [001] 2024-12-11 16:53:45 领AFK奖励
[INFO] [001] 2024-12-11 16:54:01 放置Toyz
[INFO] [001] 2024-12-11 18:56:03 放置Toyz
[INFO] [001] 2024-12-11 21:00:08 放置Toyz
[INFO] [001] 2024-12-11 21:11:57 领每日免费宝石
[INFO] [001] 2024-12-11 21:12:12 地下城
[INFO] [001] 2024-12-11 21:12:35 罗马竞技场
[INFO] [001] 2024-12-11 21:46:18 罗马竞技场
[INFO] [001] 2024-12-11 21:56:32 领AFK奖励
[INFO] [001] 2024-12-12 00:32:42 领每日免费宝石
[INFO] [001] 2024-12-12 00:32:43 罗马竞技场
[INFO] [001] 2024-12-12 00:32:43 地下城
[INFO] [001] 2024-12-12 00:32:53 领取任务奖励
[INFO] [001] 2024-12-12 00:35:42 领取任务奖励
[INFO] [001] 2024-12-12 00:35:42 领取邮件
[INFO] [001] 2024-12-12 00:39:53 领取任务奖励
[INFO] [001] 2024-12-12 00:40:17 领取邮件
[INFO] [001] 2024-12-12 00:40:40 领取背包物品
[INFO] [001] 2024-12-12 00:41:28 领AFK奖励
[INFO] [001] 2024-12-12 00:41:43 放置Toyz
[INFO] [001] 2024-12-12 02:43:32 放置Toyz
[INFO] [001] 2024-12-12 04:49:23 放置Toyz
[INFO] [001] 2024-12-12 05:42:46 领AFK奖励
[INFO] [001] 2024-12-12 06:52:01 放置Toyz
[INFO] [001] 2024-12-12 08:54:37 放置Toyz
[INFO] [001] 2024-12-12 11:03:44 网络错误
[INFO] [001] 2024-12-12 16:47:34 游戏更新下载
[INFO] [001] 2024-12-12 16:49:27 游戏更新下载
[INFO] [001] 2024-12-12 16:51:20 游戏更新下载
[INFO] [001] 2024-12-12 17:00:00 领取任务奖励
[INFO] [001] 2024-12-12 17:00:25 领取邮件
[INFO] [001] 2024-12-12 17:00:47 领取背包物品
[INFO] [001] 2024-12-12 17:02:10 领AFK奖励
[INFO] [001] 2024-12-12 17:02:25 放置Toyz
[INFO] [001] 2024-12-12 17:48:53 网络错误
[INFO] [001] 2024-12-12 17:49:59 游戏维护
[INFO] [001] 2024-12-12 19:07:27 放置Toyz
[INFO] [001] 2024-12-12 20:14:30 网络错误
[INFO] [001] 2024-12-12 20:22:53 网络错误
[INFO] [001] 2024-12-12 21:37:06 放置Toyz
[INFO] [001] 2024-12-12 22:05:23 领AFK奖励
[INFO] [001] 2024-12-12 22:05:38 放置Toyz
[INFO] [001] 2024-12-12 22:59:03 领AFK奖励
[INFO] [001] 2024-12-12 22:59:17 放置Toyz
[INFO] [001] 2024-12-12 23:17:34 领AFK奖励
[INFO] [001] 2024-12-12 23:17:50 放置Toyz
[INFO] [001] 2024-12-13 00:36:25 领每日免费宝石
[INFO] [001] 2024-12-13 00:36:28 罗马竞技场
[INFO] [001] 2024-12-13 00:36:38 地下城
[INFO] [001] 2024-12-13 01:21:02 放置Toyz
[INFO] [001] 2024-12-13 03:23:49 网络错误
[INFO] [001] 2024-12-13 03:26:29 放置Toyz
[INFO] [001] 2024-12-13 04:22:40 领AFK奖励
[INFO] [001] 2024-12-13 05:07:02 领取任务奖励
[INFO] [001] 2024-12-13 05:07:27 领取邮件
[INFO] [001] 2024-12-13 05:07:47 领取背包物品
[INFO] [001] 2024-12-13 05:31:07 放置Toyz
[INFO] [001] 2024-12-13 05:44:09 领每日免费宝石
[INFO] [001] 2024-12-13 05:44:25 罗马竞技场
[INFO] [001] 2024-12-13 05:47:07 地下城
[INFO] [001] 2024-12-13 05:48:34 领取任务奖励
[INFO] [001] 2024-12-13 05:48:58 领取邮件
[INFO] [001] 2024-12-13 05:49:19 领取背包物品
[INFO] [001] 2024-12-13 05:50:17 领AFK奖励
[INFO] [001] 2024-12-13 05:50:31 放置Toyz
[INFO] [001] 2024-12-13 07:35:18 领每日免费宝石
[INFO] [001] 2024-12-13 07:35:24 罗马竞技场
[INFO] [001] 2024-12-13 07:40:13 地下城
[INFO] [001] 2024-12-13 07:41:48 领取任务奖励
[INFO] [001] 2024-12-13 07:42:13 领取邮件
[INFO] [001] 2024-12-13 07:42:34 领取背包物品
[INFO] [001] 2024-12-13 07:43:19 领AFK奖励
[INFO] [001] 2024-12-13 07:43:33 放置Toyz
[INFO] [001] 2024-12-13 09:48:47 放置Toyz
[INFO] [001] 2024-12-13 11:59:02 放置Toyz
[INFO] [001] 2024-12-13 12:52:59 领AFK奖励
[INFO] [001] 2024-12-13 14:07:45 放置Toyz
[INFO] [001] 2024-12-13 16:15:57 放置Toyz
[INFO] [001] 2024-12-13 18:02:25 领AFK奖励
[INFO] [001] 2024-12-13 18:23:58 放置Toyz
[INFO] [001] 2024-12-13 19:49:09 领取任务奖励
[INFO] [001] 2024-12-13 19:49:34 领取邮件
[INFO] [001] 2024-12-13 19:49:43 领取背包物品
[INFO] [001] 2024-12-13 20:32:34 放置Toyz
[INFO] [001] 2024-12-13 22:40:21 放置Toyz
[INFO] [001] 2024-12-14 00:23:58 领AFK奖励
[INFO] [001] 2024-12-14 00:41:55 领AFK奖励
[INFO] [001] 2024-12-14 00:42:12 放置Toyz
[INFO] [001] 2024-12-14 02:50:39 放置Toyz
[INFO] [001] 2024-12-14 05:01:49 放置Toyz
[INFO] [001] 2024-12-14 05:47:24 领AFK奖励
[INFO] [001] 2024-12-14 07:06:05 放置Toyz
[INFO] [001] 2024-12-14 07:51:01 领每日免费宝石
[INFO] [001] 2024-12-14 07:51:16 罗马竞技场
[INFO] [001] 2024-12-14 07:52:49 地下城
[INFO] [001] 2024-12-14 07:54:45 领取任务奖励
[INFO] [001] 2024-12-14 07:55:10 领取邮件
[INFO] [001] 2024-12-14 07:55:35 领取背包物品
[INFO] [001] 2024-12-14 09:16:43 放置Toyz
