[INFO] [002] 2024-12-09 09:08:36 领每日免费宝石
[INFO] [002] 2024-12-09 09:08:39 地下城
[INFO] [002] 2024-12-09 09:10:27 领取任务奖励
[INFO] [002] 2024-12-09 09:43:08 网络错误
[INFO] [002] 2024-12-09 11:27:35 放置Toyz
[INFO] [002] 2024-12-09 13:35:26 地下城
[INFO] [002] 2024-12-09 13:38:48 地下城
[INFO] [002] 2024-12-09 13:51:43 地下城
[INFO] [002] 2024-12-09 14:16:19 放置Toyz
[INFO] [002] 2024-12-09 14:23:49 放置Toyz
[INFO] [002] 2024-12-09 14:30:50 放置Toyz
[INFO] [002] 2024-12-09 14:38:10 放置Toyz
[INFO] [002] 2024-12-09 14:44:32 放置Toyz
[INFO] [002] 2024-12-09 14:50:46 放置Toyz
[INFO] [002] 2024-12-09 14:56:57 放置Toyz
[INFO] [002] 2024-12-09 15:04:48 放置Toyz
[INFO] [002] 2024-12-09 15:11:51 放置Toyz
[INFO] [002] 2024-12-09 15:18:06 放置Toyz
[INFO] [002] 2024-12-09 15:24:17 放置Toyz
[INFO] [002] 2024-12-09 15:30:30 放置Toyz
[INFO] [002] 2024-12-09 15:37:17 放置Toyz
[INFO] [002] 2024-12-09 15:43:42 放置Toyz
[INFO] [002] 2024-12-09 15:49:53 放置Toyz
[INFO] [002] 2024-12-09 15:56:20 放置Toyz
[INFO] [002] 2024-12-09 16:02:31 放置Toyz
[INFO] [002] 2024-12-09 16:08:41 放置Toyz
[INFO] [002] 2024-12-09 16:11:12 放置Toyz
[INFO] [002] 2024-12-09 16:17:25 放置Toyz
[INFO] [002] 2024-12-09 16:30:19 放置Toyz
[INFO] [002] 2024-12-10 04:18:11 领取任务奖励
[INFO] [002] 2024-12-10 04:18:11 领取邮件
[INFO] [002] 2024-12-10 04:18:19 领取背包物品
[INFO] [002] 2024-12-10 04:18:22 领AFK奖励
[INFO] [002] 2024-12-10 04:18:22 放置Toyz
[INFO] [002] 2024-12-10 06:06:58 网络错误
[INFO] [002] 2024-12-10 12:33:02 领每日免费宝石
[INFO] [002] 2024-12-10 12:33:17 地下城
[INFO] [002] 2024-12-10 12:35:25 罗马竞技场
[INFO] [002] 2024-12-10 12:39:49 地下城
[INFO] [002] 2024-12-10 12:44:59 地下城
[INFO] [002] 2024-12-10 13:11:14 领每日免费宝石
[INFO] [002] 2024-12-10 13:11:15 地下城
[INFO] [002] 2024-12-10 13:12:29 罗马竞技场
[INFO] [002] 2024-12-10 13:12:29 领取任务奖励
[INFO] [002] 2024-12-10 13:12:29 领取邮件
[INFO] [002] 2024-12-10 13:12:36 领取背包物品
[INFO] [002] 2024-12-10 13:12:39 领AFK奖励
[INFO] [002] 2024-12-10 13:12:40 放置Toyz
[INFO] [002] 2024-12-10 14:59:10 游戏维护
[INFO] [002] 2024-12-10 16:39:46 地下城
[INFO] [002] 2024-12-10 16:41:53 地下城
[INFO] [002] 2024-12-10 16:45:43 地下城
[INFO] [002] 2024-12-10 16:49:00 地下城
[INFO] [002] 2024-12-10 20:59:09 领AFK奖励
[INFO] [002] 2024-12-10 20:59:20 放置Toyz
[INFO] [002] 2024-12-10 23:04:47 放置Toyz
[INFO] [002] 2024-12-10 23:10:40 游戏更新下载
[INFO] [002] 2024-12-10 23:21:14 游戏更新下载
[INFO] [002] 2024-12-10 23:22:32 游戏更新下载
[INFO] [002] 2024-12-10 23:23:51 游戏更新下载
[INFO] [002] 2024-12-10 23:25:09 游戏更新下载
[INFO] [002] 2024-12-10 23:26:30 游戏更新下载
[INFO] [002] 2024-12-10 23:27:50 游戏更新下载
[INFO] [002] 2024-12-10 23:29:08 游戏更新下载
[INFO] [002] 2024-12-10 23:30:26 游戏更新下载
[INFO] [002] 2024-12-10 23:31:46 游戏更新下载
[INFO] [002] 2024-12-10 23:33:05 游戏更新下载
[INFO] [002] 2024-12-10 23:34:25 游戏更新下载
[INFO] [002] 2024-12-10 23:35:44 游戏更新下载
[INFO] [002] 2024-12-10 23:37:05 游戏更新下载
[INFO] [002] 2024-12-10 23:38:23 游戏更新下载
[INFO] [002] 2024-12-10 23:39:44 游戏更新下载
[INFO] [002] 2024-12-10 23:47:16 游戏更新下载
[INFO] [002] 2024-12-10 23:48:34 游戏更新下载
[INFO] [002] 2024-12-10 23:49:53 游戏更新下载
[INFO] [002] 2024-12-10 23:51:12 游戏更新下载
[INFO] [002] 2024-12-10 23:52:32 游戏更新下载
[INFO] [002] 2024-12-10 23:53:52 游戏更新下载
[INFO] [002] 2024-12-10 23:55:10 游戏更新下载
[INFO] [002] 2024-12-10 23:56:28 游戏更新下载
[INFO] [002] 2024-12-10 23:57:46 游戏更新下载
[INFO] [002] 2024-12-10 23:59:04 游戏更新下载
[INFO] [002] 2024-12-11 00:00:23 游戏更新下载
[INFO] [002] 2024-12-11 00:01:44 游戏更新下载
[INFO] [002] 2024-12-11 00:03:02 游戏更新下载
[INFO] [002] 2024-12-11 00:04:21 游戏更新下载
[INFO] [002] 2024-12-11 00:05:39 游戏更新下载
[INFO] [002] 2024-12-11 00:13:16 游戏更新下载
[INFO] [002] 2024-12-11 00:14:34 游戏更新下载
[INFO] [002] 2024-12-11 00:15:52 游戏更新下载
[INFO] [002] 2024-12-11 00:17:10 游戏更新下载
[INFO] [002] 2024-12-11 00:18:29 游戏更新下载
[INFO] [002] 2024-12-11 00:19:47 游戏更新下载
[INFO] [002] 2024-12-11 00:21:05 游戏更新下载
[INFO] [002] 2024-12-11 00:22:23 游戏更新下载
[INFO] [002] 2024-12-11 00:23:41 游戏更新下载
[INFO] [002] 2024-12-11 00:24:59 游戏更新下载
[INFO] [002] 2024-12-11 00:26:17 游戏更新下载
[INFO] [002] 2024-12-11 00:27:36 游戏更新下载
[INFO] [002] 2024-12-11 00:28:54 游戏更新下载
[INFO] [002] 2024-12-11 00:30:12 游戏更新下载
[INFO] [002] 2024-12-11 00:31:32 游戏更新下载
[INFO] [002] 2024-12-11 00:39:04 游戏更新下载
[INFO] [002] 2024-12-11 00:40:23 游戏更新下载
[INFO] [002] 2024-12-11 00:41:43 游戏更新下载
[INFO] [002] 2024-12-11 00:43:01 游戏更新下载
[INFO] [002] 2024-12-11 00:44:19 游戏更新下载
[INFO] [002] 2024-12-11 00:45:37 游戏更新下载
[INFO] [002] 2024-12-11 00:46:56 游戏更新下载
[INFO] [002] 2024-12-11 00:48:14 游戏更新下载
[INFO] [002] 2024-12-11 00:49:34 游戏更新下载
[INFO] [002] 2024-12-11 00:50:52 游戏更新下载
[INFO] [002] 2024-12-11 00:52:10 游戏更新下载
[INFO] [002] 2024-12-11 00:53:28 游戏更新下载
[INFO] [002] 2024-12-11 00:54:47 游戏更新下载
[INFO] [002] 2024-12-11 00:56:05 游戏更新下载
[INFO] [002] 2024-12-11 00:57:23 游戏更新下载
[INFO] [002] 2024-12-11 01:04:57 游戏更新下载
[INFO] [002] 2024-12-11 01:06:15 游戏更新下载
[INFO] [002] 2024-12-11 01:07:34 游戏更新下载
[INFO] [002] 2024-12-11 01:08:58 游戏更新下载
[INFO] [002] 2024-12-11 01:10:16 游戏更新下载
[INFO] [002] 2024-12-11 01:11:34 游戏更新下载
[INFO] [002] 2024-12-11 01:12:52 游戏更新下载
[INFO] [002] 2024-12-11 01:14:21 游戏更新下载
[INFO] [002] 2024-12-11 01:15:39 游戏更新下载
[INFO] [002] 2024-12-11 01:16:57 游戏更新下载
[INFO] [002] 2024-12-11 01:18:15 游戏更新下载
[INFO] [002] 2024-12-11 01:19:33 游戏更新下载
[INFO] [002] 2024-12-11 01:20:51 游戏更新下载
[INFO] [002] 2024-12-11 01:22:11 游戏更新下载
[INFO] [002] 2024-12-11 01:23:31 游戏更新下载
[INFO] [002] 2024-12-11 11:11:48 领取任务奖励
[INFO] [002] 2024-12-11 11:11:48 领取邮件
[INFO] [002] 2024-12-11 11:11:57 领取背包物品
[INFO] [002] 2024-12-11 11:12:04 领AFK奖励
[INFO] [002] 2024-12-11 11:12:07 放置Toyz
[INFO] [002] 2024-12-11 11:17:10 游戏更新下载
[INFO] [002] 2024-12-11 11:35:41 领取任务奖励
[INFO] [002] 2024-12-11 11:36:06 领取邮件
[INFO] [002] 2024-12-11 11:36:29 领取背包物品
[INFO] [002] 2024-12-11 11:38:23 领AFK奖励
[INFO] [002] 2024-12-11 11:38:37 放置Toyz
[INFO] [002] 2024-12-11 13:31:12 领每日免费宝石
[INFO] [002] 2024-12-11 13:31:26 地下城
[INFO] [002] 2024-12-11 13:32:24 罗马竞技场
[INFO] [002] 2024-12-11 13:32:48 放置Toyz
[INFO] [002] 2024-12-11 15:33:48 放置Toyz
[INFO] [002] 2024-12-11 16:40:15 领AFK奖励
[INFO] [002] 2024-12-11 17:37:33 放置Toyz
[INFO] [002] 2024-12-11 19:41:10 放置Toyz
[INFO] [002] 2024-12-11 21:42:21 领AFK奖励
[INFO] [002] 2024-12-11 21:42:35 放置Toyz
[INFO] [002] 2024-12-11 21:50:58 罗马竞技场
[INFO] [002] 2024-12-12 01:49:11 领取任务奖励
[INFO] [002] 2024-12-12 01:49:35 领取邮件
[INFO] [002] 2024-12-12 01:49:58 领取背包物品
[INFO] [002] 2024-12-12 01:50:43 领AFK奖励
[INFO] [002] 2024-12-12 01:50:58 放置Toyz
[INFO] [002] 2024-12-12 03:58:14 放置Toyz
[INFO] [002] 2024-12-12 06:01:09 放置Toyz
[INFO] [002] 2024-12-12 06:54:32 领AFK奖励
[INFO] [002] 2024-12-12 08:03:46 放置Toyz
[INFO] [002] 2024-12-12 10:06:20 放置Toyz
[INFO] [002] 2024-12-12 11:25:20 网络错误
[INFO] [002] 2024-12-12 11:26:27 游戏维护
[INFO] [002] 2024-12-12 16:28:57 领每日免费宝石
[INFO] [002] 2024-12-12 16:29:11 地下城
[INFO] [002] 2024-12-12 16:29:33 领取任务奖励
[INFO] [002] 2024-12-12 16:29:58 领取邮件
[INFO] [002] 2024-12-12 16:30:19 领取背包物品
[INFO] [002] 2024-12-12 17:47:24 网络错误
[INFO] [002] 2024-12-12 17:48:31 游戏维护
[INFO] [002] 2024-12-12 21:37:50 领AFK奖励
[INFO] [002] 2024-12-12 21:38:10 放置Toyz
[INFO] [002] 2024-12-12 22:05:33 领AFK奖励
[INFO] [002] 2024-12-12 22:05:53 放置Toyz
[INFO] [002] 2024-12-12 22:59:13 领AFK奖励
[INFO] [002] 2024-12-12 22:59:30 放置Toyz
[INFO] [002] 2024-12-13 01:07:54 放置Toyz
[INFO] [002] 2024-12-13 03:10:17 放置Toyz
[INFO] [002] 2024-12-13 03:32:02 网络错误
[INFO] [002] 2024-12-13 04:08:02 领AFK奖励
[INFO] [002] 2024-12-13 04:41:29 领取任务奖励
[INFO] [002] 2024-12-13 04:41:54 领取邮件
[INFO] [002] 2024-12-13 04:42:02 领取背包物品
[INFO] [002] 2024-12-13 05:15:53 放置Toyz
[INFO] [002] 2024-12-13 05:44:12 领取任务奖励
[INFO] [002] 2024-12-13 05:44:37 领取邮件
[INFO] [002] 2024-12-13 05:44:58 领取背包物品
[INFO] [002] 2024-12-13 05:47:18 领AFK奖励
[INFO] [002] 2024-12-13 05:47:33 放置Toyz
[INFO] [002] 2024-12-13 08:10:11 地下城
[INFO] [002] 2024-12-13 08:13:35 地下城
[INFO] [002] 2024-12-13 08:34:58 领取任务奖励
[INFO] [002] 2024-12-13 08:35:23 领取邮件
[INFO] [002] 2024-12-13 08:35:47 领取背包物品
[INFO] [002] 2024-12-13 08:36:37 领AFK奖励
[INFO] [002] 2024-12-13 08:36:52 放置Toyz
[INFO] [002] 2024-12-13 08:48:03 网络错误
[INFO] [002] 2024-12-13 10:42:11 放置Toyz
[INFO] [002] 2024-12-13 12:45:52 放置Toyz
[INFO] [002] 2024-12-13 13:42:09 领AFK奖励
[INFO] [002] 2024-12-13 14:49:14 放置Toyz
[INFO] [002] 2024-12-13 16:29:55 领每日免费宝石
[INFO] [002] 2024-12-13 16:30:09 罗马竞技场
[INFO] [002] 2024-12-13 16:30:09 地下城
[INFO] [002] 2024-12-13 17:02:04 放置Toyz
[INFO] [002] 2024-12-13 18:53:07 领AFK奖励
[INFO] [002] 2024-12-13 19:05:22 放置Toyz
[INFO] [002] 2024-12-13 20:43:40 领取任务奖励
[INFO] [002] 2024-12-13 20:43:40 领取邮件
[INFO] [002] 2024-12-13 20:43:46 领取背包物品
[INFO] [002] 2024-12-13 21:08:33 放置Toyz
[INFO] [002] 2024-12-13 23:50:11 网络错误
[INFO] [002] 2024-12-13 23:54:31 领每日免费宝石
[INFO] [002] 2024-12-13 23:54:46 罗马竞技场
[INFO] [002] 2024-12-13 23:54:46 地下城
[INFO] [002] 2024-12-14 00:13:38 领取任务奖励
[INFO] [002] 2024-12-14 00:14:03 领取邮件
[INFO] [002] 2024-12-14 00:14:11 领取背包物品
[INFO] [002] 2024-12-14 00:14:51 领AFK奖励
[INFO] [002] 2024-12-14 00:15:05 放置Toyz
[INFO] [002] 2024-12-14 00:21:04 领每日免费宝石
[INFO] [002] 2024-12-14 00:21:20 罗马竞技场
[INFO] [002] 2024-12-14 00:21:20 地下城
[INFO] [002] 2024-12-14 00:28:40 领取任务奖励
[INFO] [002] 2024-12-14 00:29:05 领取邮件
[INFO] [002] 2024-12-14 00:29:28 领取背包物品
[INFO] [002] 2024-12-14 00:30:32 领AFK奖励
[INFO] [002] 2024-12-14 00:30:47 放置Toyz
[INFO] [002] 2024-12-14 00:42:58 领每日免费宝石
[INFO] [002] 2024-12-14 00:43:11 罗马竞技场
[INFO] [002] 2024-12-14 00:44:38 地下城
[INFO] [002] 2024-12-14 00:45:09 领取任务奖励
[INFO] [002] 2024-12-14 00:45:34 领取邮件
[INFO] [002] 2024-12-14 00:45:59 领取背包物品
[INFO] [002] 2024-12-14 00:46:43 领AFK奖励
[INFO] [002] 2024-12-14 00:46:58 放置Toyz
[INFO] [002] 2024-12-14 02:49:59 放置Toyz
[INFO] [002] 2024-12-14 03:53:05 领每日免费宝石
[INFO] [002] 2024-12-14 03:54:43 领每日免费宝石
[INFO] [002] 2024-12-14 03:54:57 罗马竞技场
[INFO] [002] 2024-12-14 03:56:21 地下城
[INFO] [002] 2024-12-14 03:56:56 领取任务奖励
[INFO] [002] 2024-12-14 03:57:21 领取邮件
[INFO] [002] 2024-12-14 03:57:46 领取背包物品
[INFO] [002] 2024-12-14 03:58:16 领AFK奖励
[INFO] [002] 2024-12-14 03:58:31 放置Toyz
[INFO] [002] 2024-12-14 06:01:22 放置Toyz
[INFO] [002] 2024-12-14 08:05:08 放置Toyz
[INFO] [002] 2024-12-14 09:01:41 领AFK奖励
