[INFO] [003] 2024-12-09 09:14:05 游戏更新下载
[INFO] [003] 2024-12-09 09:16:24 领每日免费宝石
[INFO] [003] 2024-12-09 09:16:39 领取任务奖励
[INFO] [003] 2024-12-09 09:17:04 领取邮件
[INFO] [003] 2024-12-09 09:17:27 领取背包物品
[INFO] [003] 2024-12-09 09:42:55 网络错误
[INFO] [003] 2024-12-09 22:33:49 领取任务奖励
[INFO] [003] 2024-12-09 22:34:14 领取邮件
[INFO] [003] 2024-12-09 22:34:25 领取背包物品
[INFO] [003] 2024-12-09 22:34:29 开始新手指导任务
[INFO] [003] 2024-12-09 22:37:46 开始新手指导任务
[INFO] [003] 2024-12-10 00:05:16 开始新手指导任务
[INFO] [003] 2024-12-10 00:16:28 开始新手指导任务
[INFO] [003] 2024-12-10 00:21:51 开始新手指导任务
[INFO] [003] 2024-12-10 00:28:05 开始新手指导任务
[INFO] [003] 2024-12-10 00:34:14 开始新手指导任务
[INFO] [003] 2024-12-10 00:40:23 开始新手指导任务
[INFO] [003] 2024-12-10 00:46:32 开始新手指导任务
[INFO] [003] 2024-12-10 00:52:12 开始新手指导任务
[INFO] [003] 2024-12-10 00:57:34 开始新手指导任务
[INFO] [003] 2024-12-10 01:03:00 开始新手指导任务
[INFO] [003] 2024-12-10 01:09:17 开始新手指导任务
[INFO] [003] 2024-12-10 01:15:27 开始新手指导任务
[INFO] [003] 2024-12-10 01:21:37 开始新手指导任务
[INFO] [003] 2024-12-10 01:27:48 开始新手指导任务
[INFO] [003] 2024-12-10 01:34:09 开始新手指导任务
[INFO] [003] 2024-12-10 01:39:35 开始新手指导任务
[INFO] [003] 2024-12-10 01:44:58 开始新手指导任务
[INFO] [003] 2024-12-10 01:50:25 开始新手指导任务
[INFO] [003] 2024-12-10 01:55:52 开始新手指导任务
[INFO] [003] 2024-12-10 02:02:08 开始新手指导任务
[INFO] [003] 2024-12-10 02:08:18 开始新手指导任务
[INFO] [003] 2024-12-10 02:14:28 开始新手指导任务
[INFO] [003] 2024-12-10 02:19:52 开始新手指导任务
[INFO] [003] 2024-12-10 02:44:41 开始新手指导任务
[INFO] [003] 2024-12-10 03:38:10 开始新手指导任务
[INFO] [003] 2024-12-10 03:57:59 开始新手指导任务
[INFO] [003] 2024-12-10 05:21:01 开始新手指导任务
[INFO] [003] 2024-12-10 05:29:15 开始新手指导任务
[INFO] [003] 2024-12-10 05:38:47 开始新手指导任务
[INFO] [003] 2024-12-10 05:42:48 开始新手指导任务
[INFO] [003] 2024-12-10 05:48:22 开始新手指导任务
[INFO] [003] 2024-12-10 05:53:53 开始新手指导任务
[INFO] [003] 2024-12-10 05:55:18 开始新手指导任务
[INFO] [003] 2024-12-10 05:55:51 开始新手指导任务
[INFO] [003] 2024-12-10 05:56:33 开始新手指导任务
[INFO] [003] 2024-12-10 06:06:01 开始新手指导任务
[INFO] [003] 2024-12-10 06:07:02 开始新手指导任务
[INFO] [003] 2024-12-10 06:26:16 开始新手指导任务
[INFO] [003] 2024-12-10 06:35:29 开始新手指导任务
[INFO] [003] 2024-12-10 06:43:19 开始新手指导任务
[INFO] [003] 2024-12-10 06:51:09 开始新手指导任务
[INFO] [003] 2024-12-10 07:01:57 开始新手指导任务
[INFO] [003] 2024-12-10 07:10:16 开始新手指导任务
[INFO] [003] 2024-12-10 07:18:16 开始新手指导任务
[INFO] [003] 2024-12-10 07:26:17 开始新手指导任务
[INFO] [003] 2024-12-10 07:34:23 开始新手指导任务
[INFO] [003] 2024-12-10 07:42:13 开始新手指导任务
[INFO] [003] 2024-12-10 07:50:17 开始新手指导任务
[INFO] [003] 2024-12-10 07:58:26 开始新手指导任务
[INFO] [003] 2024-12-10 08:06:19 开始新手指导任务
[INFO] [003] 2024-12-10 08:14:19 开始新手指导任务
[INFO] [003] 2024-12-10 08:22:41 开始新手指导任务
[INFO] [003] 2024-12-10 08:30:30 开始新手指导任务
[INFO] [003] 2024-12-10 08:38:28 开始新手指导任务
[INFO] [003] 2024-12-10 08:46:46 开始新手指导任务
[INFO] [003] 2024-12-10 08:52:57 开始新手指导任务
[INFO] [003] 2024-12-10 08:56:36 领AFK奖励
[INFO] [003] 2024-12-10 08:56:36 放置Toyz
[INFO] [003] 2024-12-10 09:00:17 开始新手指导任务
[INFO] [003] 2024-12-10 09:00:55 开始新手指导任务
[INFO] [003] 2024-12-10 09:07:47 网络错误
[INFO] [003] 2024-12-10 09:09:04 开始新手指导任务
[INFO] [003] 2024-12-10 09:16:10 开始新手指导任务
[INFO] [003] 2024-12-10 09:19:41 领每日免费宝石
[INFO] [003] 2024-12-10 09:24:58 开始新手指导任务
[INFO] [003] 2024-12-10 09:28:55 开始新手指导任务
[INFO] [003] 2024-12-10 09:29:31 开始新手指导任务
[INFO] [003] 2024-12-10 09:35:48 开始新手指导任务
[INFO] [003] 2024-12-10 09:44:27 开始新手指导任务
[INFO] [003] 2024-12-10 09:51:02 开始新手指导任务
[INFO] [003] 2024-12-10 09:59:06 开始新手指导任务
[INFO] [003] 2024-12-10 10:06:18 开始新手指导任务
[INFO] [003] 2024-12-10 10:14:49 开始新手指导任务
[INFO] [003] 2024-12-10 10:23:55 开始新手指导任务
[INFO] [003] 2024-12-10 10:31:55 开始新手指导任务
[INFO] [003] 2024-12-10 10:38:56 开始新手指导任务
[INFO] [003] 2024-12-10 10:42:03 领取任务奖励
[INFO] [003] 2024-12-10 10:42:28 领取邮件
[INFO] [003] 2024-12-10 10:42:51 领取背包物品
[INFO] [003] 2024-12-10 10:47:56 开始新手指导任务
[INFO] [003] 2024-12-10 10:54:33 开始新手指导任务
[INFO] [003] 2024-12-10 11:00:02 开始新手指导任务
[INFO] [003] 2024-12-10 11:05:40 开始新手指导任务
[INFO] [003] 2024-12-10 11:21:45 开始新手指导任务
[INFO] [003] 2024-12-10 11:23:56 领取任务奖励
[INFO] [003] 2024-12-10 11:24:21 领取邮件
[INFO] [003] 2024-12-10 11:24:42 领取背包物品
[INFO] [003] 2024-12-10 11:29:48 开始新手指导任务
[INFO] [003] 2024-12-10 11:30:57 开始新手指导任务
[INFO] [003] 2024-12-10 11:39:20 开始新手指导任务
[INFO] [003] 2024-12-10 11:47:02 开始新手指导任务
[INFO] [003] 2024-12-10 11:54:34 开始新手指导任务
[INFO] [003] 2024-12-10 17:05:16 地下城
[INFO] [003] 2024-12-10 17:11:36 地下城
[INFO] [003] 2024-12-10 17:15:29 地下城
[INFO] [003] 2024-12-10 18:16:24 开始新手指导任务
[INFO] [003] 2024-12-10 20:58:14 开始新手指导任务
[INFO] [003] 2024-12-10 21:05:04 开始新手指导任务
[INFO] [003] 2024-12-10 21:11:03 开始新手指导任务
[INFO] [003] 2024-12-10 21:16:44 开始新手指导任务
[INFO] [003] 2024-12-10 21:22:14 开始新手指导任务
[INFO] [003] 2024-12-10 21:27:48 开始新手指导任务
[INFO] [003] 2024-12-10 21:31:07 游戏更新下载
[INFO] [003] 2024-12-10 21:32:19 开始新手指导任务
[INFO] [003] 2024-12-10 21:39:19 开始新手指导任务
[INFO] [003] 2024-12-10 21:46:40 开始新手指导任务
[INFO] [003] 2024-12-10 21:52:24 开始新手指导任务
[INFO] [003] 2024-12-10 21:59:14 开始新手指导任务
[INFO] [003] 2024-12-10 22:09:13 开始新手指导任务
[INFO] [003] 2024-12-10 22:18:14 开始新手指导任务
[INFO] [003] 2024-12-10 22:26:00 开始新手指导任务
[INFO] [003] 2024-12-10 22:34:11 开始新手指导任务
[INFO] [003] 2024-12-10 22:42:48 开始新手指导任务
[INFO] [003] 2024-12-10 22:50:14 开始新手指导任务
[INFO] [003] 2024-12-10 22:55:46 开始新手指导任务
[INFO] [003] 2024-12-10 23:02:10 开始新手指导任务
[INFO] [003] 2024-12-10 23:11:41 开始新手指导任务
[INFO] [003] 2024-12-10 23:20:27 开始新手指导任务
[INFO] [003] 2024-12-10 23:25:56 开始新手指导任务
[INFO] [003] 2024-12-10 23:26:31 领取任务奖励
[INFO] [003] 2024-12-10 23:26:56 领取邮件
[INFO] [003] 2024-12-10 23:27:17 领取背包物品
[INFO] [003] 2024-12-10 23:34:14 开始新手指导任务
[INFO] [003] 2024-12-10 23:42:04 开始新手指导任务
[INFO] [003] 2024-12-10 23:49:46 开始新手指导任务
[INFO] [003] 2024-12-10 23:58:54 开始新手指导任务
[INFO] [003] 2024-12-11 00:07:52 开始新手指导任务
[INFO] [003] 2024-12-11 00:16:19 开始新手指导任务
[INFO] [003] 2024-12-11 00:22:51 开始新手指导任务
[INFO] [003] 2024-12-11 00:30:27 开始新手指导任务
[INFO] [003] 2024-12-11 00:37:31 开始新手指导任务
[INFO] [003] 2024-12-11 00:43:02 开始新手指导任务
[INFO] [003] 2024-12-11 00:52:30 开始新手指导任务
[INFO] [003] 2024-12-11 00:59:33 开始新手指导任务
[INFO] [003] 2024-12-11 01:06:19 开始新手指导任务
[INFO] [003] 2024-12-11 01:13:55 开始新手指导任务
[INFO] [003] 2024-12-11 01:19:33 开始新手指导任务
[INFO] [003] 2024-12-11 01:25:01 开始新手指导任务
[INFO] [003] 2024-12-11 01:34:56 开始新手指导任务
[INFO] [003] 2024-12-11 01:41:46 开始新手指导任务
[INFO] [003] 2024-12-11 01:48:08 开始新手指导任务
[INFO] [003] 2024-12-11 01:56:40 开始新手指导任务
[INFO] [003] 2024-12-11 02:04:05 开始新手指导任务
[INFO] [003] 2024-12-11 02:11:29 开始新手指导任务
[INFO] [003] 2024-12-11 02:18:49 开始新手指导任务
[INFO] [003] 2024-12-11 02:24:17 开始新手指导任务
[INFO] [003] 2024-12-11 02:31:40 开始新手指导任务
[INFO] [003] 2024-12-11 02:37:08 开始新手指导任务
[INFO] [003] 2024-12-11 02:42:38 开始新手指导任务
[INFO] [003] 2024-12-11 02:49:49 开始新手指导任务
[INFO] [003] 2024-12-11 02:55:16 开始新手指导任务
[INFO] [003] 2024-12-11 03:04:42 开始新手指导任务
[INFO] [003] 2024-12-11 03:11:32 开始新手指导任务
[INFO] [003] 2024-12-11 03:19:22 开始新手指导任务
[INFO] [003] 2024-12-11 03:29:33 开始新手指导任务
[INFO] [003] 2024-12-11 03:37:57 开始新手指导任务
[INFO] [003] 2024-12-11 03:44:14 开始新手指导任务
[INFO] [003] 2024-12-11 03:49:49 开始新手指导任务
[INFO] [003] 2024-12-11 03:55:16 开始新手指导任务
[INFO] [003] 2024-12-11 04:00:43 开始新手指导任务
[INFO] [003] 2024-12-11 04:08:08 开始新手指导任务
[INFO] [003] 2024-12-11 04:13:36 开始新手指导任务
[INFO] [003] 2024-12-11 04:19:10 开始新手指导任务
[INFO] [003] 2024-12-11 04:24:37 开始新手指导任务
[INFO] [003] 2024-12-11 04:31:19 开始新手指导任务
[INFO] [003] 2024-12-11 04:37:59 开始新手指导任务
[INFO] [003] 2024-12-11 04:45:31 开始新手指导任务
[INFO] [003] 2024-12-11 04:51:49 开始新手指导任务
[INFO] [003] 2024-12-11 05:00:17 开始新手指导任务
[INFO] [003] 2024-12-11 05:08:32 开始新手指导任务
[INFO] [003] 2024-12-11 05:15:18 开始新手指导任务
[INFO] [003] 2024-12-11 05:22:44 开始新手指导任务
[INFO] [003] 2024-12-11 05:30:01 开始新手指导任务
[INFO] [003] 2024-12-11 05:35:31 开始新手指导任务
[INFO] [003] 2024-12-11 05:43:44 开始新手指导任务
[INFO] [003] 2024-12-11 05:51:10 开始新手指导任务
[INFO] [003] 2024-12-11 05:56:37 开始新手指导任务
[INFO] [003] 2024-12-11 06:02:10 开始新手指导任务
[INFO] [003] 2024-12-11 06:09:41 开始新手指导任务
[INFO] [003] 2024-12-11 06:15:09 开始新手指导任务
[INFO] [003] 2024-12-11 06:22:04 开始新手指导任务
[INFO] [003] 2024-12-11 06:28:23 开始新手指导任务
[INFO] [003] 2024-12-11 06:37:10 开始新手指导任务
[INFO] [003] 2024-12-11 06:43:29 开始新手指导任务
[INFO] [003] 2024-12-11 06:49:46 开始新手指导任务
[INFO] [003] 2024-12-11 06:56:03 开始新手指导任务
[INFO] [003] 2024-12-11 07:04:44 开始新手指导任务
[INFO] [003] 2024-12-11 07:10:10 开始新手指导任务
[INFO] [003] 2024-12-11 07:15:38 开始新手指导任务
[INFO] [003] 2024-12-11 07:24:08 开始新手指导任务
[INFO] [003] 2024-12-11 07:32:55 开始新手指导任务
[INFO] [003] 2024-12-11 07:40:19 开始新手指导任务
[INFO] [003] 2024-12-11 07:45:50 开始新手指导任务
[INFO] [003] 2024-12-11 07:51:21 开始新手指导任务
[INFO] [003] 2024-12-11 07:58:49 开始新手指导任务
[INFO] [003] 2024-12-11 08:04:17 开始新手指导任务
[INFO] [003] 2024-12-11 08:09:44 开始新手指导任务
[INFO] [003] 2024-12-11 08:18:32 开始新手指导任务
[INFO] [003] 2024-12-11 08:25:12 开始新手指导任务
[INFO] [003] 2024-12-11 08:33:00 开始新手指导任务
[INFO] [003] 2024-12-11 08:39:19 开始新手指导任务
[INFO] [003] 2024-12-11 08:44:50 开始新手指导任务
[INFO] [003] 2024-12-11 08:50:19 开始新手指导任务
[INFO] [003] 2024-12-11 08:57:43 开始新手指导任务
[INFO] [003] 2024-12-11 09:04:38 开始新手指导任务
[INFO] [003] 2024-12-11 09:13:34 开始新手指导任务
[INFO] [003] 2024-12-11 09:21:28 开始新手指导任务
[INFO] [003] 2024-12-11 09:23:08 领每日免费宝石
[INFO] [003] 2024-12-11 09:23:22 地下城
[INFO] [003] 2024-12-11 09:30:27 开始新手指导任务
[INFO] [003] 2024-12-11 09:37:42 开始新手指导任务
[INFO] [003] 2024-12-11 09:43:09 开始新手指导任务
[INFO] [003] 2024-12-11 09:50:30 开始新手指导任务
[INFO] [003] 2024-12-11 09:58:25 开始新手指导任务
[INFO] [003] 2024-12-11 10:03:54 开始新手指导任务
[INFO] [003] 2024-12-11 11:06:10 开始新手指导任务
[INFO] [003] 2024-12-11 11:17:15 开始新手指导任务
[INFO] [003] 2024-12-11 11:23:14 开始新手指导任务
[INFO] [003] 2024-12-11 11:31:19 开始新手指导任务
[INFO] [003] 2024-12-11 11:33:45 开始新手指导任务
[INFO] [003] 2024-12-11 11:36:19 领取任务奖励
[INFO] [003] 2024-12-11 11:36:44 领取邮件
[INFO] [003] 2024-12-11 11:37:07 领取背包物品
[INFO] [003] 2024-12-11 13:30:31 开始新手指导任务
[INFO] [003] 2024-12-11 13:36:24 领取任务奖励
[INFO] [003] 2024-12-11 13:36:48 领取邮件
[INFO] [003] 2024-12-11 13:37:11 领取背包物品
[INFO] [003] 2024-12-11 13:42:34 开始新手指导任务
[INFO] [003] 2024-12-11 13:48:02 开始新手指导任务
[INFO] [003] 2024-12-11 13:55:04 开始新手指导任务
[INFO] [003] 2024-12-11 14:02:34 开始新手指导任务
[INFO] [003] 2024-12-11 14:09:59 开始新手指导任务
[INFO] [003] 2024-12-11 14:17:01 开始新手指导任务
[INFO] [003] 2024-12-11 14:24:43 开始新手指导任务
[INFO] [003] 2024-12-11 14:31:03 开始新手指导任务
[INFO] [003] 2024-12-11 14:39:58 开始新手指导任务
[INFO] [003] 2024-12-11 14:48:11 开始新手指导任务
[INFO] [003] 2024-12-11 14:56:54 开始新手指导任务
[INFO] [003] 2024-12-11 15:05:08 开始新手指导任务
[INFO] [003] 2024-12-11 15:11:26 开始新手指导任务
[INFO] [003] 2024-12-11 15:18:46 开始新手指导任务
[INFO] [003] 2024-12-11 15:25:49 开始新手指导任务
[INFO] [003] 2024-12-11 15:32:54 开始新手指导任务
[INFO] [003] 2024-12-11 15:41:00 开始新手指导任务
[INFO] [003] 2024-12-11 15:50:17 开始新手指导任务
[INFO] [003] 2024-12-11 15:58:42 开始新手指导任务
[INFO] [003] 2024-12-11 16:09:53 开始新手指导任务
[INFO] [003] 2024-12-11 16:15:23 开始新手指导任务
[INFO] [003] 2024-12-11 16:24:37 开始新手指导任务
[INFO] [003] 2024-12-11 16:30:14 开始新手指导任务
[INFO] [003] 2024-12-11 16:36:47 开始新手指导任务
[INFO] [003] 2024-12-11 16:52:45 开始新手指导任务
[INFO] [003] 2024-12-11 16:56:51 领取任务奖励
[INFO] [003] 2024-12-11 16:57:16 领取邮件
[INFO] [003] 2024-12-11 16:57:39 领取背包物品
[INFO] [003] 2024-12-11 16:57:51 领AFK奖励
[INFO] [003] 2024-12-11 16:58:06 放置Toyz
[INFO] [003] 2024-12-11 17:04:05 开始新手指导任务
[INFO] [003] 2024-12-11 17:11:54 开始新手指导任务
[INFO] [003] 2024-12-11 17:19:25 开始新手指导任务
[INFO] [003] 2024-12-11 17:26:58 开始新手指导任务
[INFO] [003] 2024-12-11 17:33:58 开始新手指导任务
[INFO] [003] 2024-12-11 17:47:24 开始新手指导任务
[INFO] [003] 2024-12-11 18:00:44 开始新手指导任务
[INFO] [003] 2024-12-11 18:09:57 开始新手指导任务
[INFO] [003] 2024-12-11 18:17:36 开始新手指导任务
[INFO] [003] 2024-12-11 18:25:53 开始新手指导任务
[INFO] [003] 2024-12-11 18:32:12 开始新手指导任务
[INFO] [003] 2024-12-11 18:38:29 开始新手指导任务
[INFO] [003] 2024-12-11 18:44:40 开始新手指导任务
[INFO] [003] 2024-12-11 18:50:14 开始新手指导任务
[INFO] [003] 2024-12-11 18:55:47 开始新手指导任务
[INFO] [003] 2024-12-11 19:01:35 开始新手指导任务
[INFO] [003] 2024-12-11 19:02:04 放置Toyz
[INFO] [003] 2024-12-11 19:07:20 开始新手指导任务
[INFO] [003] 2024-12-11 19:12:47 开始新手指导任务
[INFO] [003] 2024-12-11 19:18:18 开始新手指导任务
[INFO] [003] 2024-12-11 19:23:51 开始新手指导任务
[INFO] [003] 2024-12-11 19:29:24 开始新手指导任务
[INFO] [003] 2024-12-11 19:34:59 开始新手指导任务
[INFO] [003] 2024-12-11 19:40:29 开始新手指导任务
[INFO] [003] 2024-12-11 19:45:58 开始新手指导任务
[INFO] [003] 2024-12-11 19:51:29 开始新手指导任务
[INFO] [003] 2024-12-11 19:56:56 开始新手指导任务
[INFO] [003] 2024-12-11 20:02:27 开始新手指导任务
[INFO] [003] 2024-12-11 20:08:00 开始新手指导任务
[INFO] [003] 2024-12-11 20:13:30 开始新手指导任务
[INFO] [003] 2024-12-11 20:19:01 开始新手指导任务
[INFO] [003] 2024-12-11 20:24:32 开始新手指导任务
[INFO] [003] 2024-12-11 20:30:03 开始新手指导任务
[INFO] [003] 2024-12-11 20:35:34 开始新手指导任务
[INFO] [003] 2024-12-11 20:41:04 开始新手指导任务
[INFO] [003] 2024-12-11 20:46:43 开始新手指导任务
[INFO] [003] 2024-12-11 20:52:14 开始新手指导任务
[INFO] [003] 2024-12-11 20:57:44 开始新手指导任务
[INFO] [003] 2024-12-11 21:03:16 开始新手指导任务
[INFO] [003] 2024-12-11 21:03:53 放置Toyz
[INFO] [003] 2024-12-11 21:09:39 开始新手指导任务
[INFO] [003] 2024-12-11 21:15:06 开始新手指导任务
[INFO] [003] 2024-12-11 21:20:37 开始新手指导任务
[INFO] [003] 2024-12-11 21:26:04 开始新手指导任务
[INFO] [003] 2024-12-11 21:31:36 开始新手指导任务
[INFO] [003] 2024-12-11 21:37:08 开始新手指导任务
[INFO] [003] 2024-12-11 21:42:41 开始新手指导任务
[INFO] [003] 2024-12-11 21:48:13 开始新手指导任务
[INFO] [003] 2024-12-11 21:53:45 开始新手指导任务
[INFO] [003] 2024-12-11 21:59:16 开始新手指导任务
[INFO] [003] 2024-12-11 22:01:09 领AFK奖励
[INFO] [003] 2024-12-11 22:06:26 开始新手指导任务
[INFO] [003] 2024-12-11 22:12:01 开始新手指导任务
[INFO] [003] 2024-12-11 22:17:30 开始新手指导任务
[INFO] [003] 2024-12-11 22:22:59 开始新手指导任务
[INFO] [003] 2024-12-11 22:29:34 开始新手指导任务
[INFO] [003] 2024-12-11 22:36:04 开始新手指导任务
[INFO] [003] 2024-12-11 22:42:25 开始新手指导任务
[INFO] [003] 2024-12-11 22:48:55 开始新手指导任务
[INFO] [003] 2024-12-11 22:56:03 开始新手指导任务
[INFO] [003] 2024-12-12 02:12:26 开始新手指导任务
[INFO] [003] 2024-12-12 02:17:46 放置Toyz
[INFO] [003] 2024-12-12 02:23:59 开始新手指导任务
[INFO] [003] 2024-12-12 02:32:08 开始新手指导任务
