[INFO] [004] 2024-12-09 22:50:38 开始新手指导任务
[INFO] [004] 2024-12-09 22:53:32 开始新手指导任务
[INFO] [004] 2024-12-09 22:57:05 开始新手指导任务
[INFO] [004] 2024-12-09 23:00:33 开始新手指导任务
[INFO] [004] 2024-12-09 23:01:31 开始新手指导任务
[INFO] [004] 2024-12-09 23:02:45 领每日免费宝石
[INFO] [004] 2024-12-09 23:03:00 领取任务奖励
[INFO] [004] 2024-12-09 23:03:24 领取邮件
[INFO] [004] 2024-12-09 23:03:45 领取背包物品
[INFO] [004] 2024-12-09 23:04:16 开始新手指导任务
[INFO] [004] 2024-12-09 23:19:22 开始新手指导任务
[INFO] [004] 2024-12-09 23:22:36 开始新手指导任务
[INFO] [004] 2024-12-09 23:24:21 开始新手指导任务
[INFO] [004] 2024-12-09 23:27:49 开始新手指导任务
[INFO] [004] 2024-12-09 23:34:09 开始新手指导任务
[INFO] [004] 2024-12-09 23:58:08 开始新手指导任务
[INFO] [004] 2024-12-10 00:05:06 开始新手指导任务
[INFO] [004] 2024-12-10 00:14:22 开始新手指导任务
[INFO] [004] 2024-12-10 00:19:51 开始新手指导任务
[INFO] [004] 2024-12-10 00:28:47 开始新手指导任务
[INFO] [004] 2024-12-10 00:35:00 开始新手指导任务
[INFO] [004] 2024-12-10 00:43:32 开始新手指导任务
[INFO] [004] 2024-12-10 00:51:56 开始新手指导任务
[INFO] [004] 2024-12-10 01:00:59 开始新手指导任务
[INFO] [004] 2024-12-10 01:09:01 开始新手指导任务
[INFO] [004] 2024-12-10 01:17:54 开始新手指导任务
[INFO] [004] 2024-12-10 01:24:07 开始新手指导任务
[INFO] [004] 2024-12-10 01:32:08 开始新手指导任务
[INFO] [004] 2024-12-10 01:41:04 开始新手指导任务
[INFO] [004] 2024-12-10 01:47:23 开始新手指导任务
[INFO] [004] 2024-12-10 01:55:37 开始新手指导任务
[INFO] [004] 2024-12-10 02:02:35 开始新手指导任务
[INFO] [004] 2024-12-10 02:10:47 开始新手指导任务
[INFO] [004] 2024-12-10 02:20:05 开始新手指导任务
[INFO] [004] 2024-12-10 02:44:51 开始新手指导任务
[INFO] [004] 2024-12-10 03:39:31 开始新手指导任务
[INFO] [004] 2024-12-10 03:46:22 开始新手指导任务
[INFO] [004] 2024-12-10 03:58:54 开始新手指导任务
[INFO] [004] 2024-12-10 04:33:02 开始新手指导任务
[INFO] [004] 2024-12-10 06:07:01 开始新手指导任务
[INFO] [004] 2024-12-10 06:12:41 开始新手指导任务
[INFO] [004] 2024-12-10 06:20:27 开始新手指导任务
[INFO] [004] 2024-12-10 06:23:05 开始新手指导任务
[INFO] [004] 2024-12-10 06:30:08 开始新手指导任务
[INFO] [004] 2024-12-10 06:39:25 开始新手指导任务
[INFO] [004] 2024-12-10 06:46:59 开始新手指导任务
[INFO] [004] 2024-12-10 07:02:52 开始新手指导任务
[INFO] [004] 2024-12-10 07:14:51 开始新手指导任务
[INFO] [004] 2024-12-10 07:26:48 开始新手指导任务
[INFO] [004] 2024-12-10 07:38:46 开始新手指导任务
[INFO] [004] 2024-12-10 07:50:48 开始新手指导任务
[INFO] [004] 2024-12-10 08:02:48 开始新手指导任务
[INFO] [004] 2024-12-10 08:14:37 开始新手指导任务
[INFO] [004] 2024-12-10 08:26:38 开始新手指导任务
[INFO] [004] 2024-12-10 08:38:31 开始新手指导任务
[INFO] [004] 2024-12-10 08:50:27 开始新手指导任务
[INFO] [004] 2024-12-10 08:51:41 开始新手指导任务
[INFO] [004] 2024-12-10 09:00:19 开始新手指导任务
[INFO] [004] 2024-12-10 09:29:33 开始新手指导任务
[INFO] [004] 2024-12-10 09:41:55 开始新手指导任务
[INFO] [004] 2024-12-10 09:55:54 开始新手指导任务
[INFO] [004] 2024-12-10 10:06:10 开始新手指导任务
[INFO] [004] 2024-12-10 10:16:46 开始新手指导任务
[INFO] [004] 2024-12-10 10:27:14 开始新手指导任务
[INFO] [004] 2024-12-10 10:37:37 开始新手指导任务
[INFO] [004] 2024-12-10 10:48:15 开始新手指导任务
[INFO] [004] 2024-12-10 10:58:44 开始新手指导任务
[INFO] [004] 2024-12-10 11:04:10 领取任务奖励
[INFO] [004] 2024-12-10 11:04:35 领取邮件
[INFO] [004] 2024-12-10 11:04:46 领取背包物品
[INFO] [004] 2024-12-10 11:09:13 开始新手指导任务
[INFO] [004] 2024-12-10 11:11:21 开始新手指导任务
[INFO] [004] 2024-12-10 11:21:23 开始新手指导任务
[INFO] [004] 2024-12-10 11:28:03 开始新手指导任务
[INFO] [004] 2024-12-10 11:30:57 开始新手指导任务
[INFO] [004] 2024-12-10 11:36:37 开始新手指导任务
[INFO] [004] 2024-12-10 11:45:31 开始新手指导任务
[INFO] [004] 2024-12-10 11:51:58 开始新手指导任务
[INFO] [004] 2024-12-10 11:58:05 开始新手指导任务
[INFO] [004] 2024-12-10 12:00:35 领取任务奖励
[INFO] [004] 2024-12-10 12:00:59 领取邮件
[INFO] [004] 2024-12-10 12:01:23 领取背包物品
[INFO] [004] 2024-12-10 12:04:44 开始新手指导任务
[INFO] [004] 2024-12-10 12:06:11 领取任务奖励
[INFO] [004] 2024-12-10 12:06:36 领取邮件
[INFO] [004] 2024-12-10 12:06:59 领取背包物品
[INFO] [004] 2024-12-10 16:49:51 地下城
[INFO] [004] 2024-12-10 16:57:17 地下城
[INFO] [004] 2024-12-10 17:01:52 地下城
[INFO] [004] 2024-12-10 18:16:39 开始新手指导任务
[INFO] [004] 2024-12-10 18:19:45 开始新手指导任务
[INFO] [004] 2024-12-10 18:22:12 开始新手指导任务
[INFO] [004] 2024-12-10 18:32:30 开始新手指导任务
[INFO] [004] 2024-12-10 18:38:51 开始新手指导任务
[INFO] [004] 2024-12-10 18:45:14 开始新手指导任务
[INFO] [004] 2024-12-10 18:50:43 开始新手指导任务
[INFO] [004] 2024-12-10 18:57:01 开始新手指导任务
[INFO] [004] 2024-12-10 19:03:35 开始新手指导任务
[INFO] [004] 2024-12-10 19:11:39 开始新手指导任务
[INFO] [004] 2024-12-10 19:17:38 开始新手指导任务
[INFO] [004] 2024-12-10 19:23:57 开始新手指导任务
[INFO] [004] 2024-12-10 19:30:40 开始新手指导任务
[INFO] [004] 2024-12-10 19:36:09 开始新手指导任务
[INFO] [004] 2024-12-10 19:41:36 开始新手指导任务
[INFO] [004] 2024-12-10 19:49:12 开始新手指导任务
[INFO] [004] 2024-12-10 19:55:31 开始新手指导任务
[INFO] [004] 2024-12-10 20:03:05 开始新手指导任务
[INFO] [004] 2024-12-10 20:08:34 开始新手指导任务
[INFO] [004] 2024-12-10 20:15:13 开始新手指导任务
[INFO] [004] 2024-12-10 20:20:47 开始新手指导任务
[INFO] [004] 2024-12-10 20:26:15 开始新手指导任务
[INFO] [004] 2024-12-10 20:33:24 开始新手指导任务
[INFO] [004] 2024-12-10 20:39:43 开始新手指导任务
[INFO] [004] 2024-12-10 20:47:11 开始新手指导任务
[INFO] [004] 2024-12-10 20:53:30 开始新手指导任务
[INFO] [004] 2024-12-10 20:58:16 开始新手指导任务
[INFO] [004] 2024-12-10 21:05:02 开始新手指导任务
[INFO] [004] 2024-12-10 21:10:54 开始新手指导任务
[INFO] [004] 2024-12-10 21:16:30 开始新手指导任务
[INFO] [004] 2024-12-10 21:23:28 游戏更新下载
[INFO] [004] 2024-12-10 21:24:40 开始新手指导任务
[INFO] [004] 2024-12-10 21:27:26 开始新手指导任务
[INFO] [004] 2024-12-10 21:30:20 开始新手指导任务
[INFO] [004] 2024-12-10 21:38:19 开始新手指导任务
[INFO] [004] 2024-12-10 21:45:17 开始新手指导任务
[INFO] [004] 2024-12-10 21:52:02 开始新手指导任务
[INFO] [004] 2024-12-10 21:58:49 开始新手指导任务
[INFO] [004] 2024-12-10 22:05:29 开始新手指导任务
[INFO] [004] 2024-12-10 22:12:35 开始新手指导任务
[INFO] [004] 2024-12-10 22:19:48 开始新手指导任务
[INFO] [004] 2024-12-10 22:26:48 开始新手指导任务
[INFO] [004] 2024-12-10 22:35:00 开始新手指导任务
[INFO] [004] 2024-12-10 22:43:02 开始新手指导任务
[INFO] [004] 2024-12-10 22:49:22 开始新手指导任务
[INFO] [004] 2024-12-10 22:56:49 开始新手指导任务
[INFO] [004] 2024-12-10 23:04:13 开始新手指导任务
[INFO] [004] 2024-12-10 23:06:50 领每日免费宝石
[INFO] [004] 2024-12-10 23:06:53 地下城
[INFO] [004] 2024-12-10 23:12:16 开始新手指导任务
[INFO] [004] 2024-12-10 23:19:17 开始新手指导任务
[INFO] [004] 2024-12-10 23:24:45 开始新手指导任务
[INFO] [004] 2024-12-10 23:31:37 开始新手指导任务
[INFO] [004] 2024-12-10 23:38:02 开始新手指导任务
[INFO] [004] 2024-12-10 23:45:48 开始新手指导任务
[INFO] [004] 2024-12-10 23:53:16 开始新手指导任务
[INFO] [004] 2024-12-10 23:59:35 开始新手指导任务
[INFO] [004] 2024-12-11 00:07:14 开始新手指导任务
[INFO] [004] 2024-12-11 00:08:40 领取任务奖励
[INFO] [004] 2024-12-11 00:09:04 领取邮件
[INFO] [004] 2024-12-11 00:09:27 领取背包物品
[INFO] [004] 2024-12-11 00:15:00 开始新手指导任务
[INFO] [004] 2024-12-11 00:22:39 开始新手指导任务
[INFO] [004] 2024-12-11 00:29:04 开始新手指导任务
[INFO] [004] 2024-12-11 00:34:38 开始新手指导任务
[INFO] [004] 2024-12-11 00:40:10 开始新手指导任务
[INFO] [004] 2024-12-11 00:47:46 开始新手指导任务
[INFO] [004] 2024-12-11 00:55:35 开始新手指导任务
[INFO] [004] 2024-12-11 01:01:52 开始新手指导任务
[INFO] [004] 2024-12-11 01:07:26 开始新手指导任务
[INFO] [004] 2024-12-11 01:13:53 开始新手指导任务
[INFO] [004] 2024-12-11 01:22:02 开始新手指导任务
[INFO] [004] 2024-12-11 01:29:14 开始新手指导任务
[INFO] [004] 2024-12-11 01:36:22 开始新手指导任务
[INFO] [004] 2024-12-11 01:42:44 开始新手指导任务
[INFO] [004] 2024-12-11 01:48:12 开始新手指导任务
[INFO] [004] 2024-12-11 01:53:43 开始新手指导任务
[INFO] [004] 2024-12-11 02:03:06 开始新手指导任务
[INFO] [004] 2024-12-11 02:08:33 开始新手指导任务
[INFO] [004] 2024-12-11 02:15:19 开始新手指导任务
[INFO] [004] 2024-12-11 02:21:39 开始新手指导任务
[INFO] [004] 2024-12-11 02:27:59 开始新手指导任务
[INFO] [004] 2024-12-11 02:34:30 开始新手指导任务
[INFO] [004] 2024-12-11 02:41:01 开始新手指导任务
[INFO] [004] 2024-12-11 02:48:08 开始新手指导任务
[INFO] [004] 2024-12-11 02:55:22 开始新手指导任务
[INFO] [004] 2024-12-11 03:02:06 开始新手指导任务
[INFO] [004] 2024-12-11 03:07:33 开始新手指导任务
[INFO] [004] 2024-12-11 03:13:50 开始新手指导任务
[INFO] [004] 2024-12-11 03:22:33 开始新手指导任务
[INFO] [004] 2024-12-11 03:30:04 开始新手指导任务
[INFO] [004] 2024-12-11 03:37:53 开始新手指导任务
[INFO] [004] 2024-12-11 03:45:23 开始新手指导任务
[INFO] [004] 2024-12-11 03:53:15 开始新手指导任务
[INFO] [004] 2024-12-11 04:00:03 开始新手指导任务
[INFO] [004] 2024-12-11 04:08:24 开始新手指导任务
[INFO] [004] 2024-12-11 04:14:49 开始新手指导任务
[INFO] [004] 2024-12-11 04:20:16 开始新手指导任务
[INFO] [004] 2024-12-11 04:26:54 开始新手指导任务
[INFO] [004] 2024-12-11 04:33:39 开始新手指导任务
[INFO] [004] 2024-12-11 04:39:10 开始新手指导任务
[INFO] [004] 2024-12-11 04:45:52 开始新手指导任务
[INFO] [004] 2024-12-11 04:53:39 开始新手指导任务
[INFO] [004] 2024-12-11 05:00:00 开始新手指导任务
[INFO] [004] 2024-12-11 05:08:59 开始新手指导任务
[INFO] [004] 2024-12-11 05:15:53 开始新手指导任务
[INFO] [004] 2024-12-11 05:22:40 开始新手指导任务
[INFO] [004] 2024-12-11 05:28:08 开始新手指导任务
[INFO] [004] 2024-12-11 05:36:08 开始新手指导任务
[INFO] [004] 2024-12-11 05:42:49 开始新手指导任务
[INFO] [004] 2024-12-11 05:49:31 开始新手指导任务
[INFO] [004] 2024-12-11 05:54:59 开始新手指导任务
[INFO] [004] 2024-12-11 06:01:23 开始新手指导任务
[INFO] [004] 2024-12-11 06:07:43 开始新手指导任务
[INFO] [004] 2024-12-11 06:13:12 开始新手指导任务
[INFO] [004] 2024-12-11 06:21:55 开始新手指导任务
[INFO] [004] 2024-12-11 06:29:45 开始新手指导任务
[INFO] [004] 2024-12-11 06:36:18 开始新手指导任务
[INFO] [004] 2024-12-11 06:44:10 开始新手指导任务
[INFO] [004] 2024-12-11 06:50:25 开始新手指导任务
[INFO] [004] 2024-12-11 06:57:23 开始新手指导任务
[INFO] [004] 2024-12-11 07:02:55 开始新手指导任务
[INFO] [004] 2024-12-11 07:08:22 开始新手指导任务
[INFO] [004] 2024-12-11 07:13:48 开始新手指导任务
[INFO] [004] 2024-12-11 07:57:04 开始新手指导任务
[INFO] [004] 2024-12-11 08:04:54 开始新手指导任务
[INFO] [004] 2024-12-11 08:13:34 开始新手指导任务
[INFO] [004] 2024-12-11 08:22:15 开始新手指导任务
[INFO] [004] 2024-12-11 08:29:53 开始新手指导任务
[INFO] [004] 2024-12-11 08:37:28 开始新手指导任务
[INFO] [004] 2024-12-11 08:45:02 开始新手指导任务
[INFO] [004] 2024-12-11 08:52:39 开始新手指导任务
[INFO] [004] 2024-12-11 09:00:09 开始新手指导任务
[INFO] [004] 2024-12-11 09:07:47 开始新手指导任务
[INFO] [004] 2024-12-11 09:15:24 开始新手指导任务
[INFO] [004] 2024-12-11 09:23:01 开始新手指导任务
[INFO] [004] 2024-12-11 09:30:38 开始新手指导任务
[INFO] [004] 2024-12-11 09:38:23 开始新手指导任务
[INFO] [004] 2024-12-11 09:46:00 开始新手指导任务
[INFO] [004] 2024-12-11 09:53:35 开始新手指导任务
[INFO] [004] 2024-12-11 10:01:09 开始新手指导任务
[INFO] [004] 2024-12-11 10:08:45 开始新手指导任务
[INFO] [004] 2024-12-11 11:08:27 开始新手指导任务
[INFO] [004] 2024-12-11 11:12:08 领每日免费宝石
[INFO] [004] 2024-12-11 11:12:12 地下城
[INFO] [004] 2024-12-11 11:12:34 领取任务奖励
[INFO] [004] 2024-12-11 11:12:59 领取邮件
[INFO] [004] 2024-12-11 11:13:22 领取背包物品
[INFO] [004] 2024-12-11 11:19:15 开始新手指导任务
[INFO] [004] 2024-12-11 11:23:14 开始新手指导任务
[INFO] [004] 2024-12-11 11:31:19 开始新手指导任务
[INFO] [004] 2024-12-11 11:33:45 开始新手指导任务
[INFO] [004] 2024-12-11 13:30:29 开始新手指导任务
[INFO] [004] 2024-12-11 13:40:31 开始新手指导任务
[INFO] [004] 2024-12-11 13:46:00 开始新手指导任务
[INFO] [004] 2024-12-11 13:51:28 开始新手指导任务
[INFO] [004] 2024-12-11 13:58:07 开始新手指导任务
[INFO] [004] 2024-12-11 14:03:35 开始新手指导任务
[INFO] [004] 2024-12-11 14:09:12 开始新手指导任务
[INFO] [004] 2024-12-11 14:15:51 开始新手指导任务
[INFO] [004] 2024-12-11 14:21:18 开始新手指导任务
[INFO] [004] 2024-12-11 14:27:58 开始新手指导任务
[INFO] [004] 2024-12-11 14:33:28 开始新手指导任务
[INFO] [004] 2024-12-11 14:41:50 开始新手指导任务
[INFO] [004] 2024-12-11 14:49:18 开始新手指导任务
[INFO] [004] 2024-12-11 14:55:50 开始新手指导任务
[INFO] [004] 2024-12-11 15:02:18 开始新手指导任务
[INFO] [004] 2024-12-11 15:09:47 开始新手指导任务
[INFO] [004] 2024-12-11 15:16:11 开始新手指导任务
[INFO] [004] 2024-12-11 15:23:14 开始新手指导任务
[INFO] [004] 2024-12-11 15:29:55 开始新手指导任务
[INFO] [004] 2024-12-11 15:35:23 开始新手指导任务
[INFO] [004] 2024-12-11 15:40:58 开始新手指导任务
[INFO] [004] 2024-12-11 15:47:59 开始新手指导任务
[INFO] [004] 2024-12-11 15:53:29 开始新手指导任务
[INFO] [004] 2024-12-11 16:01:05 开始新手指导任务
[INFO] [004] 2024-12-11 16:07:27 开始新手指导任务
[INFO] [004] 2024-12-11 16:15:17 开始新手指导任务
[INFO] [004] 2024-12-11 16:21:41 开始新手指导任务
[INFO] [004] 2024-12-11 16:27:59 开始新手指导任务
[INFO] [004] 2024-12-11 16:35:21 开始新手指导任务
[INFO] [004] 2024-12-11 16:53:02 开始新手指导任务
[INFO] [004] 2024-12-11 16:59:01 开始新手指导任务
[INFO] [004] 2024-12-11 17:04:29 开始新手指导任务
[INFO] [004] 2024-12-11 17:11:10 开始新手指导任务
[INFO] [004] 2024-12-11 17:16:39 开始新手指导任务
[INFO] [004] 2024-12-11 17:23:21 开始新手指导任务
[INFO] [004] 2024-12-11 17:31:16 开始新手指导任务
[INFO] [004] 2024-12-11 17:37:38 开始新手指导任务
[INFO] [004] 2024-12-11 17:44:04 开始新手指导任务
[INFO] [004] 2024-12-11 17:50:22 开始新手指导任务
[INFO] [004] 2024-12-11 17:56:49 开始新手指导任务
[INFO] [004] 2024-12-11 18:04:23 开始新手指导任务
[INFO] [004] 2024-12-11 18:10:41 开始新手指导任务
[INFO] [004] 2024-12-11 18:17:08 开始新手指导任务
[INFO] [004] 2024-12-11 18:24:18 开始新手指导任务
[INFO] [004] 2024-12-11 18:31:03 开始新手指导任务
[INFO] [004] 2024-12-11 18:37:26 开始新手指导任务
[INFO] [004] 2024-12-11 18:42:53 开始新手指导任务
[INFO] [004] 2024-12-11 18:49:16 开始新手指导任务
[INFO] [004] 2024-12-11 18:55:37 开始新手指导任务
[INFO] [004] 2024-12-11 19:02:12 开始新手指导任务
[INFO] [004] 2024-12-11 19:09:43 开始新手指导任务
[INFO] [004] 2024-12-11 19:16:03 开始新手指导任务
[INFO] [004] 2024-12-11 19:23:35 开始新手指导任务
[INFO] [004] 2024-12-11 19:30:14 开始新手指导任务
[INFO] [004] 2024-12-11 19:37:35 开始新手指导任务
[INFO] [004] 2024-12-11 19:43:08 开始新手指导任务
[INFO] [004] 2024-12-11 19:49:51 开始新手指导任务
[INFO] [004] 2024-12-11 19:55:19 开始新手指导任务
[INFO] [004] 2024-12-11 20:00:49 开始新手指导任务
[INFO] [004] 2024-12-11 20:10:11 开始新手指导任务
[INFO] [004] 2024-12-11 20:16:29 开始新手指导任务
[INFO] [004] 2024-12-11 20:24:18 开始新手指导任务
[INFO] [004] 2024-12-11 20:31:49 开始新手指导任务
[INFO] [004] 2024-12-11 20:39:47 开始新手指导任务
[INFO] [004] 2024-12-11 20:47:33 开始新手指导任务
[INFO] [004] 2024-12-11 20:53:50 开始新手指导任务
[INFO] [004] 2024-12-11 21:01:43 开始新手指导任务
[INFO] [004] 2024-12-11 21:09:20 开始新手指导任务
[INFO] [004] 2024-12-11 21:16:23 开始新手指导任务
[INFO] [004] 2024-12-11 21:21:52 开始新手指导任务
[INFO] [004] 2024-12-11 21:28:25 开始新手指导任务
[INFO] [004] 2024-12-11 21:35:00 开始新手指导任务
[INFO] [004] 2024-12-11 21:43:34 开始新手指导任务
[INFO] [004] 2024-12-11 21:49:03 开始新手指导任务
[INFO] [004] 2024-12-11 21:54:32 开始新手指导任务
[INFO] [004] 2024-12-11 22:00:04 开始新手指导任务
[INFO] [004] 2024-12-11 22:07:20 开始新手指导任务
[INFO] [004] 2024-12-11 22:14:02 开始新手指导任务
[INFO] [004] 2024-12-11 22:21:07 开始新手指导任务
[INFO] [004] 2024-12-11 22:29:29 开始新手指导任务
[INFO] [004] 2024-12-11 22:36:51 开始新手指导任务
[INFO] [004] 2024-12-11 22:44:19 开始新手指导任务
[INFO] [004] 2024-12-11 22:52:24 开始新手指导任务
[INFO] [004] 2024-12-12 01:56:30 开始新手指导任务
[INFO] [004] 2024-12-12 01:58:36 领取任务奖励
[INFO] [004] 2024-12-12 01:58:36 领取邮件
[INFO] [004] 2024-12-12 01:58:47 领取背包物品
[INFO] [004] 2024-12-12 02:01:08 开始新手指导任务
[INFO] [004] 2024-12-12 02:12:24 开始新手指导任务
[INFO] [004] 2024-12-12 02:19:54 开始新手指导任务
[INFO] [004] 2024-12-12 02:28:20 开始新手指导任务
[INFO] [004] 2024-12-12 02:37:04 开始新手指导任务
[INFO] [004] 2024-12-12 02:45:44 开始新手指导任务
[INFO] [004] 2024-12-12 02:54:43 开始新手指导任务
[INFO] [004] 2024-12-12 03:01:55 开始新手指导任务
[INFO] [004] 2024-12-12 03:11:22 开始新手指导任务
