[INFO] [005] 2025-01-07 09:29:58 放置Toyz
[INFO] [005] 2025-01-07 09:50:11 领AFK奖励
[INFO] [005] 2025-01-07 09:50:22 领取任务奖励
[INFO] [005] 2025-01-07 09:50:43 领取邮件
[INFO] [005] 2025-01-07 09:51:08 领取背包物品
[INFO] [005] 2025-01-07 09:51:43 放置Toyz
[INFO] [005] 2025-01-07 15:58:06 领每日免费宝石
[INFO] [005] 2025-01-07 15:58:27 罗马竞技场
[INFO] [005] 2025-01-07 15:58:27 单人地下城
[INFO] [005] 2025-01-07 15:59:49 领AFK奖励
[INFO] [005] 2025-01-07 15:59:49 领取任务奖励
[INFO] [005] 2025-01-07 15:59:49 领取邮件
[INFO] [005] 2025-01-07 16:00:07 领取背包物品
[INFO] [005] 2025-01-07 16:00:36 放置Toyz
[INFO] [005] 2025-01-07 16:22:34 领每日免费宝石
[INFO] [005] 2025-01-07 16:23:04 罗马竞技场
[INFO] [005] 2025-01-07 16:23:36 单人地下城
[INFO] [005] 2025-01-07 16:24:00 领AFK奖励
[INFO] [005] 2025-01-07 16:24:11 领取任务奖励
[INFO] [005] 2025-01-07 16:24:33 领取邮件
[INFO] [005] 2025-01-07 16:25:00 领取背包物品
[INFO] [005] 2025-01-07 16:26:24 放置Toyz
