[INFO] [006] 2025-01-07 08:21:44 单人地下城
[INFO] [006] 2025-01-07 08:43:40 放置Toyz
[INFO] [006] 2025-01-07 09:12:18 放置Toyz
[INFO] [006] 2025-01-07 09:31:06 领AFK奖励
[INFO] [006] 2025-01-07 09:31:17 领取任务奖励
[INFO] [006] 2025-01-07 09:31:39 领取邮件
[INFO] [006] 2025-01-07 09:32:01 领取背包物品
[INFO] [006] 2025-01-07 09:51:05 掉线
[INFO] [006] 2025-01-07 09:52:27 游戏维护
[INFO] [006] 2025-01-07 16:01:50 领每日免费宝石
[INFO] [006] 2025-01-07 16:02:23 罗马竞技场
[INFO] [006] 2025-01-07 16:02:55 单人地下城
[INFO] [006] 2025-01-07 16:03:52 领AFK奖励
[INFO] [006] 2025-01-07 16:04:03 领取任务奖励
[INFO] [006] 2025-01-07 16:04:24 领取邮件
[INFO] [006] 2025-01-07 16:04:48 领取背包物品
[INFO] [006] 2025-01-07 16:05:19 放置Toyz
[INFO] [006] 2025-01-08 08:45:09 罗马竞技场
[INFO] [006] 2025-01-08 08:45:40 单人地下城
[INFO] [006] 2025-01-08 08:46:01 领AFK奖励
[INFO] [006] 2025-01-08 08:46:12 领取任务奖励
[INFO] [006] 2025-01-08 08:46:33 领取邮件
[INFO] [006] 2025-01-08 08:46:56 领取背包物品
[INFO] [006] 2025-01-08 08:50:13 放置Toyz
[INFO] [006] 2025-01-08 11:00:56 放置Toyz
[INFO] [006] 2025-01-08 13:05:01 放置Toyz
[INFO] [006] 2025-01-09 16:19:27 领每周免费宝石
[INFO] [006] 2025-01-09 16:20:23 团队地下城
[INFO] [006] 2025-01-09 16:23:56 团队地下城
[INFO] [006] 2025-01-09 16:28:12 团队地下城
[INFO] [006] 2025-01-09 16:41:11 领每周免费宝石
[INFO] [006] 2025-01-09 16:42:05 团队地下城
[INFO] [006] 2025-01-09 16:42:42 领每日免费宝石
[INFO] [006] 2025-01-09 16:43:21 罗马竞技场
[INFO] [006] 2025-01-09 16:43:39 单人地下城
[INFO] [006] 2025-01-09 16:44:50 领AFK奖励
[INFO] [006] 2025-01-09 16:45:01 领取任务奖励
[INFO] [006] 2025-01-09 16:45:23 领取邮件
[INFO] [006] 2025-01-09 16:45:49 领取背包物品
[INFO] [006] 2025-01-09 16:46:30 放置Toyz
[INFO] [006] 2025-01-09 18:53:02 放置Toyz
[INFO] [006] 2025-01-09 22:11:37 领AFK奖励
[INFO] [006] 2025-01-09 22:11:48 领取任务奖励
[INFO] [006] 2025-01-09 22:12:10 领取邮件
[INFO] [006] 2025-01-09 22:12:20 领取背包物品
[INFO] [006] 2025-01-09 22:12:53 放置Toyz
[INFO] [006] 2025-01-09 22:14:41 领AFK奖励
[INFO] [006] 2025-01-09 22:14:52 领取任务奖励
[INFO] [006] 2025-01-09 22:15:14 领取邮件
[INFO] [006] 2025-01-09 22:15:24 领取背包物品
[INFO] [006] 2025-01-09 22:17:10 放置Toyz
[INFO] [006] 2025-01-09 22:52:58 领AFK奖励
[INFO] [006] 2025-01-09 22:53:09 领取任务奖励
[INFO] [006] 2025-01-09 22:53:31 领取邮件
[INFO] [006] 2025-01-09 22:53:44 领取背包物品
[INFO] [006] 2025-01-09 22:54:11 放置Toyz
[INFO] [006] 2025-01-09 22:54:30 领AFK奖励
[INFO] [006] 2025-01-09 22:54:41 领取任务奖励
[INFO] [006] 2025-01-09 22:55:03 领取邮件
[INFO] [006] 2025-01-09 22:55:15 领取背包物品
[INFO] [006] 2025-01-09 22:55:42 放置Toyz
[INFO] [006] 2025-01-09 23:03:31 放置Toyz
[INFO] [006] 2025-01-09 23:05:07 放置Toyz
[INFO] [006] 2025-01-09 23:06:09 放置Toyz
[INFO] [006] 2025-01-09 23:09:03 放置Toyz
[INFO] [006] 2025-01-09 23:34:58 领AFK奖励
[INFO] [006] 2025-01-09 23:35:09 领取任务奖励
[INFO] [006] 2025-01-09 23:35:31 领取邮件
[INFO] [006] 2025-01-09 23:35:41 领取背包物品
[INFO] [006] 2025-01-09 23:36:28 放置Toyz
[INFO] [006] 2025-01-09 23:36:55 领AFK奖励
[INFO] [006] 2025-01-09 23:37:06 领取任务奖励
[INFO] [006] 2025-01-09 23:37:28 领取邮件
[INFO] [006] 2025-01-09 23:37:38 领取背包物品
[INFO] [006] 2025-01-09 23:38:05 放置Toyz
[INFO] [006] 2025-01-09 23:49:43 领AFK奖励
[INFO] [006] 2025-01-09 23:49:43 领取任务奖励
[INFO] [006] 2025-01-09 23:49:44 领取邮件
[INFO] [006] 2025-01-09 23:49:52 领取背包物品
[INFO] [006] 2025-01-09 23:50:16 放置Toyz
[INFO] [006] 2025-01-09 23:50:37 领AFK奖励
[INFO] [006] 2025-01-09 23:50:37 领取任务奖励
[INFO] [006] 2025-01-09 23:50:37 领取邮件
[INFO] [006] 2025-01-09 23:50:45 领取背包物品
[INFO] [006] 2025-01-09 23:51:10 放置Toyz
[INFO] [006] 2025-01-10 00:02:53 领AFK奖励
[INFO] [006] 2025-01-10 00:02:53 领取任务奖励
[INFO] [006] 2025-01-10 00:02:53 领取邮件
[INFO] [006] 2025-01-10 00:03:02 领取背包物品
[INFO] [006] 2025-01-10 00:03:27 放置Toyz
[INFO] [006] 2025-01-10 00:03:48 领AFK奖励
[INFO] [006] 2025-01-10 00:03:48 领取任务奖励
[INFO] [006] 2025-01-10 00:03:48 领取邮件
[INFO] [006] 2025-01-10 00:04:02 领取背包物品
[INFO] [006] 2025-01-10 00:04:27 放置Toyz
[INFO] [006] 2025-01-10 00:16:14 领AFK奖励
[INFO] [006] 2025-01-10 00:16:14 领取任务奖励
[INFO] [006] 2025-01-10 00:16:14 领取邮件
[INFO] [006] 2025-01-10 00:16:30 领取背包物品
[INFO] [006] 2025-01-10 00:16:58 放置Toyz
[INFO] [006] 2025-01-10 00:17:30 领AFK奖励
[INFO] [006] 2025-01-10 00:17:31 领取任务奖励
[INFO] [006] 2025-01-10 00:17:31 领取邮件
[INFO] [006] 2025-01-10 00:17:52 领取背包物品
[INFO] [006] 2025-01-10 00:18:18 放置Toyz
[INFO] [006] 2025-01-10 00:30:04 领AFK奖励
[INFO] [006] 2025-01-10 00:30:04 领取任务奖励
[INFO] [006] 2025-01-10 00:30:04 领取邮件
[INFO] [006] 2025-01-10 00:30:17 领取背包物品
[INFO] [006] 2025-01-10 00:30:42 放置Toyz
[INFO] [006] 2025-01-10 00:31:02 领AFK奖励
[INFO] [006] 2025-01-10 00:31:02 领取任务奖励
[INFO] [006] 2025-01-10 00:31:02 领取邮件
[INFO] [006] 2025-01-10 00:31:10 领取背包物品
[INFO] [006] 2025-01-10 00:31:35 放置Toyz
[INFO] [006] 2025-01-10 00:43:10 领AFK奖励
[INFO] [006] 2025-01-10 00:43:10 领取任务奖励
[INFO] [006] 2025-01-10 00:43:10 领取邮件
[INFO] [006] 2025-01-10 00:43:18 领取背包物品
[INFO] [006] 2025-01-10 00:43:42 放置Toyz
[INFO] [006] 2025-01-10 00:44:05 领AFK奖励
[INFO] [006] 2025-01-10 00:44:05 领取任务奖励
[INFO] [006] 2025-01-10 00:44:05 领取邮件
[INFO] [006] 2025-01-10 00:44:14 领取背包物品
[INFO] [006] 2025-01-10 00:44:39 放置Toyz
[INFO] [006] 2025-01-10 00:56:10 领AFK奖励
[INFO] [006] 2025-01-10 00:56:10 领取任务奖励
[INFO] [006] 2025-01-10 00:56:10 领取邮件
[INFO] [006] 2025-01-10 00:56:22 领取背包物品
[INFO] [006] 2025-01-10 00:56:47 放置Toyz
[INFO] [006] 2025-01-10 00:57:13 领AFK奖励
[INFO] [006] 2025-01-10 00:57:13 领取任务奖励
[INFO] [006] 2025-01-10 00:57:13 领取邮件
[INFO] [006] 2025-01-10 00:57:26 领取背包物品
[INFO] [006] 2025-01-10 00:57:51 放置Toyz
[INFO] [006] 2025-01-10 01:09:18 领AFK奖励
[INFO] [006] 2025-01-10 01:09:19 领取任务奖励
[INFO] [006] 2025-01-10 01:09:19 领取邮件
[INFO] [006] 2025-01-10 01:09:27 领取背包物品
[INFO] [006] 2025-01-10 01:09:51 放置Toyz
[INFO] [006] 2025-01-10 01:10:14 领AFK奖励
[INFO] [006] 2025-01-10 01:10:14 领取任务奖励
[INFO] [006] 2025-01-10 01:10:14 领取邮件
[INFO] [006] 2025-01-10 01:10:22 领取背包物品
[INFO] [006] 2025-01-10 01:10:46 放置Toyz
[INFO] [006] 2025-01-10 01:22:23 领AFK奖励
[INFO] [006] 2025-01-10 01:22:23 领取任务奖励
[INFO] [006] 2025-01-10 01:22:23 领取邮件
[INFO] [006] 2025-01-10 01:22:36 领取背包物品
[INFO] [006] 2025-01-10 01:23:00 放置Toyz
[INFO] [006] 2025-01-10 01:23:27 领AFK奖励
[INFO] [006] 2025-01-10 01:23:27 领取任务奖励
[INFO] [006] 2025-01-10 01:23:27 领取邮件
[INFO] [006] 2025-01-10 01:23:41 领取背包物品
[INFO] [006] 2025-01-10 01:24:07 放置Toyz
[INFO] [006] 2025-01-10 01:35:45 领AFK奖励
[INFO] [006] 2025-01-10 01:35:45 领取任务奖励
[INFO] [006] 2025-01-10 01:35:46 领取邮件
[INFO] [006] 2025-01-10 01:36:00 领取背包物品
[INFO] [006] 2025-01-10 01:36:27 放置Toyz
[INFO] [006] 2025-01-10 01:36:49 领AFK奖励
[INFO] [006] 2025-01-10 01:36:49 领取任务奖励
[INFO] [006] 2025-01-10 01:36:50 领取邮件
[INFO] [006] 2025-01-10 01:37:02 领取背包物品
[INFO] [006] 2025-01-10 01:37:30 放置Toyz
[INFO] [006] 2025-01-10 01:49:01 领AFK奖励
[INFO] [006] 2025-01-10 01:49:01 领取任务奖励
[INFO] [006] 2025-01-10 01:49:01 领取邮件
[INFO] [006] 2025-01-10 01:49:14 领取背包物品
[INFO] [006] 2025-01-10 01:49:39 放置Toyz
[INFO] [006] 2025-01-10 01:50:01 领AFK奖励
[INFO] [006] 2025-01-10 01:50:01 领取任务奖励
[INFO] [006] 2025-01-10 01:50:01 领取邮件
[INFO] [006] 2025-01-10 01:50:09 领取背包物品
[INFO] [006] 2025-01-10 01:50:34 放置Toyz
[INFO] [006] 2025-01-10 02:02:03 领AFK奖励
[INFO] [006] 2025-01-10 02:02:03 领取任务奖励
[INFO] [006] 2025-01-10 02:02:04 领取邮件
[INFO] [006] 2025-01-10 02:02:12 领取背包物品
[INFO] [006] 2025-01-10 02:02:36 放置Toyz
[INFO] [006] 2025-01-10 02:02:56 领AFK奖励
[INFO] [006] 2025-01-10 02:02:56 领取任务奖励
[INFO] [006] 2025-01-10 02:02:56 领取邮件
[INFO] [006] 2025-01-10 02:03:07 领取背包物品
[INFO] [006] 2025-01-10 02:03:33 放置Toyz
[INFO] [006] 2025-01-10 02:15:15 领AFK奖励
[INFO] [006] 2025-01-10 02:15:15 领取任务奖励
[INFO] [006] 2025-01-10 02:15:15 领取邮件
[INFO] [006] 2025-01-10 02:15:28 领取背包物品
[INFO] [006] 2025-01-10 02:15:52 放置Toyz
[INFO] [006] 2025-01-10 02:16:17 领AFK奖励
[INFO] [006] 2025-01-10 02:16:17 领取任务奖励
[INFO] [006] 2025-01-10 02:16:17 领取邮件
[INFO] [006] 2025-01-10 02:16:31 领取背包物品
[INFO] [006] 2025-01-10 02:16:59 放置Toyz
[INFO] [006] 2025-01-10 02:28:48 领AFK奖励
[INFO] [006] 2025-01-10 02:28:48 领取任务奖励
[INFO] [006] 2025-01-10 02:28:48 领取邮件
[INFO] [006] 2025-01-10 02:29:04 领取背包物品
[INFO] [006] 2025-01-10 02:29:30 放置Toyz
[INFO] [006] 2025-01-10 02:30:06 领AFK奖励
[INFO] [006] 2025-01-10 02:30:07 领取任务奖励
[INFO] [006] 2025-01-10 02:30:07 领取邮件
[INFO] [006] 2025-01-10 02:30:17 领取背包物品
[INFO] [006] 2025-01-10 02:30:42 放置Toyz
[INFO] [006] 2025-01-10 02:42:20 领AFK奖励
[INFO] [006] 2025-01-10 02:42:20 领取任务奖励
[INFO] [006] 2025-01-10 02:42:20 领取邮件
[INFO] [006] 2025-01-10 02:42:34 领取背包物品
[INFO] [006] 2025-01-10 02:43:00 放置Toyz
[INFO] [006] 2025-01-10 02:43:29 领AFK奖励
[INFO] [006] 2025-01-10 02:43:30 领取任务奖励
[INFO] [006] 2025-01-10 02:43:30 领取邮件
[INFO] [006] 2025-01-10 02:43:55 领取背包物品
[INFO] [006] 2025-01-10 02:44:23 放置Toyz
[INFO] [006] 2025-01-10 02:55:50 领AFK奖励
[INFO] [006] 2025-01-10 02:55:50 领取任务奖励
[INFO] [006] 2025-01-10 02:55:50 领取邮件
[INFO] [006] 2025-01-10 02:56:01 领取背包物品
[INFO] [006] 2025-01-10 02:56:26 放置Toyz
[INFO] [006] 2025-01-10 02:56:49 领AFK奖励
[INFO] [006] 2025-01-10 02:56:49 领取任务奖励
[INFO] [006] 2025-01-10 02:56:49 领取邮件
[INFO] [006] 2025-01-10 02:56:58 领取背包物品
[INFO] [006] 2025-01-10 02:57:22 放置Toyz
[INFO] [006] 2025-01-10 03:08:44 领AFK奖励
[INFO] [006] 2025-01-10 03:08:44 领取任务奖励
[INFO] [006] 2025-01-10 03:08:45 领取邮件
[INFO] [006] 2025-01-10 03:08:54 领取背包物品
[INFO] [006] 2025-01-10 03:09:20 放置Toyz
[INFO] [006] 2025-01-10 03:09:42 领AFK奖励
[INFO] [006] 2025-01-10 03:09:42 领取任务奖励
[INFO] [006] 2025-01-10 03:09:42 领取邮件
[INFO] [006] 2025-01-10 03:09:50 领取背包物品
[INFO] [006] 2025-01-10 03:10:14 放置Toyz
[INFO] [006] 2025-01-10 03:22:34 领AFK奖励
[INFO] [006] 2025-01-10 03:22:34 领取任务奖励
[INFO] [006] 2025-01-10 03:22:34 领取邮件
[INFO] [006] 2025-01-10 03:22:50 领取背包物品
[INFO] [006] 2025-01-10 03:23:16 放置Toyz
[INFO] [006] 2025-01-10 03:23:44 领AFK奖励
[INFO] [006] 2025-01-10 03:23:44 领取任务奖励
[INFO] [006] 2025-01-10 03:23:44 领取邮件
[INFO] [006] 2025-01-10 03:23:53 领取背包物品
[INFO] [006] 2025-01-10 03:24:17 放置Toyz
[INFO] [006] 2025-01-10 03:35:57 领AFK奖励
[INFO] [006] 2025-01-10 03:35:57 领取任务奖励
[INFO] [006] 2025-01-10 03:35:57 领取邮件
[INFO] [006] 2025-01-10 03:36:07 领取背包物品
[INFO] [006] 2025-01-10 03:36:33 放置Toyz
[INFO] [006] 2025-01-10 03:37:05 领AFK奖励
[INFO] [006] 2025-01-10 03:37:05 领取任务奖励
[INFO] [006] 2025-01-10 03:37:05 领取邮件
[INFO] [006] 2025-01-10 03:37:23 领取背包物品
[INFO] [006] 2025-01-10 03:37:51 放置Toyz
[INFO] [006] 2025-01-10 03:49:24 领AFK奖励
[INFO] [006] 2025-01-10 03:49:25 领取任务奖励
[INFO] [006] 2025-01-10 03:49:25 领取邮件
[INFO] [006] 2025-01-10 03:49:33 领取背包物品
[INFO] [006] 2025-01-10 03:49:57 放置Toyz
[INFO] [006] 2025-01-10 03:50:20 领AFK奖励
[INFO] [006] 2025-01-10 03:50:20 领取任务奖励
[INFO] [006] 2025-01-10 03:50:21 领取邮件
[INFO] [006] 2025-01-10 03:50:29 领取背包物品
[INFO] [006] 2025-01-10 03:50:53 放置Toyz
[INFO] [006] 2025-01-10 04:02:21 领AFK奖励
[INFO] [006] 2025-01-10 04:02:22 领取任务奖励
[INFO] [006] 2025-01-10 04:02:22 领取邮件
[INFO] [006] 2025-01-10 04:02:34 领取背包物品
[INFO] [006] 2025-01-10 04:02:58 放置Toyz
[INFO] [006] 2025-01-10 04:03:22 领AFK奖励
[INFO] [006] 2025-01-10 04:03:22 领取任务奖励
[INFO] [006] 2025-01-10 04:03:22 领取邮件
[INFO] [006] 2025-01-10 04:03:30 领取背包物品
[INFO] [006] 2025-01-10 04:03:55 放置Toyz
[INFO] [006] 2025-01-10 04:15:18 领AFK奖励
[INFO] [006] 2025-01-10 04:15:18 领取任务奖励
[INFO] [006] 2025-01-10 04:15:18 领取邮件
[INFO] [006] 2025-01-10 04:15:33 领取背包物品
[INFO] [006] 2025-01-10 04:15:59 放置Toyz
[INFO] [006] 2025-01-10 04:16:25 领AFK奖励
[INFO] [006] 2025-01-10 04:16:25 领取任务奖励
[INFO] [006] 2025-01-10 04:16:25 领取邮件
[INFO] [006] 2025-01-10 04:16:37 领取背包物品
[INFO] [006] 2025-01-10 04:17:02 放置Toyz
[INFO] [006] 2025-01-10 04:28:27 领AFK奖励
[INFO] [006] 2025-01-10 04:28:27 领取任务奖励
[INFO] [006] 2025-01-10 04:28:27 领取邮件
[INFO] [006] 2025-01-10 04:28:38 领取背包物品
[INFO] [006] 2025-01-10 04:29:02 放置Toyz
[INFO] [006] 2025-01-10 04:29:28 领AFK奖励
[INFO] [006] 2025-01-10 04:29:28 领取任务奖励
[INFO] [006] 2025-01-10 04:29:28 领取邮件
[INFO] [006] 2025-01-10 04:29:38 领取背包物品
[INFO] [006] 2025-01-10 04:30:03 放置Toyz
[INFO] [006] 2025-01-10 04:42:17 领AFK奖励
[INFO] [006] 2025-01-10 04:42:17 领取任务奖励
[INFO] [006] 2025-01-10 04:42:18 领取邮件
[INFO] [006] 2025-01-10 04:42:26 领取背包物品
[INFO] [006] 2025-01-10 04:42:50 放置Toyz
[INFO] [006] 2025-01-10 04:43:11 领AFK奖励
[INFO] [006] 2025-01-10 04:43:11 领取任务奖励
[INFO] [006] 2025-01-10 04:43:11 领取邮件
[INFO] [006] 2025-01-10 04:43:19 领取背包物品
[INFO] [006] 2025-01-10 04:43:43 放置Toyz
[INFO] [006] 2025-01-10 04:55:12 罗马竞技场
[INFO] [006] 2025-01-10 04:55:12 单人地下城
[INFO] [006] 2025-01-10 04:56:37 领AFK奖励
[INFO] [006] 2025-01-10 04:56:37 领取任务奖励
[INFO] [006] 2025-01-10 04:56:37 领取邮件
[INFO] [006] 2025-01-10 04:56:50 领取背包物品
[INFO] [006] 2025-01-10 04:57:13 放置Toyz
[INFO] [006] 2025-01-10 04:57:34 罗马竞技场
[INFO] [006] 2025-01-10 04:57:34 单人地下城
[INFO] [006] 2025-01-10 04:58:47 领AFK奖励
[INFO] [006] 2025-01-10 04:58:48 领取任务奖励
[INFO] [006] 2025-01-10 04:58:48 领取邮件
[INFO] [006] 2025-01-10 04:58:59 领取背包物品
[INFO] [006] 2025-01-10 04:59:23 放置Toyz
[INFO] [006] 2025-01-10 05:10:50 罗马竞技场
[INFO] [006] 2025-01-10 05:10:50 单人地下城
[INFO] [006] 2025-01-10 05:12:08 领AFK奖励
[INFO] [006] 2025-01-10 05:12:08 领取任务奖励
[INFO] [006] 2025-01-10 05:12:08 领取邮件
[INFO] [006] 2025-01-10 05:12:26 领取背包物品
[INFO] [006] 2025-01-10 05:12:50 放置Toyz
[INFO] [006] 2025-01-10 05:13:16 罗马竞技场
[INFO] [006] 2025-01-10 05:13:16 单人地下城
[INFO] [006] 2025-01-10 05:14:39 领AFK奖励
[INFO] [006] 2025-01-10 05:14:39 领取任务奖励
[INFO] [006] 2025-01-10 05:14:40 领取邮件
[INFO] [006] 2025-01-10 05:14:48 领取背包物品
[INFO] [006] 2025-01-10 05:15:12 放置Toyz
[INFO] [006] 2025-01-10 05:26:44 罗马竞技场
[INFO] [006] 2025-01-10 05:26:44 单人地下城
[INFO] [006] 2025-01-10 05:28:02 领AFK奖励
[INFO] [006] 2025-01-10 05:28:02 领取任务奖励
[INFO] [006] 2025-01-10 05:28:02 领取邮件
[INFO] [006] 2025-01-10 05:28:11 领取背包物品
[INFO] [006] 2025-01-10 05:28:36 放置Toyz
[INFO] [006] 2025-01-10 05:28:57 罗马竞技场
[INFO] [006] 2025-01-10 05:28:57 单人地下城
[INFO] [006] 2025-01-10 05:30:14 领AFK奖励
[INFO] [006] 2025-01-10 05:30:14 领取任务奖励
[INFO] [006] 2025-01-10 05:30:14 领取邮件
[INFO] [006] 2025-01-10 05:30:26 领取背包物品
[INFO] [006] 2025-01-10 05:30:50 放置Toyz
[INFO] [006] 2025-01-10 05:42:14 罗马竞技场
[INFO] [006] 2025-01-10 05:42:14 单人地下城
[INFO] [006] 2025-01-10 05:43:28 领AFK奖励
[INFO] [006] 2025-01-10 05:43:28 领取任务奖励
[INFO] [006] 2025-01-10 05:43:28 领取邮件
[INFO] [006] 2025-01-10 05:43:49 领取背包物品
[INFO] [006] 2025-01-10 05:44:15 放置Toyz
[INFO] [006] 2025-01-10 05:44:37 罗马竞技场
[INFO] [006] 2025-01-10 05:44:37 单人地下城
[INFO] [006] 2025-01-10 05:45:53 领AFK奖励
[INFO] [006] 2025-01-10 05:45:54 领取任务奖励
[INFO] [006] 2025-01-10 05:45:54 领取邮件
[INFO] [006] 2025-01-10 05:46:03 领取背包物品
[INFO] [006] 2025-01-10 05:46:28 放置Toyz
[INFO] [006] 2025-01-10 05:57:57 罗马竞技场
[INFO] [006] 2025-01-10 05:57:57 单人地下城
[INFO] [006] 2025-01-10 05:59:19 领AFK奖励
[INFO] [006] 2025-01-10 05:59:19 领取任务奖励
[INFO] [006] 2025-01-10 05:59:19 领取邮件
[INFO] [006] 2025-01-10 05:59:27 领取背包物品
[INFO] [006] 2025-01-10 05:59:52 放置Toyz
[INFO] [006] 2025-01-10 06:00:18 罗马竞技场
[INFO] [006] 2025-01-10 06:00:18 单人地下城
[INFO] [006] 2025-01-10 06:01:38 领AFK奖励
[INFO] [006] 2025-01-10 06:01:38 领取任务奖励
[INFO] [006] 2025-01-10 06:01:38 领取邮件
[INFO] [006] 2025-01-10 06:01:47 领取背包物品
[INFO] [006] 2025-01-10 06:02:11 放置Toyz
[INFO] [006] 2025-01-10 06:13:37 罗马竞技场
[INFO] [006] 2025-01-10 06:13:37 单人地下城
[INFO] [006] 2025-01-10 06:14:56 领AFK奖励
[INFO] [006] 2025-01-10 06:14:56 领取任务奖励
[INFO] [006] 2025-01-10 06:14:56 领取邮件
[INFO] [006] 2025-01-10 06:15:12 领取背包物品
[INFO] [006] 2025-01-10 06:15:35 放置Toyz
[INFO] [006] 2025-01-10 06:15:58 罗马竞技场
[INFO] [006] 2025-01-10 06:15:58 单人地下城
[INFO] [006] 2025-01-10 06:17:12 领AFK奖励
[INFO] [006] 2025-01-10 06:17:12 领取任务奖励
[INFO] [006] 2025-01-10 06:17:12 领取邮件
[INFO] [006] 2025-01-10 06:17:29 领取背包物品
[INFO] [006] 2025-01-10 06:17:53 放置Toyz
[INFO] [006] 2025-01-10 06:29:19 罗马竞技场
[INFO] [006] 2025-01-10 06:29:19 单人地下城
[INFO] [006] 2025-01-10 06:30:41 领AFK奖励
[INFO] [006] 2025-01-10 06:30:41 领取任务奖励
[INFO] [006] 2025-01-10 06:30:42 领取邮件
[INFO] [006] 2025-01-10 06:30:58 领取背包物品
[INFO] [006] 2025-01-10 06:31:26 放置Toyz
[INFO] [006] 2025-01-10 06:31:47 罗马竞技场
[INFO] [006] 2025-01-10 06:31:47 单人地下城
[INFO] [006] 2025-01-10 06:33:09 领AFK奖励
[INFO] [006] 2025-01-10 06:33:09 领取任务奖励
[INFO] [006] 2025-01-10 06:33:09 领取邮件
[INFO] [006] 2025-01-10 06:33:20 领取背包物品
[INFO] [006] 2025-01-10 06:33:44 放置Toyz
[INFO] [006] 2025-01-10 06:45:15 罗马竞技场
[INFO] [006] 2025-01-10 06:45:15 单人地下城
[INFO] [006] 2025-01-10 06:46:29 领AFK奖励
[INFO] [006] 2025-01-10 06:46:29 领取任务奖励
[INFO] [006] 2025-01-10 06:46:29 领取邮件
[INFO] [006] 2025-01-10 06:46:40 领取背包物品
[INFO] [006] 2025-01-10 06:47:06 放置Toyz
[INFO] [006] 2025-01-10 06:47:27 罗马竞技场
[INFO] [006] 2025-01-10 06:47:27 单人地下城
[INFO] [006] 2025-01-10 06:48:42 领AFK奖励
[INFO] [006] 2025-01-10 06:48:42 领取任务奖励
[INFO] [006] 2025-01-10 06:48:42 领取邮件
[INFO] [006] 2025-01-10 06:48:56 领取背包物品
[INFO] [006] 2025-01-10 06:49:22 放置Toyz
[INFO] [006] 2025-01-10 07:00:59 罗马竞技场
[INFO] [006] 2025-01-10 07:01:00 单人地下城
[INFO] [006] 2025-01-10 07:02:14 领AFK奖励
[INFO] [006] 2025-01-10 07:02:14 领取任务奖励
[INFO] [006] 2025-01-10 07:02:14 领取邮件
[INFO] [006] 2025-01-10 07:02:29 领取背包物品
[INFO] [006] 2025-01-10 07:02:54 放置Toyz
[INFO] [006] 2025-01-10 07:03:15 罗马竞技场
[INFO] [006] 2025-01-10 07:03:16 单人地下城
[INFO] [006] 2025-01-10 07:04:28 领AFK奖励
[INFO] [006] 2025-01-10 07:04:28 领取任务奖励
[INFO] [006] 2025-01-10 07:04:28 领取邮件
[INFO] [006] 2025-01-10 07:04:43 领取背包物品
[INFO] [006] 2025-01-10 07:05:07 放置Toyz
[INFO] [006] 2025-01-10 07:16:37 罗马竞技场
[INFO] [006] 2025-01-10 07:16:37 单人地下城
[INFO] [006] 2025-01-10 07:17:59 领AFK奖励
[INFO] [006] 2025-01-10 07:18:00 领取任务奖励
[INFO] [006] 2025-01-10 07:18:00 领取邮件
[INFO] [006] 2025-01-10 07:18:16 领取背包物品
[INFO] [006] 2025-01-10 07:18:42 放置Toyz
[INFO] [006] 2025-01-10 07:19:13 罗马竞技场
[INFO] [006] 2025-01-10 07:19:13 单人地下城
[INFO] [006] 2025-01-10 07:20:38 领AFK奖励
[INFO] [006] 2025-01-10 07:20:38 领取任务奖励
[INFO] [006] 2025-01-10 07:20:38 领取邮件
[INFO] [006] 2025-01-10 07:20:53 领取背包物品
[INFO] [006] 2025-01-10 07:21:18 放置Toyz
[INFO] [006] 2025-01-10 07:32:50 罗马竞技场
[INFO] [006] 2025-01-10 07:32:50 单人地下城
[INFO] [006] 2025-01-10 07:34:04 领AFK奖励
[INFO] [006] 2025-01-10 07:34:05 领取任务奖励
[INFO] [006] 2025-01-10 07:34:05 领取邮件
[INFO] [006] 2025-01-10 07:34:25 领取背包物品
[INFO] [006] 2025-01-10 07:34:50 放置Toyz
[INFO] [006] 2025-01-10 07:35:15 罗马竞技场
[INFO] [006] 2025-01-10 07:35:16 单人地下城
[INFO] [006] 2025-01-10 07:36:36 领AFK奖励
[INFO] [006] 2025-01-10 07:36:36 领取任务奖励
[INFO] [006] 2025-01-10 07:36:36 领取邮件
[INFO] [006] 2025-01-10 07:36:48 领取背包物品
[INFO] [006] 2025-01-10 07:37:14 放置Toyz
[INFO] [006] 2025-01-10 07:48:06 掉线
[INFO] [006] 2025-01-10 07:51:37 罗马竞技场
[INFO] [006] 2025-01-10 07:51:50 单人地下城
[INFO] [006] 2025-01-10 07:53:38 领AFK奖励
[INFO] [006] 2025-01-10 07:53:49 领取任务奖励
[INFO] [006] 2025-01-10 07:54:11 领取邮件
[INFO] [006] 2025-01-10 07:54:24 领取背包物品
[INFO] [006] 2025-01-10 07:56:27 放置Toyz
[INFO] [006] 2025-01-10 07:58:08 罗马竞技场
[INFO] [006] 2025-01-10 07:58:29 单人地下城
[INFO] [006] 2025-01-10 07:59:57 领AFK奖励
[INFO] [006] 2025-01-10 08:00:08 领取任务奖励
[INFO] [006] 2025-01-10 08:00:30 领取邮件
[INFO] [006] 2025-01-10 08:00:54 领取背包物品
[INFO] [006] 2025-01-10 08:01:22 放置Toyz
[INFO] [006] 2025-01-10 08:14:00 罗马竞技场
[INFO] [006] 2025-01-10 08:14:12 单人地下城
[INFO] [006] 2025-01-10 08:14:59 领AFK奖励
[INFO] [006] 2025-01-10 08:15:10 领取任务奖励
[INFO] [006] 2025-01-10 08:15:32 领取邮件
[INFO] [006] 2025-01-10 08:15:42 领取背包物品
[INFO] [006] 2025-01-10 08:16:29 放置Toyz
[INFO] [006] 2025-01-10 08:17:03 罗马竞技场
[INFO] [006] 2025-01-10 08:17:15 单人地下城
[INFO] [006] 2025-01-10 08:17:28 领AFK奖励
[INFO] [006] 2025-01-10 08:17:39 领取任务奖励
[INFO] [006] 2025-01-10 08:18:01 领取邮件
[INFO] [006] 2025-01-10 08:18:14 领取背包物品
[INFO] [006] 2025-01-10 08:18:47 放置Toyz
[INFO] [006] 2025-01-10 08:31:34 罗马竞技场
[INFO] [006] 2025-01-10 08:31:47 单人地下城
[INFO] [006] 2025-01-10 08:32:44 领AFK奖励
[INFO] [006] 2025-01-10 08:32:55 领取任务奖励
[INFO] [006] 2025-01-10 08:33:17 领取邮件
[INFO] [006] 2025-01-10 08:33:32 领取背包物品
[INFO] [006] 2025-01-10 08:34:18 放置Toyz
[INFO] [006] 2025-01-10 08:34:47 罗马竞技场
[INFO] [006] 2025-01-10 08:35:10 单人地下城
[INFO] [006] 2025-01-10 08:36:47 领AFK奖励
[INFO] [006] 2025-01-10 08:36:58 领取任务奖励
[INFO] [006] 2025-01-10 08:37:20 领取邮件
[INFO] [006] 2025-01-10 08:37:42 领取背包物品
[INFO] [006] 2025-01-10 08:38:12 放置Toyz
[INFO] [006] 2025-01-10 08:49:26 罗马竞技场
[INFO] [006] 2025-01-10 08:49:37 单人地下城
[INFO] [006] 2025-01-10 08:50:29 领AFK奖励
[INFO] [006] 2025-01-10 08:50:40 领取任务奖励
[INFO] [006] 2025-01-10 08:51:02 领取邮件
[INFO] [006] 2025-01-10 08:51:15 领取背包物品
[INFO] [006] 2025-01-10 08:52:03 放置Toyz
[INFO] [006] 2025-01-10 08:52:36 罗马竞技场
[INFO] [006] 2025-01-10 08:52:51 单人地下城
[INFO] [006] 2025-01-10 08:54:01 领AFK奖励
[INFO] [006] 2025-01-10 08:54:13 领取任务奖励
[INFO] [006] 2025-01-10 08:54:34 领取邮件
[INFO] [006] 2025-01-10 08:54:55 领取背包物品
[INFO] [006] 2025-01-10 08:55:24 放置Toyz
[INFO] [006] 2025-01-10 09:06:39 罗马竞技场
[INFO] [006] 2025-01-10 09:06:53 单人地下城
[INFO] [006] 2025-01-10 09:07:48 领AFK奖励
[INFO] [006] 2025-01-10 09:08:00 领取任务奖励
[INFO] [006] 2025-01-10 09:08:21 领取邮件
[INFO] [006] 2025-01-10 09:08:40 领取背包物品
[INFO] [006] 2025-01-10 09:09:09 放置Toyz
[INFO] [006] 2025-01-10 09:09:40 罗马竞技场
[INFO] [006] 2025-01-10 09:09:52 单人地下城
[INFO] [006] 2025-01-10 09:10:45 领AFK奖励
[INFO] [006] 2025-01-10 09:10:56 领取任务奖励
[INFO] [006] 2025-01-10 09:11:18 领取邮件
[INFO] [006] 2025-01-10 09:11:34 领取背包物品
[INFO] [006] 2025-01-10 15:51:08 游戏更新下载
[INFO] [006] 2025-01-10 18:48:20 领每日免费宝石
[INFO] [006] 2025-01-10 18:48:46 罗马竞技场
[INFO] [006] 2025-01-10 18:48:58 单人地下城
[INFO] [006] 2025-01-10 18:49:56 领AFK奖励
[INFO] [006] 2025-01-10 18:50:07 领取任务奖励
[INFO] [006] 2025-01-10 18:50:29 领取邮件
[INFO] [006] 2025-01-10 18:50:58 领取背包物品
[INFO] [006] 2025-01-10 18:51:25 放置Toyz
[INFO] [006] 2025-01-10 19:04:24 领每日免费宝石
[INFO] [006] 2025-01-10 19:04:47 罗马竞技场
[INFO] [006] 2025-01-10 19:04:59 单人地下城
[INFO] [006] 2025-01-10 19:05:50 领AFK奖励
[INFO] [006] 2025-01-10 19:06:02 领取任务奖励
[INFO] [006] 2025-01-10 19:06:24 领取邮件
[INFO] [006] 2025-01-10 19:06:53 领取背包物品
[INFO] [006] 2025-01-10 19:07:43 放置Toyz
[INFO] [006] 2025-01-10 22:09:28 放置Toyz
[INFO] [006] 2025-01-10 22:22:01 放置Toyz
[INFO] [006] 2025-01-10 22:34:27 放置Toyz
[INFO] [006] 2025-01-10 23:21:19 放置Toyz
[INFO] [006] 2025-01-10 23:32:57 放置Toyz
[INFO] [006] 2025-01-10 23:55:49 放置Toyz
[INFO] [006] 2025-01-11 00:18:37 领AFK奖励
[INFO] [006] 2025-01-11 00:18:37 领取任务奖励
[INFO] [006] 2025-01-11 00:18:37 领取邮件
[INFO] [006] 2025-01-11 00:18:54 领取背包物品
[INFO] [006] 2025-01-11 00:30:27 领AFK奖励
[INFO] [006] 2025-01-11 00:30:27 领取任务奖励
[INFO] [006] 2025-01-11 00:30:27 领取邮件
[INFO] [006] 2025-01-11 00:30:42 领取背包物品
[INFO] [006] 2025-01-11 00:42:14 领AFK奖励
[INFO] [006] 2025-01-11 00:42:15 领取任务奖励
[INFO] [006] 2025-01-11 00:42:15 领取邮件
[INFO] [006] 2025-01-11 00:42:24 领取背包物品
[INFO] [006] 2025-01-11 00:53:52 领AFK奖励
[INFO] [006] 2025-01-11 00:53:52 领取任务奖励
[INFO] [006] 2025-01-11 00:53:52 领取邮件
[INFO] [006] 2025-01-11 00:54:04 领取背包物品
[INFO] [006] 2025-01-11 01:05:43 领AFK奖励
[INFO] [006] 2025-01-11 01:05:43 领取任务奖励
[INFO] [006] 2025-01-11 01:05:43 领取邮件
[INFO] [006] 2025-01-11 01:05:55 领取背包物品
[INFO] [006] 2025-01-11 01:17:34 领AFK奖励
[INFO] [006] 2025-01-11 01:17:35 领取任务奖励
[INFO] [006] 2025-01-11 01:17:35 领取邮件
[INFO] [006] 2025-01-11 01:17:47 领取背包物品
[INFO] [006] 2025-01-11 01:29:27 领AFK奖励
[INFO] [006] 2025-01-11 01:29:27 领取任务奖励
[INFO] [006] 2025-01-11 01:29:27 领取邮件
[INFO] [006] 2025-01-11 01:29:41 领取背包物品
[INFO] [006] 2025-01-11 01:41:13 领AFK奖励
[INFO] [006] 2025-01-11 01:41:13 领取任务奖励
[INFO] [006] 2025-01-11 01:41:13 领取邮件
[INFO] [006] 2025-01-11 01:41:32 领取背包物品
[INFO] [006] 2025-01-11 01:53:16 领AFK奖励
[INFO] [006] 2025-01-11 01:53:16 领取任务奖励
[INFO] [006] 2025-01-11 01:53:16 领取邮件
[INFO] [006] 2025-01-11 01:53:28 领取背包物品
[INFO] [006] 2025-01-11 02:04:57 放置Toyz
[INFO] [006] 2025-01-11 02:16:24 领AFK奖励
[INFO] [006] 2025-01-11 02:16:24 领取任务奖励
[INFO] [006] 2025-01-11 02:16:25 领取邮件
[INFO] [006] 2025-01-11 02:16:36 领取背包物品
[INFO] [006] 2025-01-11 02:17:00 放置Toyz
[INFO] [006] 2025-01-11 04:20:27 放置Toyz
[INFO] [006] 2025-01-11 04:32:01 放置Toyz
[INFO] [006] 2025-01-11 06:35:35 放置Toyz
[INFO] [006] 2025-01-11 06:58:30 放置Toyz
[INFO] [006] 2025-01-11 07:10:04 罗马竞技场
[INFO] [006] 2025-01-11 07:10:04 单人地下城
[INFO] [006] 2025-01-11 07:22:36 领AFK奖励
[INFO] [006] 2025-01-11 07:22:36 领取任务奖励
[INFO] [006] 2025-01-11 07:22:36 领取邮件
[INFO] [006] 2025-01-11 07:22:52 领取背包物品
[INFO] [006] 2025-01-11 07:46:21 罗马竞技场
[INFO] [006] 2025-01-11 07:46:22 单人地下城
[INFO] [006] 2025-01-11 07:47:44 领AFK奖励
[INFO] [006] 2025-01-11 07:47:44 领取任务奖励
[INFO] [006] 2025-01-11 07:47:44 领取邮件
[INFO] [006] 2025-01-11 07:47:55 领取背包物品
[INFO] [006] 2025-01-11 07:59:40 罗马竞技场
[INFO] [006] 2025-01-11 07:59:40 单人地下城
[INFO] [006] 2025-01-11 08:00:35 领AFK奖励
[INFO] [006] 2025-01-11 08:00:46 领取任务奖励
[INFO] [006] 2025-01-11 08:01:08 领取邮件
[INFO] [006] 2025-01-11 08:01:37 领取背包物品
[INFO] [006] 2025-01-11 08:13:05 掉线
[INFO] [006] 2025-01-11 08:17:13 罗马竞技场
[INFO] [006] 2025-01-11 08:17:36 单人地下城
[INFO] [006] 2025-01-11 08:21:22 领AFK奖励
[INFO] [006] 2025-01-11 08:21:33 领取任务奖励
[INFO] [006] 2025-01-11 08:21:55 领取邮件
[INFO] [006] 2025-01-11 08:22:10 领取背包物品
[INFO] [006] 2025-01-11 08:36:30 罗马竞技场
[INFO] [006] 2025-01-11 08:36:42 单人地下城
[INFO] [006] 2025-01-11 08:37:37 领AFK奖励
[INFO] [006] 2025-01-11 08:37:48 领取任务奖励
[INFO] [006] 2025-01-11 08:38:10 领取邮件
[INFO] [006] 2025-01-11 08:38:22 领取背包物品
[INFO] [006] 2025-01-11 08:49:29 罗马竞技场
[INFO] [006] 2025-01-11 08:49:42 单人地下城
[INFO] [006] 2025-01-11 08:50:30 领AFK奖励
[INFO] [006] 2025-01-11 08:50:42 领取任务奖励
[INFO] [006] 2025-01-11 08:51:03 领取邮件
[INFO] [006] 2025-01-11 08:51:16 领取背包物品
[INFO] [006] 2025-01-11 09:02:22 罗马竞技场
[INFO] [006] 2025-01-11 09:02:34 单人地下城
[INFO] [006] 2025-01-11 09:03:04 领AFK奖励
[INFO] [006] 2025-01-11 09:03:15 领取任务奖励
[INFO] [006] 2025-01-11 09:03:36 领取邮件
[INFO] [006] 2025-01-11 09:03:50 领取背包物品
[INFO] [006] 2025-01-11 09:04:17 放置Toyz
[INFO] [006] 2025-01-11 10:41:55 开始新手指导任务
[INFO] [006] 2025-01-11 10:55:25 开始新手指导任务
[INFO] [006] 2025-01-11 11:59:35 窗口已强制关闭
[INFO] [006] 2025-01-11 13:01:17 开始新手指导任务
[INFO] [006] 2025-01-11 13:23:31 放置Toyz
[INFO] [006] 2025-01-11 13:43:05 窗口已强制关闭
[INFO] [006] 2025-01-11 15:32:51 开始新手指导任务
[INFO] [006] 2025-01-11 15:34:23 领AFK奖励
[INFO] [006] 2025-01-11 15:34:34 领取任务奖励
[INFO] [006] 2025-01-11 15:34:56 领取邮件
[INFO] [006] 2025-01-11 15:35:20 领取背包物品
[INFO] [006] 2025-01-11 15:36:53 放置Toyz
[INFO] [006] 2025-01-11 15:45:05 开始新手指导任务
[INFO] [006] 2025-01-11 15:52:02 开始新手指导任务
[INFO] [006] 2025-01-11 16:39:14 开始新手指导任务
[INFO] [006] 2025-01-11 16:42:43 领每周免费宝石
[INFO] [006] 2025-01-11 16:43:41 领AFK奖励
[INFO] [006] 2025-01-11 16:43:53 领取任务奖励
[INFO] [006] 2025-01-11 16:44:15 领取邮件
[INFO] [006] 2025-01-11 16:44:53 领取背包物品
[INFO] [006] 2025-01-11 16:45:34 放置Toyz
[INFO] [006] 2025-01-11 16:58:54 开始新手指导任务
[INFO] [006] 2025-01-11 19:04:39 开始新手指导任务
[INFO] [006] 2025-01-11 19:47:35 领每周免费宝石
[INFO] [006] 2025-01-11 19:48:14 领每日免费宝石
[INFO] [006] 2025-01-11 19:48:30 领AFK奖励
[INFO] [006] 2025-01-11 19:48:30 领取任务奖励
[INFO] [006] 2025-01-11 19:48:30 领取邮件
[INFO] [006] 2025-01-11 19:49:10 领取背包物品
[INFO] [006] 2025-01-11 19:49:40 放置Toyz
[INFO] [006] 2025-01-11 20:03:12 开始新手指导任务
[INFO] [006] 2025-01-11 20:25:17 领每周免费宝石
[INFO] [006] 2025-01-11 20:26:18 领每日免费宝石
[INFO] [006] 2025-01-11 20:26:48 领AFK奖励
[INFO] [006] 2025-01-11 20:26:48 领取任务奖励
[INFO] [006] 2025-01-11 20:26:48 领取邮件
[INFO] [006] 2025-01-11 20:27:01 领取背包物品
[INFO] [006] 2025-01-11 20:27:28 放置Toyz
[INFO] [006] 2025-01-11 21:58:16 开始新手指导任务
[INFO] [006] 2025-01-11 22:10:19 罗马竞技场
[INFO] [006] 2025-01-11 22:10:33 单人地下城
[INFO] [006] 2025-01-11 22:11:56 放置Toyz
[INFO] [006] 2025-01-11 22:34:23 开始新手指导任务
[INFO] [006] 2025-01-11 22:48:43 罗马竞技场
[INFO] [006] 2025-01-11 22:48:57 单人地下城
[INFO] [006] 2025-01-11 22:50:07 放置Toyz
[INFO] [006] 2025-01-11 23:09:46 开始新手指导任务
[INFO] [006] 2025-01-11 23:13:19 罗马竞技场
[INFO] [006] 2025-01-11 23:13:33 单人地下城
[INFO] [006] 2025-01-11 23:14:43 放置Toyz
[INFO] [006] 2025-01-11 23:34:08 开始新手指导任务
[INFO] [006] 2025-01-11 23:37:33 罗马竞技场
[INFO] [006] 2025-01-11 23:37:47 单人地下城
[INFO] [006] 2025-01-11 23:39:00 放置Toyz
[INFO] [006] 2025-01-11 23:58:43 开始新手指导任务
[INFO] [006] 2025-01-12 00:02:11 罗马竞技场
[INFO] [006] 2025-01-12 00:02:26 单人地下城
[INFO] [006] 2025-01-12 00:03:13 放置Toyz
[INFO] [006] 2025-01-12 00:24:12 开始新手指导任务
[INFO] [006] 2025-01-12 01:31:41 开始新手指导任务
[INFO] [006] 2025-01-12 02:26:39 领AFK奖励
[INFO] [006] 2025-01-12 02:26:39 领取任务奖励
[INFO] [006] 2025-01-12 02:26:39 领取邮件
[INFO] [006] 2025-01-12 02:27:03 领取背包物品
[INFO] [006] 2025-01-12 02:27:30 放置Toyz
[INFO] [006] 2025-01-12 02:50:04 开始新手指导任务
[INFO] [006] 2025-01-12 04:03:05 开始新手指导任务
[INFO] [006] 2025-01-12 04:54:45 放置Toyz
[INFO] [006] 2025-01-12 05:17:12 开始新手指导任务
[INFO] [006] 2025-01-12 06:09:18 放置Toyz
[INFO] [006] 2025-01-12 06:31:13 开始新手指导任务
[INFO] [006] 2025-01-12 06:36:32 放置Toyz
[INFO] [006] 2025-01-12 06:58:42 开始新手指导任务
[INFO] [006] 2025-01-12 07:02:27 放置Toyz
[INFO] [006] 2025-01-12 07:22:50 开始新手指导任务
[INFO] [006] 2025-01-12 08:07:31 领AFK奖励
[INFO] [006] 2025-01-12 08:07:41 领取任务奖励
[INFO] [006] 2025-01-12 08:07:41 领取邮件
[INFO] [006] 2025-01-12 08:07:54 领取背包物品
[INFO] [006] 2025-01-12 08:28:36 开始新手指导任务
[INFO] [006] 2025-01-12 08:30:27 领AFK奖励
[INFO] [006] 2025-01-12 08:30:40 领取任务奖励
[INFO] [006] 2025-01-12 08:31:02 领取邮件
[INFO] [006] 2025-01-12 08:31:39 领取背包物品
[INFO] [006] 2025-01-12 08:52:02 开始新手指导任务
[INFO] [006] 2025-01-12 09:12:35 开始新手指导任务
[INFO] [006] 2025-01-12 09:15:30 放置Toyz
[INFO] [006] 2025-01-12 14:15:45 开始新手指导任务
[INFO] [006] 2025-01-12 14:17:11 罗马竞技场
[INFO] [006] 2025-01-12 14:17:25 单人地下城
[INFO] [006] 2025-01-12 14:21:15 领AFK奖励
[INFO] [006] 2025-01-12 14:21:27 领取任务奖励
[INFO] [006] 2025-01-12 14:21:49 领取邮件
[INFO] [006] 2025-01-12 14:21:59 领取背包物品
[INFO] [006] 2025-01-12 14:23:18 放置Toyz
[INFO] [006] 2025-01-12 14:46:16 开始新手指导任务
[INFO] [006] 2025-01-12 15:07:49 开始新手指导任务
[INFO] [006] 2025-01-12 15:09:13 罗马竞技场
[INFO] [006] 2025-01-12 15:09:27 单人地下城
[INFO] [006] 2025-01-12 15:10:27 领AFK奖励
[INFO] [006] 2025-01-12 15:10:40 领取任务奖励
[INFO] [006] 2025-01-12 15:11:02 领取邮件
[INFO] [006] 2025-01-12 15:11:16 领取背包物品
[INFO] [006] 2025-01-12 15:12:35 放置Toyz
[INFO] [006] 2025-01-12 15:29:28 开始新手指导任务
[INFO] [006] 2025-01-12 17:05:37 窗口已强制关闭
[INFO] [006] 2025-01-12 17:13:55 开始新手指导任务
[INFO] [006] 2025-01-12 17:18:00 放置Toyz
[INFO] [006] 2025-01-12 20:43:54 开始新手指导任务
[INFO] [006] 2025-01-12 20:47:38 领每日免费宝石
[INFO] [006] 2025-01-12 20:48:08 领AFK奖励
[INFO] [006] 2025-01-12 20:48:20 领取任务奖励
[INFO] [006] 2025-01-12 20:48:42 领取邮件
[INFO] [006] 2025-01-12 20:49:18 领取背包物品
[INFO] [006] 2025-01-12 20:49:57 放置Toyz
[INFO] [006] 2025-01-12 21:11:26 开始新手指导任务
[INFO] [006] 2025-01-12 21:13:35 领每日免费宝石
[INFO] [006] 2025-01-12 21:14:05 领AFK奖励
[INFO] [006] 2025-01-12 21:14:18 领取任务奖励
[INFO] [006] 2025-01-12 21:14:39 领取邮件
[INFO] [006] 2025-01-12 21:15:15 领取背包物品
[INFO] [006] 2025-01-12 21:16:33 放置Toyz
[INFO] [006] 2025-01-12 21:38:12 开始新手指导任务
[INFO] [006] 2025-01-12 21:42:24 放置Toyz
[INFO] [006] 2025-01-12 22:02:59 开始新手指导任务
[INFO] [006] 2025-01-12 22:27:51 开始新手指导任务
[INFO] [006] 2025-01-12 22:51:29 开始新手指导任务
[INFO] [006] 2025-01-12 23:15:39 开始新手指导任务
[INFO] [006] 2025-01-12 23:40:07 开始新手指导任务
[INFO] [006] 2025-01-12 23:43:51 放置Toyz
[INFO] [006] 2025-01-13 00:06:23 开始新手指导任务
[INFO] [006] 2025-01-13 00:09:58 放置Toyz
[INFO] [006] 2025-01-13 00:31:53 开始新手指导任务
[INFO] [006] 2025-01-13 00:36:02 放置Toyz
[INFO] [006] 2025-01-13 01:10:27 开始新手指导任务
[INFO] [006] 2025-01-13 01:14:37 放置Toyz
[INFO] [006] 2025-01-13 01:48:59 开始新手指导任务
[INFO] [006] 2025-01-13 02:26:56 开始新手指导任务
[INFO] [006] 2025-01-13 02:31:02 领AFK奖励
[INFO] [006] 2025-01-13 02:31:15 领取任务奖励
[INFO] [006] 2025-01-13 02:31:37 领取邮件
[INFO] [006] 2025-01-13 02:32:13 领取背包物品
[INFO] [006] 2025-01-13 03:07:54 开始新手指导任务
[INFO] [006] 2025-01-13 03:11:25 罗马竞技场
[INFO] [006] 2025-01-13 03:11:39 单人地下城
[INFO] [006] 2025-01-13 03:12:44 领AFK奖励
[INFO] [006] 2025-01-13 03:12:57 领取任务奖励
[INFO] [006] 2025-01-13 03:13:19 领取邮件
[INFO] [006] 2025-01-13 03:13:55 领取背包物品
[INFO] [006] 2025-01-13 03:48:39 开始新手指导任务
[INFO] [006] 2025-01-13 03:52:50 罗马竞技场
[INFO] [006] 2025-01-13 03:53:07 单人地下城
[INFO] [006] 2025-01-13 03:54:14 领AFK奖励
[INFO] [006] 2025-01-13 03:54:27 领取任务奖励
[INFO] [006] 2025-01-13 03:54:49 领取邮件
[INFO] [006] 2025-01-13 03:55:25 领取背包物品
[INFO] [006] 2025-01-13 03:56:04 放置Toyz
[INFO] [006] 2025-01-13 04:28:09 掉线
[INFO] [006] 2025-01-13 04:33:26 开始新手指导任务
[INFO] [006] 2025-01-13 04:37:34 罗马竞技场
[INFO] [006] 2025-01-13 04:37:52 单人地下城
[INFO] [006] 2025-01-13 04:39:53 领AFK奖励
[INFO] [006] 2025-01-13 04:40:06 领取任务奖励
[INFO] [006] 2025-01-13 04:40:27 领取邮件
[INFO] [006] 2025-01-13 04:40:38 领取背包物品
[INFO] [006] 2025-01-13 04:42:05 放置Toyz
[INFO] [006] 2025-01-13 05:15:35 开始新手指导任务
[INFO] [006] 2025-01-13 06:05:51 开始新手指导任务
[INFO] [006] 2025-01-13 06:44:24 开始新手指导任务
[INFO] [006] 2025-01-13 06:47:55 放置Toyz
[INFO] [006] 2025-01-13 07:23:00 开始新手指导任务
[INFO] [006] 2025-01-13 07:58:51 开始新手指导任务
[INFO] [006] 2025-01-13 14:23:51 开始新手指导任务
[INFO] [006] 2025-01-13 14:48:00 领AFK奖励
[INFO] [006] 2025-01-13 14:48:00 领取任务奖励
[INFO] [006] 2025-01-13 14:48:00 领取邮件
[INFO] [006] 2025-01-13 14:48:23 领取背包物品
[INFO] [006] 2025-01-13 14:48:46 放置Toyz
[INFO] [006] 2025-01-13 15:27:19 窗口已强制关闭
[INFO] [006] 2025-01-13 15:36:26 开始新手指导任务
[INFO] [006] 2025-01-13 16:42:13 开始新手指导任务
[INFO] [006] 2025-01-13 16:45:57 罗马竞技场
[INFO] [006] 2025-01-13 16:46:12 单人地下城
[INFO] [006] 2025-01-13 17:20:04 开始新手指导任务
[INFO] [006] 2025-01-13 17:24:08 罗马竞技场
[INFO] [006] 2025-01-13 17:24:22 单人地下城
[INFO] [006] 2025-01-13 17:25:29 放置Toyz
[INFO] [006] 2025-01-13 18:02:40 开始新手指导任务
[INFO] [006] 2025-01-13 18:19:25 开始新手指导任务
[INFO] [006] 2025-01-13 18:57:09 开始新手指导任务
[INFO] [006] 2025-01-13 19:36:23 开始新手指导任务
[INFO] [006] 2025-01-13 19:40:32 放置Toyz
[INFO] [006] 2025-01-13 20:17:53 开始新手指导任务
[INFO] [006] 2025-01-13 20:21:30 领AFK奖励
[INFO] [006] 2025-01-13 20:21:43 领取任务奖励
[INFO] [006] 2025-01-13 20:22:04 领取邮件
[INFO] [006] 2025-01-13 20:22:42 领取背包物品
[INFO] [006] 2025-01-13 20:24:12 放置Toyz
[INFO] [006] 2025-01-13 20:58:19 开始新手指导任务
[INFO] [006] 2025-01-13 21:01:46 领每周免费宝石
[INFO] [006] 2025-01-13 21:02:45 领AFK奖励
[INFO] [006] 2025-01-13 21:02:45 领取任务奖励
[INFO] [006] 2025-01-13 21:02:45 领取邮件
[INFO] [006] 2025-01-13 21:02:58 领取背包物品
[INFO] [006] 2025-01-13 21:03:27 放置Toyz
[INFO] [006] 2025-01-13 21:38:09 开始新手指导任务
[INFO] [006] 2025-01-13 21:42:19 领每日免费宝石
[INFO] [006] 2025-01-13 22:15:44 开始新手指导任务
[INFO] [006] 2025-01-13 22:19:48 领每日免费宝石
[INFO] [006] 2025-01-13 22:53:25 开始新手指导任务
