[INFO] [007] 2025-01-09 08:03:25 开始新手指导任务
[INFO] [007] 2025-01-09 08:09:44 窗口已强制关闭
[INFO] [007] 2025-01-09 08:12:55 开始新手指导任务
[INFO] [007] 2025-01-09 08:29:39 领每周免费宝石
[INFO] [007] 2025-01-09 08:30:28 领每日免费宝石
[INFO] [007] 2025-01-09 08:30:56 罗马竞技场
[INFO] [007] 2025-01-09 08:31:10 单人地下城
[INFO] [007] 2025-01-09 08:31:29 领AFK奖励
[INFO] [007] 2025-01-09 08:31:40 领取任务奖励
[INFO] [007] 2025-01-09 08:32:01 领取邮件
[INFO] [007] 2025-01-09 08:32:23 领取背包物品
[INFO] [007] 2025-01-09 08:33:16 放置Toyz
[INFO] [007] 2025-01-09 08:34:48 开始新手指导任务
[INFO] [007] 2025-01-09 08:57:29 开始新手指导任务
[INFO] [007] 2025-01-09 09:17:42 开始新手指导任务
[INFO] [007] 2025-01-09 09:22:35 开始新手指导任务
[INFO] [007] 2025-01-09 09:24:49 开始新手指导任务
[INFO] [007] 2025-01-09 09:27:09 开始新手指导任务
[INFO] [007] 2025-01-09 09:38:00 开始新手指导任务
[INFO] [007] 2025-01-09 10:10:48 开始新手指导任务
[INFO] [007] 2025-01-09 10:29:20 开始新手指导任务
[INFO] [007] 2025-01-09 10:34:47 开始新手指导任务
[INFO] [007] 2025-01-09 10:35:51 放置Toyz
[INFO] [007] 2025-01-09 10:40:36 开始新手指导任务
[INFO] [007] 2025-01-09 10:46:29 开始新手指导任务
[INFO] [007] 2025-01-09 10:52:21 开始新手指导任务
[INFO] [007] 2025-01-09 10:58:10 开始新手指导任务
[INFO] [007] 2025-01-09 11:03:33 开始新手指导任务
[INFO] [007] 2025-01-09 11:31:54 开始新手指导任务
[INFO] [007] 2025-01-09 11:42:17 开始新手指导任务
[INFO] [007] 2025-01-09 11:53:35 开始新手指导任务
[INFO] [007] 2025-01-09 11:59:44 开始新手指导任务
[INFO] [007] 2025-01-09 12:07:48 开始新手指导任务
[INFO] [007] 2025-01-09 12:36:56 放置Toyz
[INFO] [007] 2025-01-09 13:34:17 领AFK奖励
[INFO] [007] 2025-01-09 13:34:28 领取任务奖励
[INFO] [007] 2025-01-09 13:34:50 领取邮件
[INFO] [007] 2025-01-09 13:35:16 领取背包物品
[INFO] [007] 2025-01-09 16:22:07 放置Toyz
[INFO] [007] 2025-01-09 16:47:34 窗口已强制关闭
[INFO] [007] 2025-01-09 17:32:49 放置Toyz
[INFO] [007] 2025-01-09 18:12:57 窗口已强制关闭
[INFO] [007] 2025-01-09 18:57:27 领AFK奖励
[INFO] [007] 2025-01-09 18:57:38 领取任务奖励
[INFO] [007] 2025-01-09 18:58:00 领取邮件
[INFO] [007] 2025-01-09 18:58:24 领取背包物品
[INFO] [007] 2025-01-09 19:00:33 放置Toyz
[INFO] [007] 2025-01-09 20:56:29 罗马竞技场
[INFO] [007] 2025-01-09 20:56:44 单人地下城
[INFO] [007] 2025-01-09 22:13:52 罗马竞技场
[INFO] [007] 2025-01-09 22:14:05 单人地下城
[INFO] [007] 2025-01-09 22:15:49 放置Toyz
[INFO] [007] 2025-01-09 22:16:07 罗马竞技场
[INFO] [007] 2025-01-09 22:16:19 单人地下城
[INFO] [007] 2025-01-09 22:17:10 放置Toyz
[INFO] [007] 2025-01-09 22:54:17 罗马竞技场
[INFO] [007] 2025-01-09 22:54:29 单人地下城
[INFO] [007] 2025-01-09 22:54:35 放置Toyz
[INFO] [007] 2025-01-09 22:54:51 罗马竞技场
[INFO] [007] 2025-01-09 22:55:03 单人地下城
[INFO] [007] 2025-01-09 22:57:47 放置Toyz
[INFO] [007] 2025-01-09 23:37:39 罗马竞技场
[INFO] [007] 2025-01-09 23:37:51 单人地下城
[INFO] [007] 2025-01-09 23:38:41 放置Toyz
[INFO] [007] 2025-01-09 23:39:09 罗马竞技场
[INFO] [007] 2025-01-09 23:39:21 单人地下城
[INFO] [007] 2025-01-09 23:40:09 放置Toyz
[INFO] [007] 2025-01-09 23:51:48 罗马竞技场
[INFO] [007] 2025-01-09 23:51:48 单人地下城
[INFO] [007] 2025-01-09 23:53:14 放置Toyz
[INFO] [007] 2025-01-09 23:53:35 罗马竞技场
[INFO] [007] 2025-01-09 23:53:35 单人地下城
[INFO] [007] 2025-01-09 23:54:52 放置Toyz
[INFO] [007] 2025-01-10 00:06:32 罗马竞技场
[INFO] [007] 2025-01-10 00:06:32 单人地下城
[INFO] [007] 2025-01-10 00:07:51 领AFK奖励
[INFO] [007] 2025-01-10 00:07:51 领取任务奖励
[INFO] [007] 2025-01-10 00:07:51 领取邮件
[INFO] [007] 2025-01-10 00:08:00 领取背包物品
[INFO] [007] 2025-01-10 00:08:24 放置Toyz
[INFO] [007] 2025-01-10 00:08:44 罗马竞技场
[INFO] [007] 2025-01-10 00:08:45 单人地下城
[INFO] [007] 2025-01-10 00:09:58 领AFK奖励
[INFO] [007] 2025-01-10 00:09:58 领取任务奖励
[INFO] [007] 2025-01-10 00:09:58 领取邮件
[INFO] [007] 2025-01-10 00:10:07 领取背包物品
[INFO] [007] 2025-01-10 00:10:31 放置Toyz
[INFO] [007] 2025-01-10 00:21:57 罗马竞技场
[INFO] [007] 2025-01-10 00:21:57 单人地下城
[INFO] [007] 2025-01-10 00:23:11 领AFK奖励
[INFO] [007] 2025-01-10 00:23:11 领取任务奖励
[INFO] [007] 2025-01-10 00:23:11 领取邮件
[INFO] [007] 2025-01-10 00:23:19 领取背包物品
[INFO] [007] 2025-01-10 00:23:44 放置Toyz
[INFO] [007] 2025-01-10 00:24:07 罗马竞技场
[INFO] [007] 2025-01-10 00:24:07 单人地下城
[INFO] [007] 2025-01-10 00:25:22 领AFK奖励
[INFO] [007] 2025-01-10 00:25:22 领取任务奖励
[INFO] [007] 2025-01-10 00:25:22 领取邮件
[INFO] [007] 2025-01-10 00:25:30 领取背包物品
[INFO] [007] 2025-01-10 00:25:54 放置Toyz
[INFO] [007] 2025-01-10 00:37:13 罗马竞技场
[INFO] [007] 2025-01-10 00:37:14 单人地下城
[INFO] [007] 2025-01-10 00:38:28 领AFK奖励
[INFO] [007] 2025-01-10 00:38:29 领取任务奖励
[INFO] [007] 2025-01-10 00:38:29 领取邮件
[INFO] [007] 2025-01-10 00:38:42 领取背包物品
[INFO] [007] 2025-01-10 00:39:08 放置Toyz
[INFO] [007] 2025-01-10 00:39:33 罗马竞技场
[INFO] [007] 2025-01-10 00:39:34 单人地下城
[INFO] [007] 2025-01-10 00:40:52 领AFK奖励
[INFO] [007] 2025-01-10 00:40:52 领取任务奖励
[INFO] [007] 2025-01-10 00:40:52 领取邮件
[INFO] [007] 2025-01-10 00:41:08 领取背包物品
[INFO] [007] 2025-01-10 00:41:34 放置Toyz
[INFO] [007] 2025-01-10 00:52:54 罗马竞技场
[INFO] [007] 2025-01-10 00:52:55 单人地下城
[INFO] [007] 2025-01-10 00:54:10 领AFK奖励
[INFO] [007] 2025-01-10 00:54:10 领取任务奖励
[INFO] [007] 2025-01-10 00:54:10 领取邮件
[INFO] [007] 2025-01-10 00:54:30 领取背包物品
[INFO] [007] 2025-01-10 00:54:54 放置Toyz
[INFO] [007] 2025-01-10 00:55:14 罗马竞技场
[INFO] [007] 2025-01-10 00:55:14 单人地下城
[INFO] [007] 2025-01-10 00:56:32 领AFK奖励
[INFO] [007] 2025-01-10 00:56:32 领取任务奖励
[INFO] [007] 2025-01-10 00:56:32 领取邮件
[INFO] [007] 2025-01-10 00:56:48 领取背包物品
[INFO] [007] 2025-01-10 00:57:13 放置Toyz
[INFO] [007] 2025-01-10 01:08:47 罗马竞技场
[INFO] [007] 2025-01-10 01:08:47 单人地下城
[INFO] [007] 2025-01-10 01:10:01 领AFK奖励
[INFO] [007] 2025-01-10 01:10:01 领取任务奖励
[INFO] [007] 2025-01-10 01:10:01 领取邮件
[INFO] [007] 2025-01-10 01:10:10 领取背包物品
[INFO] [007] 2025-01-10 01:10:35 放置Toyz
[INFO] [007] 2025-01-10 01:10:56 罗马竞技场
[INFO] [007] 2025-01-10 01:10:56 单人地下城
[INFO] [007] 2025-01-10 01:12:15 领AFK奖励
[INFO] [007] 2025-01-10 01:12:15 领取任务奖励
[INFO] [007] 2025-01-10 01:12:15 领取邮件
[INFO] [007] 2025-01-10 01:12:26 领取背包物品
[INFO] [007] 2025-01-10 01:12:53 放置Toyz
[INFO] [007] 2025-01-10 01:24:16 罗马竞技场
[INFO] [007] 2025-01-10 01:24:16 单人地下城
[INFO] [007] 2025-01-10 01:25:40 领AFK奖励
[INFO] [007] 2025-01-10 01:25:41 领取任务奖励
[INFO] [007] 2025-01-10 01:25:41 领取邮件
[INFO] [007] 2025-01-10 01:25:49 领取背包物品
[INFO] [007] 2025-01-10 01:26:13 放置Toyz
[INFO] [007] 2025-01-10 01:26:35 罗马竞技场
[INFO] [007] 2025-01-10 01:26:35 单人地下城
[INFO] [007] 2025-01-10 01:27:51 领AFK奖励
[INFO] [007] 2025-01-10 01:27:51 领取任务奖励
[INFO] [007] 2025-01-10 01:27:51 领取邮件
[INFO] [007] 2025-01-10 01:27:59 领取背包物品
[INFO] [007] 2025-01-10 01:28:24 放置Toyz
[INFO] [007] 2025-01-10 01:39:53 罗马竞技场
[INFO] [007] 2025-01-10 01:39:53 单人地下城
[INFO] [007] 2025-01-10 01:41:18 领AFK奖励
[INFO] [007] 2025-01-10 01:41:18 领取任务奖励
[INFO] [007] 2025-01-10 01:41:19 领取邮件
[INFO] [007] 2025-01-10 01:41:31 领取背包物品
[INFO] [007] 2025-01-10 01:41:54 放置Toyz
[INFO] [007] 2025-01-10 01:42:16 罗马竞技场
[INFO] [007] 2025-01-10 01:42:16 单人地下城
[INFO] [007] 2025-01-10 01:43:30 领AFK奖励
[INFO] [007] 2025-01-10 01:43:30 领取任务奖励
[INFO] [007] 2025-01-10 01:43:30 领取邮件
[INFO] [007] 2025-01-10 01:43:42 领取背包物品
[INFO] [007] 2025-01-10 01:44:07 放置Toyz
[INFO] [007] 2025-01-10 01:55:38 罗马竞技场
[INFO] [007] 2025-01-10 01:55:38 单人地下城
[INFO] [007] 2025-01-10 01:56:56 领AFK奖励
[INFO] [007] 2025-01-10 01:56:56 领取任务奖励
[INFO] [007] 2025-01-10 01:56:57 领取邮件
[INFO] [007] 2025-01-10 01:57:10 领取背包物品
[INFO] [007] 2025-01-10 01:57:37 放置Toyz
[INFO] [007] 2025-01-10 01:58:02 罗马竞技场
[INFO] [007] 2025-01-10 01:58:02 单人地下城
[INFO] [007] 2025-01-10 01:59:21 领AFK奖励
[INFO] [007] 2025-01-10 01:59:21 领取任务奖励
[INFO] [007] 2025-01-10 01:59:21 领取邮件
[INFO] [007] 2025-01-10 01:59:29 领取背包物品
[INFO] [007] 2025-01-10 01:59:53 放置Toyz
[INFO] [007] 2025-01-10 02:11:24 罗马竞技场
[INFO] [007] 2025-01-10 02:11:24 单人地下城
[INFO] [007] 2025-01-10 02:12:39 领AFK奖励
[INFO] [007] 2025-01-10 02:12:39 领取任务奖励
[INFO] [007] 2025-01-10 02:12:39 领取邮件
[INFO] [007] 2025-01-10 02:12:53 领取背包物品
[INFO] [007] 2025-01-10 02:13:17 放置Toyz
[INFO] [007] 2025-01-10 02:13:45 罗马竞技场
[INFO] [007] 2025-01-10 02:13:45 单人地下城
[INFO] [007] 2025-01-10 02:15:00 领AFK奖励
[INFO] [007] 2025-01-10 02:15:00 领取任务奖励
[INFO] [007] 2025-01-10 02:15:00 领取邮件
[INFO] [007] 2025-01-10 02:15:13 领取背包物品
[INFO] [007] 2025-01-10 02:15:39 放置Toyz
[INFO] [007] 2025-01-10 02:27:02 罗马竞技场
[INFO] [007] 2025-01-10 02:27:02 单人地下城
[INFO] [007] 2025-01-10 02:28:20 领AFK奖励
[INFO] [007] 2025-01-10 02:28:20 领取任务奖励
[INFO] [007] 2025-01-10 02:28:20 领取邮件
[INFO] [007] 2025-01-10 02:28:40 领取背包物品
[INFO] [007] 2025-01-10 02:29:06 放置Toyz
[INFO] [007] 2025-01-10 02:29:29 罗马竞技场
[INFO] [007] 2025-01-10 02:29:29 单人地下城
[INFO] [007] 2025-01-10 02:30:53 领AFK奖励
[INFO] [007] 2025-01-10 02:30:53 领取任务奖励
[INFO] [007] 2025-01-10 02:30:53 领取邮件
[INFO] [007] 2025-01-10 02:31:11 领取背包物品
[INFO] [007] 2025-01-10 02:31:36 放置Toyz
[INFO] [007] 2025-01-10 02:43:35 罗马竞技场
[INFO] [007] 2025-01-10 02:43:35 单人地下城
[INFO] [007] 2025-01-10 02:45:06 领AFK奖励
[INFO] [007] 2025-01-10 02:45:06 领取任务奖励
[INFO] [007] 2025-01-10 02:45:06 领取邮件
[INFO] [007] 2025-01-10 02:45:28 领取背包物品
[INFO] [007] 2025-01-10 02:45:57 放置Toyz
[INFO] [007] 2025-01-10 02:46:28 罗马竞技场
[INFO] [007] 2025-01-10 02:46:28 单人地下城
[INFO] [007] 2025-01-10 02:47:52 领AFK奖励
[INFO] [007] 2025-01-10 02:47:53 领取任务奖励
[INFO] [007] 2025-01-10 02:47:53 领取邮件
[INFO] [007] 2025-01-10 02:48:09 领取背包物品
[INFO] [007] 2025-01-10 02:48:33 放置Toyz
[INFO] [007] 2025-01-10 03:00:15 罗马竞技场
[INFO] [007] 2025-01-10 03:00:15 单人地下城
[INFO] [007] 2025-01-10 03:01:36 领AFK奖励
[INFO] [007] 2025-01-10 03:01:36 领取任务奖励
[INFO] [007] 2025-01-10 03:01:37 领取邮件
[INFO] [007] 2025-01-10 03:01:46 领取背包物品
[INFO] [007] 2025-01-10 03:02:12 放置Toyz
[INFO] [007] 2025-01-10 03:02:35 罗马竞技场
[INFO] [007] 2025-01-10 03:02:35 单人地下城
[INFO] [007] 2025-01-10 03:03:58 领AFK奖励
[INFO] [007] 2025-01-10 03:03:58 领取任务奖励
[INFO] [007] 2025-01-10 03:03:58 领取邮件
[INFO] [007] 2025-01-10 03:04:06 领取背包物品
[INFO] [007] 2025-01-10 03:04:32 放置Toyz
[INFO] [007] 2025-01-10 03:16:02 罗马竞技场
[INFO] [007] 2025-01-10 03:16:02 单人地下城
[INFO] [007] 2025-01-10 03:17:23 领AFK奖励
[INFO] [007] 2025-01-10 03:17:24 领取任务奖励
[INFO] [007] 2025-01-10 03:17:24 领取邮件
[INFO] [007] 2025-01-10 03:17:36 领取背包物品
[INFO] [007] 2025-01-10 03:18:02 放置Toyz
[INFO] [007] 2025-01-10 03:18:24 罗马竞技场
[INFO] [007] 2025-01-10 03:18:24 单人地下城
[INFO] [007] 2025-01-10 03:19:40 领AFK奖励
[INFO] [007] 2025-01-10 03:19:40 领取任务奖励
[INFO] [007] 2025-01-10 03:19:40 领取邮件
[INFO] [007] 2025-01-10 03:20:01 领取背包物品
[INFO] [007] 2025-01-10 03:20:28 放置Toyz
[INFO] [007] 2025-01-10 03:31:52 罗马竞技场
[INFO] [007] 2025-01-10 03:31:52 单人地下城
[INFO] [007] 2025-01-10 03:33:06 领AFK奖励
[INFO] [007] 2025-01-10 03:33:06 领取任务奖励
[INFO] [007] 2025-01-10 03:33:06 领取邮件
[INFO] [007] 2025-01-10 03:33:20 领取背包物品
[INFO] [007] 2025-01-10 03:33:46 放置Toyz
[INFO] [007] 2025-01-10 03:34:06 罗马竞技场
[INFO] [007] 2025-01-10 03:34:06 单人地下城
[INFO] [007] 2025-01-10 03:35:26 领AFK奖励
[INFO] [007] 2025-01-10 03:35:26 领取任务奖励
[INFO] [007] 2025-01-10 03:35:26 领取邮件
[INFO] [007] 2025-01-10 03:35:40 领取背包物品
[INFO] [007] 2025-01-10 03:36:05 放置Toyz
[INFO] [007] 2025-01-10 03:47:44 罗马竞技场
[INFO] [007] 2025-01-10 03:47:44 单人地下城
[INFO] [007] 2025-01-10 03:49:01 领AFK奖励
[INFO] [007] 2025-01-10 03:49:01 领取任务奖励
[INFO] [007] 2025-01-10 03:49:01 领取邮件
[INFO] [007] 2025-01-10 03:49:10 领取背包物品
[INFO] [007] 2025-01-10 03:49:34 放置Toyz
[INFO] [007] 2025-01-10 03:49:54 罗马竞技场
[INFO] [007] 2025-01-10 03:49:54 单人地下城
[INFO] [007] 2025-01-10 03:51:11 领AFK奖励
[INFO] [007] 2025-01-10 03:51:11 领取任务奖励
[INFO] [007] 2025-01-10 03:51:11 领取邮件
[INFO] [007] 2025-01-10 03:51:29 领取背包物品
[INFO] [007] 2025-01-10 03:51:54 放置Toyz
[INFO] [007] 2025-01-10 04:03:58 罗马竞技场
[INFO] [007] 2025-01-10 04:03:58 单人地下城
[INFO] [007] 2025-01-10 04:05:14 领AFK奖励
[INFO] [007] 2025-01-10 04:05:14 领取任务奖励
[INFO] [007] 2025-01-10 04:05:14 领取邮件
[INFO] [007] 2025-01-10 04:05:24 领取背包物品
[INFO] [007] 2025-01-10 04:05:50 放置Toyz
[INFO] [007] 2025-01-10 04:06:15 罗马竞技场
[INFO] [007] 2025-01-10 04:06:16 单人地下城
[INFO] [007] 2025-01-10 04:07:32 领AFK奖励
[INFO] [007] 2025-01-10 04:07:32 领取任务奖励
[INFO] [007] 2025-01-10 04:07:32 领取邮件
[INFO] [007] 2025-01-10 04:07:40 领取背包物品
[INFO] [007] 2025-01-10 04:08:04 放置Toyz
[INFO] [007] 2025-01-10 04:19:37 罗马竞技场
[INFO] [007] 2025-01-10 04:19:37 单人地下城
[INFO] [007] 2025-01-10 04:20:54 领AFK奖励
[INFO] [007] 2025-01-10 04:20:54 领取任务奖励
[INFO] [007] 2025-01-10 04:20:54 领取邮件
[INFO] [007] 2025-01-10 04:21:06 领取背包物品
[INFO] [007] 2025-01-10 04:21:29 放置Toyz
[INFO] [007] 2025-01-10 04:21:51 罗马竞技场
[INFO] [007] 2025-01-10 04:21:52 单人地下城
[INFO] [007] 2025-01-10 04:23:07 领AFK奖励
[INFO] [007] 2025-01-10 04:23:07 领取任务奖励
[INFO] [007] 2025-01-10 04:23:07 领取邮件
[INFO] [007] 2025-01-10 04:23:15 领取背包物品
[INFO] [007] 2025-01-10 04:23:38 放置Toyz
[INFO] [007] 2025-01-10 04:35:06 罗马竞技场
[INFO] [007] 2025-01-10 04:35:06 单人地下城
[INFO] [007] 2025-01-10 04:36:18 领AFK奖励
[INFO] [007] 2025-01-10 04:36:19 领取任务奖励
[INFO] [007] 2025-01-10 04:36:19 领取邮件
[INFO] [007] 2025-01-10 04:36:32 领取背包物品
[INFO] [007] 2025-01-10 04:36:56 放置Toyz
[INFO] [007] 2025-01-10 04:37:18 罗马竞技场
[INFO] [007] 2025-01-10 04:37:18 单人地下城
[INFO] [007] 2025-01-10 04:38:30 领AFK奖励
[INFO] [007] 2025-01-10 04:38:31 领取任务奖励
[INFO] [007] 2025-01-10 04:38:31 领取邮件
[INFO] [007] 2025-01-10 04:38:40 领取背包物品
[INFO] [007] 2025-01-10 04:39:04 放置Toyz
[INFO] [007] 2025-01-10 04:50:29 罗马竞技场
[INFO] [007] 2025-01-10 04:50:29 单人地下城
[INFO] [007] 2025-01-10 04:51:45 领AFK奖励
[INFO] [007] 2025-01-10 04:51:45 领取任务奖励
[INFO] [007] 2025-01-10 04:51:46 领取邮件
[INFO] [007] 2025-01-10 04:51:56 领取背包物品
[INFO] [007] 2025-01-10 04:52:20 放置Toyz
[INFO] [007] 2025-01-10 04:52:42 罗马竞技场
[INFO] [007] 2025-01-10 04:52:42 单人地下城
[INFO] [007] 2025-01-10 04:53:58 领AFK奖励
[INFO] [007] 2025-01-10 04:53:58 领取任务奖励
[INFO] [007] 2025-01-10 04:53:58 领取邮件
[INFO] [007] 2025-01-10 04:54:06 领取背包物品
[INFO] [007] 2025-01-10 04:54:30 放置Toyz
[INFO] [007] 2025-01-10 05:05:59 罗马竞技场
[INFO] [007] 2025-01-10 05:05:59 单人地下城
[INFO] [007] 2025-01-10 05:07:12 领AFK奖励
[INFO] [007] 2025-01-10 05:07:12 领取任务奖励
[INFO] [007] 2025-01-10 05:07:12 领取邮件
[INFO] [007] 2025-01-10 05:07:22 领取背包物品
[INFO] [007] 2025-01-10 05:07:49 放置Toyz
[INFO] [007] 2025-01-10 05:08:17 罗马竞技场
[INFO] [007] 2025-01-10 05:08:17 单人地下城
[INFO] [007] 2025-01-10 05:09:34 领AFK奖励
[INFO] [007] 2025-01-10 05:09:34 领取任务奖励
[INFO] [007] 2025-01-10 05:09:34 领取邮件
[INFO] [007] 2025-01-10 05:09:47 领取背包物品
[INFO] [007] 2025-01-10 05:10:11 放置Toyz
[INFO] [007] 2025-01-10 05:22:15 罗马竞技场
[INFO] [007] 2025-01-10 05:22:15 单人地下城
[INFO] [007] 2025-01-10 05:23:33 领AFK奖励
[INFO] [007] 2025-01-10 05:23:33 领取任务奖励
[INFO] [007] 2025-01-10 05:23:34 领取邮件
[INFO] [007] 2025-01-10 05:23:47 领取背包物品
[INFO] [007] 2025-01-10 05:24:12 放置Toyz
[INFO] [007] 2025-01-10 05:24:39 罗马竞技场
[INFO] [007] 2025-01-10 05:24:40 单人地下城
[INFO] [007] 2025-01-10 05:26:06 领AFK奖励
[INFO] [007] 2025-01-10 05:26:06 领取任务奖励
[INFO] [007] 2025-01-10 05:26:06 领取邮件
[INFO] [007] 2025-01-10 05:26:29 领取背包物品
[INFO] [007] 2025-01-10 05:26:54 放置Toyz
[INFO] [007] 2025-01-10 05:38:40 罗马竞技场
[INFO] [007] 2025-01-10 05:38:40 单人地下城
[INFO] [007] 2025-01-10 05:40:01 领AFK奖励
[INFO] [007] 2025-01-10 05:40:01 领取任务奖励
[INFO] [007] 2025-01-10 05:40:01 领取邮件
[INFO] [007] 2025-01-10 05:40:16 领取背包物品
[INFO] [007] 2025-01-10 05:40:43 放置Toyz
[INFO] [007] 2025-01-10 05:41:13 罗马竞技场
[INFO] [007] 2025-01-10 05:41:13 单人地下城
[INFO] [007] 2025-01-10 05:42:29 领AFK奖励
[INFO] [007] 2025-01-10 05:42:30 领取任务奖励
[INFO] [007] 2025-01-10 05:42:30 领取邮件
[INFO] [007] 2025-01-10 05:42:42 领取背包物品
[INFO] [007] 2025-01-10 05:43:08 放置Toyz
[INFO] [007] 2025-01-10 05:54:45 罗马竞技场
[INFO] [007] 2025-01-10 05:54:45 单人地下城
[INFO] [007] 2025-01-10 05:56:00 领AFK奖励
[INFO] [007] 2025-01-10 05:56:00 领取任务奖励
[INFO] [007] 2025-01-10 05:56:00 领取邮件
[INFO] [007] 2025-01-10 05:56:08 领取背包物品
[INFO] [007] 2025-01-10 05:56:32 放置Toyz
[INFO] [007] 2025-01-10 05:56:53 罗马竞技场
[INFO] [007] 2025-01-10 05:56:53 单人地下城
[INFO] [007] 2025-01-10 05:58:07 领AFK奖励
[INFO] [007] 2025-01-10 05:58:07 领取任务奖励
[INFO] [007] 2025-01-10 05:58:07 领取邮件
[INFO] [007] 2025-01-10 05:58:19 领取背包物品
[INFO] [007] 2025-01-10 05:58:43 放置Toyz
[INFO] [007] 2025-01-10 06:10:07 罗马竞技场
[INFO] [007] 2025-01-10 06:10:07 单人地下城
[INFO] [007] 2025-01-10 06:11:21 领AFK奖励
[INFO] [007] 2025-01-10 06:11:21 领取任务奖励
[INFO] [007] 2025-01-10 06:11:21 领取邮件
[INFO] [007] 2025-01-10 06:11:31 领取背包物品
[INFO] [007] 2025-01-10 06:11:55 放置Toyz
[INFO] [007] 2025-01-10 06:12:18 罗马竞技场
[INFO] [007] 2025-01-10 06:12:18 单人地下城
[INFO] [007] 2025-01-10 06:13:37 领AFK奖励
[INFO] [007] 2025-01-10 06:13:37 领取任务奖励
[INFO] [007] 2025-01-10 06:13:38 领取邮件
[INFO] [007] 2025-01-10 06:13:53 领取背包物品
[INFO] [007] 2025-01-10 06:14:17 放置Toyz
[INFO] [007] 2025-01-10 06:26:40 罗马竞技场
[INFO] [007] 2025-01-10 06:26:41 单人地下城
[INFO] [007] 2025-01-10 06:28:04 领AFK奖励
[INFO] [007] 2025-01-10 06:28:04 领取任务奖励
[INFO] [007] 2025-01-10 06:28:04 领取邮件
[INFO] [007] 2025-01-10 06:28:12 领取背包物品
[INFO] [007] 2025-01-10 06:28:36 放置Toyz
[INFO] [007] 2025-01-10 06:28:56 罗马竞技场
[INFO] [007] 2025-01-10 06:28:56 单人地下城
[INFO] [007] 2025-01-10 06:30:11 领AFK奖励
[INFO] [007] 2025-01-10 06:30:11 领取任务奖励
[INFO] [007] 2025-01-10 06:30:11 领取邮件
[INFO] [007] 2025-01-10 06:30:25 领取背包物品
[INFO] [007] 2025-01-10 06:30:49 放置Toyz
[INFO] [007] 2025-01-10 06:42:24 罗马竞技场
[INFO] [007] 2025-01-10 06:42:25 单人地下城
[INFO] [007] 2025-01-10 06:43:40 领AFK奖励
[INFO] [007] 2025-01-10 06:43:40 领取任务奖励
[INFO] [007] 2025-01-10 06:43:40 领取邮件
[INFO] [007] 2025-01-10 06:43:49 领取背包物品
[INFO] [007] 2025-01-10 06:44:14 放置Toyz
[INFO] [007] 2025-01-10 06:44:41 罗马竞技场
[INFO] [007] 2025-01-10 06:44:41 单人地下城
[INFO] [007] 2025-01-10 06:45:58 领AFK奖励
[INFO] [007] 2025-01-10 06:45:59 领取任务奖励
[INFO] [007] 2025-01-10 06:45:59 领取邮件
[INFO] [007] 2025-01-10 06:46:09 领取背包物品
[INFO] [007] 2025-01-10 06:46:36 放置Toyz
[INFO] [007] 2025-01-10 06:58:14 罗马竞技场
[INFO] [007] 2025-01-10 06:58:14 单人地下城
[INFO] [007] 2025-01-10 06:59:37 领AFK奖励
[INFO] [007] 2025-01-10 06:59:37 领取任务奖励
[INFO] [007] 2025-01-10 06:59:37 领取邮件
[INFO] [007] 2025-01-10 06:59:56 领取背包物品
[INFO] [007] 2025-01-10 07:00:21 放置Toyz
[INFO] [007] 2025-01-10 07:00:45 罗马竞技场
[INFO] [007] 2025-01-10 07:00:45 单人地下城
[INFO] [007] 2025-01-10 07:01:59 领AFK奖励
[INFO] [007] 2025-01-10 07:01:59 领取任务奖励
[INFO] [007] 2025-01-10 07:01:59 领取邮件
[INFO] [007] 2025-01-10 07:02:13 领取背包物品
[INFO] [007] 2025-01-10 07:02:39 放置Toyz
[INFO] [007] 2025-01-10 07:14:11 罗马竞技场
[INFO] [007] 2025-01-10 07:14:11 单人地下城
[INFO] [007] 2025-01-10 07:15:28 领AFK奖励
[INFO] [007] 2025-01-10 07:15:29 领取任务奖励
[INFO] [007] 2025-01-10 07:15:29 领取邮件
[INFO] [007] 2025-01-10 07:15:44 领取背包物品
[INFO] [007] 2025-01-10 07:16:11 放置Toyz
[INFO] [007] 2025-01-10 07:16:40 罗马竞技场
[INFO] [007] 2025-01-10 07:16:40 单人地下城
[INFO] [007] 2025-01-10 07:18:05 领AFK奖励
[INFO] [007] 2025-01-10 07:18:05 领取任务奖励
[INFO] [007] 2025-01-10 07:18:05 领取邮件
[INFO] [007] 2025-01-10 07:18:21 领取背包物品
[INFO] [007] 2025-01-10 07:18:47 放置Toyz
[INFO] [007] 2025-01-10 07:30:19 罗马竞技场
[INFO] [007] 2025-01-10 07:30:19 单人地下城
[INFO] [007] 2025-01-10 07:31:32 领AFK奖励
[INFO] [007] 2025-01-10 07:31:32 领取任务奖励
[INFO] [007] 2025-01-10 07:31:32 领取邮件
[INFO] [007] 2025-01-10 07:31:44 领取背包物品
[INFO] [007] 2025-01-10 07:32:11 放置Toyz
[INFO] [007] 2025-01-10 07:32:31 罗马竞技场
[INFO] [007] 2025-01-10 07:32:31 单人地下城
[INFO] [007] 2025-01-10 07:33:48 领AFK奖励
[INFO] [007] 2025-01-10 07:33:48 领取任务奖励
[INFO] [007] 2025-01-10 07:33:48 领取邮件
[INFO] [007] 2025-01-10 07:33:58 领取背包物品
[INFO] [007] 2025-01-10 07:34:25 放置Toyz
[INFO] [007] 2025-01-10 07:45:54 掉线
[INFO] [007] 2025-01-10 07:48:53 罗马竞技场
[INFO] [007] 2025-01-10 07:49:04 单人地下城
[INFO] [007] 2025-01-10 07:54:18 领AFK奖励
[INFO] [007] 2025-01-10 07:54:29 领取任务奖励
[INFO] [007] 2025-01-10 07:54:51 领取邮件
[INFO] [007] 2025-01-10 07:55:10 领取背包物品
[INFO] [007] 2025-01-10 07:55:48 放置Toyz
[INFO] [007] 2025-01-10 07:56:24 罗马竞技场
[INFO] [007] 2025-01-10 07:56:36 单人地下城
[INFO] [007] 2025-01-10 07:56:55 领AFK奖励
[INFO] [007] 2025-01-10 07:57:06 领取任务奖励
[INFO] [007] 2025-01-10 07:57:28 领取邮件
[INFO] [007] 2025-01-10 07:58:13 领取背包物品
[INFO] [007] 2025-01-10 07:58:50 放置Toyz
[INFO] [007] 2025-01-10 08:11:26 放置Toyz
[INFO] [007] 2025-01-10 08:11:53 放置Toyz
[INFO] [007] 2025-01-10 08:23:00 放置Toyz
[INFO] [007] 2025-01-10 08:23:42 放置Toyz
[INFO] [007] 2025-01-10 08:37:43 领每日免费宝石
[INFO] [007] 2025-01-10 08:38:14 放置Toyz
[INFO] [007] 2025-01-10 08:38:52 领每日免费宝石
[INFO] [007] 2025-01-10 08:39:18 放置Toyz
[INFO] [007] 2025-01-10 08:53:21 领每日免费宝石
[INFO] [007] 2025-01-10 08:53:53 放置Toyz
[INFO] [007] 2025-01-10 08:54:23 领每日免费宝石
[INFO] [007] 2025-01-10 08:54:50 放置Toyz
[INFO] [007] 2025-01-10 09:06:51 领每日免费宝石
[INFO] [007] 2025-01-10 09:07:00 放置Toyz
[INFO] [007] 2025-01-10 09:07:33 领每日免费宝石
[INFO] [007] 2025-01-10 09:07:44 放置Toyz
[INFO] [007] 2025-01-10 15:57:31 窗口已强制关闭
[INFO] [007] 2025-01-10 16:00:42 游戏更新下载
[INFO] [007] 2025-01-10 18:44:52 领每日免费宝石
[INFO] [007] 2025-01-10 18:45:14 罗马竞技场
[INFO] [007] 2025-01-10 18:45:26 单人地下城
[INFO] [007] 2025-01-10 18:47:16 领AFK奖励
[INFO] [007] 2025-01-10 18:47:27 领取任务奖励
[INFO] [007] 2025-01-10 18:47:49 领取邮件
[INFO] [007] 2025-01-10 18:48:19 领取背包物品
[INFO] [007] 2025-01-10 18:50:30 放置Toyz
[INFO] [007] 2025-01-10 19:01:52 领每日免费宝石
[INFO] [007] 2025-01-10 19:02:18 罗马竞技场
[INFO] [007] 2025-01-10 19:02:29 单人地下城
[INFO] [007] 2025-01-10 19:03:49 领AFK奖励
[INFO] [007] 2025-01-10 19:04:00 领取任务奖励
[INFO] [007] 2025-01-10 19:04:22 领取邮件
[INFO] [007] 2025-01-10 19:04:48 领取背包物品
[INFO] [007] 2025-01-10 19:05:15 放置Toyz
[INFO] [007] 2025-01-10 19:24:31 领AFK奖励
[INFO] [007] 2025-01-10 19:24:42 领取任务奖励
[INFO] [007] 2025-01-10 19:25:04 领取邮件
[INFO] [007] 2025-01-10 19:25:34 领取背包物品
[INFO] [007] 2025-01-10 19:26:01 放置Toyz
[INFO] [007] 2025-01-10 19:37:15 领AFK奖励
[INFO] [007] 2025-01-10 19:37:26 领取任务奖励
[INFO] [007] 2025-01-10 19:37:48 领取邮件
[INFO] [007] 2025-01-10 19:38:14 领取背包物品
[INFO] [007] 2025-01-10 19:38:42 放置Toyz
[INFO] [007] 2025-01-10 19:50:06 领AFK奖励
[INFO] [007] 2025-01-10 19:50:17 领取任务奖励
[INFO] [007] 2025-01-10 19:50:39 领取邮件
[INFO] [007] 2025-01-10 19:51:12 领取背包物品
[INFO] [007] 2025-01-10 19:52:01 放置Toyz
[INFO] [007] 2025-01-10 20:48:50 开始新手指导任务
[INFO] [007] 2025-01-10 22:10:18 开始新手指导任务
[INFO] [007] 2025-01-10 22:11:52 放置Toyz
[INFO] [007] 2025-01-10 22:23:09 开始新手指导任务
[INFO] [007] 2025-01-10 22:35:33 开始新手指导任务
[INFO] [007] 2025-01-10 22:49:03 开始新手指导任务
[INFO] [007] 2025-01-10 23:09:30 开始新手指导任务
[INFO] [007] 2025-01-10 23:22:20 开始新手指导任务
[INFO] [007] 2025-01-11 00:08:33 开始新手指导任务
[INFO] [007] 2025-01-11 00:43:04 放置Toyz
[INFO] [007] 2025-01-11 00:54:34 开始新手指导任务
[INFO] [007] 2025-01-11 01:28:02 领AFK奖励
[INFO] [007] 2025-01-11 01:28:02 领取任务奖励
[INFO] [007] 2025-01-11 01:28:03 领取邮件
[INFO] [007] 2025-01-11 01:28:16 领取背包物品
[INFO] [007] 2025-01-11 01:39:42 开始新手指导任务
[INFO] [007] 2025-01-11 02:13:47 领AFK奖励
[INFO] [007] 2025-01-11 02:13:47 领取任务奖励
[INFO] [007] 2025-01-11 02:13:47 领取邮件
[INFO] [007] 2025-01-11 02:13:55 领取背包物品
[INFO] [007] 2025-01-11 02:25:28 开始新手指导任务
[INFO] [007] 2025-01-11 03:01:39 放置Toyz
[INFO] [007] 2025-01-11 03:13:04 开始新手指导任务
[INFO] [007] 2025-01-11 03:59:12 开始新手指导任务
[INFO] [007] 2025-01-11 04:45:12 开始新手指导任务
[INFO] [007] 2025-01-11 05:19:33 放置Toyz
[INFO] [007] 2025-01-11 05:31:02 开始新手指导任务
[INFO] [007] 2025-01-11 06:18:58 开始新手指导任务
[INFO] [007] 2025-01-11 07:05:48 开始新手指导任务
[INFO] [007] 2025-01-11 07:41:10 罗马竞技场
[INFO] [007] 2025-01-11 07:41:10 单人地下城
[INFO] [007] 2025-01-11 07:42:23 领AFK奖励
[INFO] [007] 2025-01-11 07:42:23 领取任务奖励
[INFO] [007] 2025-01-11 07:42:23 领取邮件
[INFO] [007] 2025-01-11 07:42:32 领取背包物品
[INFO] [007] 2025-01-11 07:42:55 放置Toyz
[INFO] [007] 2025-01-11 07:54:19 开始新手指导任务
[INFO] [007] 2025-01-11 08:12:13 掉线
[INFO] [007] 2025-01-11 08:15:17 开始新手指导任务
[INFO] [007] 2025-01-11 08:28:44 开始新手指导任务
[INFO] [007] 2025-01-11 08:32:18 领每周免费宝石
[INFO] [007] 2025-01-11 08:44:09 开始新手指导任务
[INFO] [007] 2025-01-11 08:57:14 开始新手指导任务
[INFO] [007] 2025-01-11 08:58:47 领每周免费宝石
[INFO] [007] 2025-01-11 10:20:43 开始新手指导任务
[INFO] [007] 2025-01-11 10:54:38 领每周免费宝石
[INFO] [007] 2025-01-11 10:55:01 放置Toyz
[INFO] [007] 2025-01-11 11:52:59 窗口已强制关闭
[INFO] [007] 2025-01-11 11:59:25 开始新手指导任务
[INFO] [007] 2025-01-11 12:25:41 开始新手指导任务
[INFO] [007] 2025-01-11 12:26:59 领每周免费宝石
[INFO] [007] 2025-01-11 12:27:41 放置Toyz
[INFO] [007] 2025-01-11 12:38:49 开始新手指导任务
[INFO] [007] 2025-01-11 13:11:14 开始新手指导任务
[INFO] [007] 2025-01-11 13:33:19 领AFK奖励
[INFO] [007] 2025-01-11 13:33:30 领取任务奖励
[INFO] [007] 2025-01-11 13:33:51 领取邮件
[INFO] [007] 2025-01-11 13:34:05 领取背包物品
[INFO] [007] 2025-01-11 13:46:34 开始新手指导任务
[INFO] [007] 2025-01-11 15:04:55 开始新手指导任务
[INFO] [007] 2025-01-11 15:11:16 领AFK奖励
[INFO] [007] 2025-01-11 15:11:27 领取任务奖励
[INFO] [007] 2025-01-11 15:39:57 开始新手指导任务
[INFO] [007] 2025-01-11 15:50:14 领AFK奖励
[INFO] [007] 2025-01-11 15:50:25 领取任务奖励
[INFO] [007] 2025-01-11 15:50:47 领取邮件
[INFO] [007] 2025-01-11 15:51:17 领取背包物品
[INFO] [007] 2025-01-11 16:15:23 开始新手指导任务
[INFO] [007] 2025-01-11 16:35:01 开始新手指导任务
[INFO] [007] 2025-01-11 16:40:47 领AFK奖励
[INFO] [007] 2025-01-11 16:41:00 领取任务奖励
[INFO] [007] 2025-01-11 16:41:22 领取邮件
[INFO] [007] 2025-01-11 16:41:36 领取背包物品
[INFO] [007] 2025-01-11 16:42:17 放置Toyz
[INFO] [007] 2025-01-11 16:55:08 开始新手指导任务
[INFO] [007] 2025-01-11 16:57:43 领AFK奖励
[INFO] [007] 2025-01-11 16:57:55 领取任务奖励
[INFO] [007] 2025-01-11 16:58:17 领取邮件
[INFO] [007] 2025-01-11 16:58:58 领取背包物品
[INFO] [007] 2025-01-11 19:03:26 开始新手指导任务
[INFO] [007] 2025-01-11 19:05:44 领每日免费宝石
[INFO] [007] 2025-01-11 19:06:12 领AFK奖励
[INFO] [007] 2025-01-11 19:06:24 领取任务奖励
[INFO] [007] 2025-01-11 19:06:46 领取邮件
[INFO] [007] 2025-01-11 19:07:27 领取背包物品
[INFO] [007] 2025-01-11 19:10:39 放置Toyz
[INFO] [007] 2025-01-11 19:23:45 开始新手指导任务
[INFO] [007] 2025-01-11 19:26:15 领每日免费宝石
[INFO] [007] 2025-01-11 19:26:55 领AFK奖励
[INFO] [007] 2025-01-11 19:27:07 领取任务奖励
[INFO] [007] 2025-01-11 19:27:29 领取邮件
[INFO] [007] 2025-01-11 19:28:18 领取背包物品
[INFO] [007] 2025-01-11 19:31:35 放置Toyz
[INFO] [007] 2025-01-11 19:44:06 开始新手指导任务
[INFO] [007] 2025-01-11 19:53:42 罗马竞技场
[INFO] [007] 2025-01-11 19:53:58 单人地下城
[INFO] [007] 2025-01-11 19:59:02 领AFK奖励
[INFO] [007] 2025-01-11 19:59:15 领取任务奖励
[INFO] [007] 2025-01-11 19:59:37 领取邮件
[INFO] [007] 2025-01-11 20:00:14 领取背包物品
[INFO] [007] 2025-01-11 20:03:11 放置Toyz
[INFO] [007] 2025-01-11 20:15:25 开始新手指导任务
[INFO] [007] 2025-01-11 21:53:53 开始新手指导任务
[INFO] [007] 2025-01-11 21:56:19 领AFK奖励
[INFO] [007] 2025-01-11 21:56:31 领取任务奖励
[INFO] [007] 2025-01-11 21:56:53 领取邮件
[INFO] [007] 2025-01-11 21:57:33 领取背包物品
[INFO] [007] 2025-01-11 22:00:32 放置Toyz
[INFO] [007] 2025-01-11 22:19:26 开始新手指导任务
[INFO] [007] 2025-01-11 22:21:55 领AFK奖励
[INFO] [007] 2025-01-11 22:22:07 领取任务奖励
[INFO] [007] 2025-01-11 22:22:29 领取邮件
[INFO] [007] 2025-01-11 22:23:07 领取背包物品
[INFO] [007] 2025-01-11 22:24:34 放置Toyz
[INFO] [007] 2025-01-11 22:43:35 开始新手指导任务
[INFO] [007] 2025-01-11 23:04:18 开始新手指导任务
[INFO] [007] 2025-01-11 23:24:55 开始新手指导任务
[INFO] [007] 2025-01-11 23:45:33 开始新手指导任务
[INFO] [007] 2025-01-12 00:06:16 开始新手指导任务
[INFO] [007] 2025-01-12 00:26:53 开始新手指导任务
[INFO] [007] 2025-01-12 00:29:21 放置Toyz
[INFO] [007] 2025-01-12 00:48:46 开始新手指导任务
[INFO] [007] 2025-01-12 00:51:35 放置Toyz
[INFO] [007] 2025-01-12 01:11:55 开始新手指导任务
[INFO] [007] 2025-01-12 01:32:35 开始新手指导任务
[INFO] [007] 2025-01-12 01:35:39 放置Toyz
[INFO] [007] 2025-01-12 01:55:24 开始新手指导任务
[INFO] [007] 2025-01-12 02:17:03 开始新手指导任务
[INFO] [007] 2025-01-12 02:19:41 放置Toyz
[INFO] [007] 2025-01-12 02:38:35 开始新手指导任务
[INFO] [007] 2025-01-12 02:40:55 放置Toyz
[INFO] [007] 2025-01-12 03:00:04 开始新手指导任务
[INFO] [007] 2025-01-12 03:02:56 放置Toyz
[INFO] [007] 2025-01-12 03:21:35 开始新手指导任务
[INFO] [007] 2025-01-12 03:25:54 领AFK奖励
[INFO] [007] 2025-01-12 03:26:07 领取任务奖励
[INFO] [007] 2025-01-12 03:26:29 领取邮件
[INFO] [007] 2025-01-12 03:27:07 领取背包物品
[INFO] [007] 2025-01-12 03:48:57 开始新手指导任务
[INFO] [007] 2025-01-12 04:19:51 领AFK奖励
[INFO] [007] 2025-01-12 04:20:03 领取任务奖励
[INFO] [007] 2025-01-12 04:20:25 领取邮件
[INFO] [007] 2025-01-12 04:21:05 领取背包物品
[INFO] [007] 2025-01-12 04:39:15 掉线
[INFO] [007] 2025-01-12 04:42:00 开始新手指导任务
[INFO] [007] 2025-01-12 04:45:11 领AFK奖励
[INFO] [007] 2025-01-12 04:45:23 领取任务奖励
[INFO] [007] 2025-01-12 04:45:45 领取邮件
[INFO] [007] 2025-01-12 04:45:56 领取背包物品
[INFO] [007] 2025-01-12 05:05:04 开始新手指导任务
[INFO] [007] 2025-01-12 05:07:31 放置Toyz
[INFO] [007] 2025-01-12 05:26:13 开始新手指导任务
[INFO] [007] 2025-01-12 05:49:01 开始新手指导任务
[INFO] [007] 2025-01-12 06:10:06 开始新手指导任务
[INFO] [007] 2025-01-12 06:13:21 领AFK奖励
[INFO] [007] 2025-01-12 06:13:34 领取任务奖励
[INFO] [007] 2025-01-12 06:13:55 领取邮件
[INFO] [007] 2025-01-12 06:14:06 领取背包物品
[INFO] [007] 2025-01-12 06:17:10 放置Toyz
[INFO] [007] 2025-01-12 06:35:52 开始新手指导任务
[INFO] [007] 2025-01-12 06:56:34 开始新手指导任务
[INFO] [007] 2025-01-12 07:17:44 开始新手指导任务
[INFO] [007] 2025-01-12 07:38:32 开始新手指导任务
[INFO] [007] 2025-01-12 07:59:02 开始新手指导任务
[INFO] [007] 2025-01-12 08:02:20 罗马竞技场
[INFO] [007] 2025-01-12 08:02:35 单人地下城
[INFO] [007] 2025-01-12 08:22:44 开始新手指导任务
[INFO] [007] 2025-01-12 08:25:20 罗马竞技场
[INFO] [007] 2025-01-12 08:25:37 单人地下城
[INFO] [007] 2025-01-12 08:26:44 放置Toyz
[INFO] [007] 2025-01-12 08:45:27 开始新手指导任务
[INFO] [007] 2025-01-12 08:47:55 罗马竞技场
[INFO] [007] 2025-01-12 08:48:09 单人地下城
[INFO] [007] 2025-01-12 08:48:43 放置Toyz
[INFO] [007] 2025-01-12 09:07:31 开始新手指导任务
[INFO] [007] 2025-01-12 09:09:58 罗马竞技场
[INFO] [007] 2025-01-12 09:10:12 单人地下城
[INFO] [007] 2025-01-12 09:10:51 放置Toyz
[INFO] [007] 2025-01-12 10:54:25 开始新手指导任务
[INFO] [007] 2025-01-12 11:08:57 开始新手指导任务
[INFO] [007] 2025-01-12 11:27:30 领AFK奖励
[INFO] [007] 2025-01-12 11:27:43 领取任务奖励
[INFO] [007] 2025-01-12 11:28:04 领取邮件
[INFO] [007] 2025-01-12 11:28:15 领取背包物品
[INFO] [007] 2025-01-12 11:30:03 放置Toyz
[INFO] [007] 2025-01-12 12:06:14 开始新手指导任务
[INFO] [007] 2025-01-12 12:29:37 开始新手指导任务
[INFO] [007] 2025-01-12 12:52:09 开始新手指导任务
[INFO] [007] 2025-01-12 13:14:48 开始新手指导任务
[INFO] [007] 2025-01-12 13:37:59 开始新手指导任务
[INFO] [007] 2025-01-12 13:42:21 放置Toyz
[INFO] [007] 2025-01-12 13:56:16 开始新手指导任务
[INFO] [007] 2025-01-12 14:11:17 开始新手指导任务
[INFO] [007] 2025-01-12 14:36:01 开始新手指导任务
[INFO] [007] 2025-01-12 14:59:10 开始新手指导任务
[INFO] [007] 2025-01-12 15:27:45 开始新手指导任务
[INFO] [007] 2025-01-12 17:02:01 开始新手指导任务
[INFO] [007] 2025-01-12 17:15:55 领AFK奖励
[INFO] [007] 2025-01-12 17:15:56 领取任务奖励
[INFO] [007] 2025-01-12 17:15:56 领取邮件
[INFO] [007] 2025-01-12 17:16:01 领取背包物品
[INFO] [007] 2025-01-12 17:16:24 放置Toyz
[INFO] [007] 2025-01-12 19:14:01 领AFK奖励
[INFO] [007] 2025-01-12 19:14:10 领取任务奖励
[INFO] [007] 2025-01-12 19:14:10 领取邮件
[INFO] [007] 2025-01-12 19:14:15 领取背包物品
[INFO] [007] 2025-01-12 19:22:50 领AFK奖励
[INFO] [007] 2025-01-12 19:23:02 领取任务奖励
[INFO] [007] 2025-01-12 19:23:24 领取邮件
[INFO] [007] 2025-01-12 19:24:00 领取背包物品
[INFO] [007] 2025-01-12 19:25:48 放置Toyz
[INFO] [007] 2025-01-12 20:38:45 领每日免费宝石
[INFO] [007] 2025-01-12 21:00:25 领每日免费宝石
[INFO] [007] 2025-01-12 21:18:33 领每日免费宝石
[INFO] [007] 2025-01-12 21:19:01 罗马竞技场
[INFO] [007] 2025-01-12 21:19:15 单人地下城
[INFO] [007] 2025-01-12 21:38:03 放置Toyz
[INFO] [007] 2025-01-12 21:57:29 放置Toyz
[INFO] [007] 2025-01-13 00:05:56 放置Toyz
[INFO] [007] 2025-01-13 00:30:38 领AFK奖励
[INFO] [007] 2025-01-13 00:30:50 领取任务奖励
[INFO] [007] 2025-01-13 00:31:12 领取邮件
[INFO] [007] 2025-01-13 00:31:26 领取背包物品
[INFO] [007] 2025-01-13 00:32:07 放置Toyz
[INFO] [007] 2025-01-13 01:05:46 领AFK奖励
[INFO] [007] 2025-01-13 01:05:59 领取任务奖励
[INFO] [007] 2025-01-13 01:06:21 领取邮件
[INFO] [007] 2025-01-13 01:06:58 领取背包物品
[INFO] [007] 2025-01-13 01:10:06 放置Toyz
[INFO] [007] 2025-01-13 01:43:09 领AFK奖励
[INFO] [007] 2025-01-13 01:43:22 领取任务奖励
[INFO] [007] 2025-01-13 01:43:43 领取邮件
[INFO] [007] 2025-01-13 01:44:20 领取背包物品
[INFO] [007] 2025-01-13 01:46:18 放置Toyz
[INFO] [007] 2025-01-13 02:18:17 领AFK奖励
[INFO] [007] 2025-01-13 02:18:30 领取任务奖励
[INFO] [007] 2025-01-13 02:18:52 领取邮件
[INFO] [007] 2025-01-13 02:19:07 领取背包物品
[INFO] [007] 2025-01-13 02:19:32 放置Toyz
[INFO] [007] 2025-01-13 02:51:58 领AFK奖励
[INFO] [007] 2025-01-13 02:52:11 领取任务奖励
[INFO] [007] 2025-01-13 02:52:32 领取邮件
[INFO] [007] 2025-01-13 02:53:09 领取背包物品
[INFO] [007] 2025-01-13 02:53:49 放置Toyz
[INFO] [007] 2025-01-13 03:25:44 领AFK奖励
[INFO] [007] 2025-01-13 03:25:57 领取任务奖励
[INFO] [007] 2025-01-13 03:26:18 领取邮件
[INFO] [007] 2025-01-13 03:26:44 领取背包物品
[INFO] [007] 2025-01-13 03:27:47 放置Toyz
[INFO] [007] 2025-01-13 04:31:26 掉线
[INFO] [007] 2025-01-13 04:32:50 掉线
[INFO] [007] 2025-01-13 04:34:14 掉线
[INFO] [007] 2025-01-13 05:50:45 窗口已强制关闭
[INFO] [007] 2025-01-13 06:00:53 放置Toyz
[INFO] [007] 2025-01-13 06:32:46 放置Toyz
[INFO] [007] 2025-01-13 14:26:57 领每周免费宝石
[INFO] [007] 2025-01-13 14:28:04 罗马竞技场
[INFO] [007] 2025-01-13 14:28:27 单人地下城
[INFO] [007] 2025-01-13 14:30:46 领AFK奖励
[INFO] [007] 2025-01-13 14:30:58 领取任务奖励
[INFO] [007] 2025-01-13 14:31:20 领取邮件
[INFO] [007] 2025-01-13 14:32:13 领取背包物品
[INFO] [007] 2025-01-13 14:33:06 放置Toyz
[INFO] [007] 2025-01-13 15:08:50 领每周免费宝石
[INFO] [007] 2025-01-13 15:12:31 罗马竞技场
[INFO] [007] 2025-01-13 15:12:48 单人地下城
[INFO] [007] 2025-01-13 15:14:09 领AFK奖励
[INFO] [007] 2025-01-13 15:14:22 领取任务奖励
[INFO] [007] 2025-01-13 15:14:44 领取邮件
[INFO] [007] 2025-01-13 15:14:55 领取背包物品
[INFO] [007] 2025-01-13 15:15:19 放置Toyz
[INFO] [007] 2025-01-13 15:48:28 领每周免费宝石
[INFO] [007] 2025-01-13 15:49:28 罗马竞技场
[INFO] [007] 2025-01-13 15:49:43 单人地下城
[INFO] [007] 2025-01-13 15:50:50 领AFK奖励
[INFO] [007] 2025-01-13 15:51:03 领取任务奖励
[INFO] [007] 2025-01-13 15:51:25 领取邮件
[INFO] [007] 2025-01-13 15:52:01 领取背包物品
[INFO] [007] 2025-01-13 15:54:57 放置Toyz
[INFO] [007] 2025-01-13 18:29:46 开始新手指导任务
[INFO] [007] 2025-01-13 18:46:42 放置Toyz
[INFO] [007] 2025-01-13 19:23:47 开始新手指导任务
[INFO] [007] 2025-01-13 20:02:54 开始新手指导任务
[INFO] [007] 2025-01-13 20:42:48 开始新手指导任务
[INFO] [007] 2025-01-13 21:19:13 开始新手指导任务
[INFO] [007] 2025-01-13 21:22:11 领每日免费宝石
[INFO] [007] 2025-01-13 21:22:39 领AFK奖励
[INFO] [007] 2025-01-13 21:22:52 领取任务奖励
[INFO] [007] 2025-01-13 21:23:13 领取邮件
[INFO] [007] 2025-01-13 21:23:20 领取背包物品
[INFO] [007] 2025-01-13 21:23:59 放置Toyz
[INFO] [007] 2025-01-13 22:02:03 开始新手指导任务
[INFO] [007] 2025-01-13 22:06:03 领每日免费宝石
[INFO] [007] 2025-01-13 22:06:36 领AFK奖励
[INFO] [007] 2025-01-13 22:06:49 领取任务奖励
[INFO] [007] 2025-01-13 22:07:11 领取邮件
[INFO] [007] 2025-01-13 22:07:49 领取背包物品
[INFO] [007] 2025-01-13 22:08:25 放置Toyz
[INFO] [007] 2025-01-13 22:44:50 开始新手指导任务
[INFO] [007] 2025-01-13 22:49:26 领每日免费宝石
[INFO] [007] 2025-01-13 22:49:56 领AFK奖励
[INFO] [007] 2025-01-13 22:50:09 领取任务奖励
[INFO] [007] 2025-01-13 22:50:31 领取邮件
[INFO] [007] 2025-01-13 22:51:12 领取背包物品
[INFO] [007] 2025-01-13 22:52:18 放置Toyz
