[INFO] [008] 2025-01-09 08:08:54 开始新手指导任务
[INFO] [008] 2025-01-09 08:17:39 领每周免费宝石
[INFO] [008] 2025-01-09 08:18:28 领每日免费宝石
[INFO] [008] 2025-01-09 08:18:54 罗马竞技场
[INFO] [008] 2025-01-09 08:19:07 单人地下城
[INFO] [008] 2025-01-09 08:19:26 领AFK奖励
[INFO] [008] 2025-01-09 08:19:37 领取任务奖励
[INFO] [008] 2025-01-09 08:19:58 领取邮件
[INFO] [008] 2025-01-09 08:20:20 领取背包物品
[INFO] [008] 2025-01-09 08:20:55 放置Toyz
[INFO] [008] 2025-01-09 08:22:24 开始新手指导任务
[INFO] [008] 2025-01-09 08:37:23 开始新手指导任务
[INFO] [008] 2025-01-09 09:01:32 领每周免费宝石
[INFO] [008] 2025-01-09 09:02:18 领每日免费宝石
[INFO] [008] 2025-01-09 09:02:41 罗马竞技场
[INFO] [008] 2025-01-09 09:02:55 单人地下城
[INFO] [008] 2025-01-09 09:03:13 领AFK奖励
[INFO] [008] 2025-01-09 09:03:24 领取任务奖励
[INFO] [008] 2025-01-09 09:03:46 领取邮件
[INFO] [008] 2025-01-09 09:04:07 领取背包物品
[INFO] [008] 2025-01-09 09:05:39 放置Toyz
[INFO] [008] 2025-01-09 09:07:03 开始新手指导任务
[INFO] [008] 2025-01-09 09:42:12 开始新手指导任务
[INFO] [008] 2025-01-09 10:12:39 开始新手指导任务
[INFO] [008] 2025-01-09 10:27:47 开始新手指导任务
[INFO] [008] 2025-01-09 10:51:55 开始新手指导任务
[INFO] [008] 2025-01-09 11:10:51 放置Toyz
[INFO] [008] 2025-01-09 11:36:49 开始新手指导任务
[INFO] [008] 2025-01-09 11:45:32 开始新手指导任务
[INFO] [008] 2025-01-09 11:56:54 开始新手指导任务
[INFO] [008] 2025-01-09 13:11:15 放置Toyz
[INFO] [008] 2025-01-09 16:23:21 领AFK奖励
[INFO] [008] 2025-01-09 16:23:32 领取任务奖励
[INFO] [008] 2025-01-09 16:23:54 领取邮件
[INFO] [008] 2025-01-09 16:24:21 领取背包物品
[INFO] [008] 2025-01-09 16:26:00 放置Toyz
[INFO] [008] 2025-01-09 16:48:32 窗口已强制关闭
[INFO] [008] 2025-01-09 18:14:38 窗口已强制关闭
[INFO] [008] 2025-01-09 19:09:24 放置Toyz
[INFO] [008] 2025-01-09 20:59:29 放置Toyz
[INFO] [008] 2025-01-09 22:13:45 罗马竞技场
[INFO] [008] 2025-01-09 22:13:57 单人地下城
[INFO] [008] 2025-01-09 22:16:06 领AFK奖励
[INFO] [008] 2025-01-09 22:16:17 领取任务奖励
[INFO] [008] 2025-01-09 22:16:38 领取邮件
[INFO] [008] 2025-01-09 22:17:04 领取背包物品
[INFO] [008] 2025-01-09 22:19:12 罗马竞技场
[INFO] [008] 2025-01-09 22:19:24 单人地下城
[INFO] [008] 2025-01-09 22:20:11 领AFK奖励
[INFO] [008] 2025-01-09 22:20:22 领取任务奖励
[INFO] [008] 2025-01-09 22:20:44 领取邮件
[INFO] [008] 2025-01-09 22:21:10 领取背包物品
[INFO] [008] 2025-01-09 22:57:06 罗马竞技场
[INFO] [008] 2025-01-09 22:57:17 单人地下城
[INFO] [008] 2025-01-09 23:00:15 领AFK奖励
[INFO] [008] 2025-01-09 23:00:26 领取任务奖励
[INFO] [008] 2025-01-09 23:00:47 领取邮件
[INFO] [008] 2025-01-09 23:01:13 领取背包物品
[INFO] [008] 2025-01-09 23:01:40 放置Toyz
[INFO] [008] 2025-01-09 23:01:57 罗马竞技场
[INFO] [008] 2025-01-09 23:02:09 单人地下城
[INFO] [008] 2025-01-09 23:02:57 领AFK奖励
[INFO] [008] 2025-01-09 23:03:09 领取任务奖励
[INFO] [008] 2025-01-09 23:03:30 领取邮件
[INFO] [008] 2025-01-09 23:03:58 领取背包物品
[INFO] [008] 2025-01-09 23:04:25 放置Toyz
[INFO] [008] 2025-01-09 23:42:23 罗马竞技场
[INFO] [008] 2025-01-09 23:42:35 单人地下城
[INFO] [008] 2025-01-09 23:43:22 领AFK奖励
[INFO] [008] 2025-01-09 23:43:33 领取任务奖励
[INFO] [008] 2025-01-09 23:43:54 领取邮件
[INFO] [008] 2025-01-09 23:44:13 领取背包物品
[INFO] [008] 2025-01-09 23:44:47 放置Toyz
[INFO] [008] 2025-01-09 23:45:26 罗马竞技场
[INFO] [008] 2025-01-09 23:45:37 单人地下城
[INFO] [008] 2025-01-09 23:46:20 领AFK奖励
[INFO] [008] 2025-01-09 23:46:31 领取任务奖励
[INFO] [008] 2025-01-09 23:46:53 领取邮件
[INFO] [008] 2025-01-09 23:47:03 领取背包物品
[INFO] [008] 2025-01-09 23:47:37 放置Toyz
[INFO] [008] 2025-01-10 00:00:44 罗马竞技场
[INFO] [008] 2025-01-10 00:00:57 单人地下城
[INFO] [008] 2025-01-10 00:01:51 领AFK奖励
[INFO] [008] 2025-01-10 00:02:02 领取任务奖励
[INFO] [008] 2025-01-10 00:02:23 领取邮件
[INFO] [008] 2025-01-10 00:02:36 领取背包物品
[INFO] [008] 2025-01-10 00:03:09 放置Toyz
[INFO] [008] 2025-01-10 00:03:36 罗马竞技场
[INFO] [008] 2025-01-10 00:03:47 单人地下城
[INFO] [008] 2025-01-10 00:04:37 领AFK奖励
[INFO] [008] 2025-01-10 00:04:48 领取任务奖励
[INFO] [008] 2025-01-10 00:05:09 领取邮件
[INFO] [008] 2025-01-10 00:05:20 领取背包物品
[INFO] [008] 2025-01-10 00:05:53 放置Toyz
[INFO] [008] 2025-01-10 00:18:50 罗马竞技场
[INFO] [008] 2025-01-10 00:19:08 单人地下城
[INFO] [008] 2025-01-10 00:19:52 领AFK奖励
[INFO] [008] 2025-01-10 00:20:03 领取任务奖励
[INFO] [008] 2025-01-10 00:20:25 领取邮件
[INFO] [008] 2025-01-10 00:20:35 领取背包物品
[INFO] [008] 2025-01-10 00:21:07 放置Toyz
[INFO] [008] 2025-01-10 00:21:34 罗马竞技场
[INFO] [008] 2025-01-10 00:21:46 单人地下城
[INFO] [008] 2025-01-10 00:22:31 领AFK奖励
[INFO] [008] 2025-01-10 00:22:42 领取任务奖励
[INFO] [008] 2025-01-10 00:23:04 领取邮件
[INFO] [008] 2025-01-10 00:23:14 领取背包物品
[INFO] [008] 2025-01-10 00:23:48 放置Toyz
[INFO] [008] 2025-01-10 00:36:12 罗马竞技场
[INFO] [008] 2025-01-10 00:36:24 单人地下城
[INFO] [008] 2025-01-10 00:37:06 领AFK奖励
[INFO] [008] 2025-01-10 00:37:17 领取任务奖励
[INFO] [008] 2025-01-10 00:37:39 领取邮件
[INFO] [008] 2025-01-10 00:37:55 领取背包物品
[INFO] [008] 2025-01-10 00:38:29 放置Toyz
[INFO] [008] 2025-01-10 00:39:03 罗马竞技场
[INFO] [008] 2025-01-10 00:39:15 单人地下城
[INFO] [008] 2025-01-10 00:40:05 领AFK奖励
[INFO] [008] 2025-01-10 00:40:16 领取任务奖励
[INFO] [008] 2025-01-10 00:40:38 领取邮件
[INFO] [008] 2025-01-10 00:40:58 领取背包物品
[INFO] [008] 2025-01-10 00:41:34 放置Toyz
[INFO] [008] 2025-01-10 00:53:52 罗马竞技场
[INFO] [008] 2025-01-10 00:54:06 单人地下城
[INFO] [008] 2025-01-10 00:54:55 领AFK奖励
[INFO] [008] 2025-01-10 00:55:07 领取任务奖励
[INFO] [008] 2025-01-10 00:55:28 领取邮件
[INFO] [008] 2025-01-10 00:55:38 领取背包物品
[INFO] [008] 2025-01-10 00:56:11 放置Toyz
[INFO] [008] 2025-01-10 00:56:38 罗马竞技场
[INFO] [008] 2025-01-10 00:56:52 单人地下城
[INFO] [008] 2025-01-10 00:57:47 领AFK奖励
[INFO] [008] 2025-01-10 00:57:58 领取任务奖励
[INFO] [008] 2025-01-10 00:58:20 领取邮件
[INFO] [008] 2025-01-10 00:58:38 领取背包物品
[INFO] [008] 2025-01-10 00:59:12 放置Toyz
[INFO] [008] 2025-01-10 01:11:31 罗马竞技场
[INFO] [008] 2025-01-10 01:11:43 单人地下城
[INFO] [008] 2025-01-10 01:12:36 领AFK奖励
[INFO] [008] 2025-01-10 01:12:47 领取任务奖励
[INFO] [008] 2025-01-10 01:13:09 领取邮件
[INFO] [008] 2025-01-10 01:13:19 领取背包物品
[INFO] [008] 2025-01-10 01:13:51 放置Toyz
[INFO] [008] 2025-01-10 01:14:16 罗马竞技场
[INFO] [008] 2025-01-10 01:14:28 单人地下城
[INFO] [008] 2025-01-10 01:15:15 领AFK奖励
[INFO] [008] 2025-01-10 01:15:26 领取任务奖励
[INFO] [008] 2025-01-10 01:15:48 领取邮件
[INFO] [008] 2025-01-10 01:16:00 领取背包物品
[INFO] [008] 2025-01-10 01:16:33 放置Toyz
[INFO] [008] 2025-01-10 01:28:47 罗马竞技场
[INFO] [008] 2025-01-10 01:28:59 单人地下城
[INFO] [008] 2025-01-10 01:29:46 领AFK奖励
[INFO] [008] 2025-01-10 01:29:57 领取任务奖励
[INFO] [008] 2025-01-10 01:30:19 领取邮件
[INFO] [008] 2025-01-10 01:30:29 领取背包物品
[INFO] [008] 2025-01-10 01:31:01 放置Toyz
[INFO] [008] 2025-01-10 01:31:27 罗马竞技场
[INFO] [008] 2025-01-10 01:31:39 单人地下城
[INFO] [008] 2025-01-10 01:32:23 领AFK奖励
[INFO] [008] 2025-01-10 01:32:34 领取任务奖励
[INFO] [008] 2025-01-10 01:32:55 领取邮件
[INFO] [008] 2025-01-10 01:33:09 领取背包物品
[INFO] [008] 2025-01-10 01:33:42 放置Toyz
[INFO] [008] 2025-01-10 01:46:03 罗马竞技场
[INFO] [008] 2025-01-10 01:46:17 单人地下城
[INFO] [008] 2025-01-10 01:47:02 领AFK奖励
[INFO] [008] 2025-01-10 01:47:14 领取任务奖励
[INFO] [008] 2025-01-10 01:47:35 领取邮件
[INFO] [008] 2025-01-10 01:47:45 领取背包物品
[INFO] [008] 2025-01-10 01:48:18 放置Toyz
[INFO] [008] 2025-01-10 01:48:45 罗马竞技场
[INFO] [008] 2025-01-10 01:48:57 单人地下城
[INFO] [008] 2025-01-10 01:49:47 领AFK奖励
[INFO] [008] 2025-01-10 01:49:58 领取任务奖励
[INFO] [008] 2025-01-10 01:50:20 领取邮件
[INFO] [008] 2025-01-10 01:50:32 领取背包物品
[INFO] [008] 2025-01-10 01:51:06 放置Toyz
[INFO] [008] 2025-01-10 02:04:24 罗马竞技场
[INFO] [008] 2025-01-10 02:04:36 单人地下城
[INFO] [008] 2025-01-10 02:05:33 领AFK奖励
[INFO] [008] 2025-01-10 02:05:44 领取任务奖励
[INFO] [008] 2025-01-10 02:06:06 领取邮件
[INFO] [008] 2025-01-10 02:06:26 领取背包物品
[INFO] [008] 2025-01-10 02:06:59 放置Toyz
[INFO] [008] 2025-01-10 02:07:24 罗马竞技场
[INFO] [008] 2025-01-10 02:07:36 单人地下城
[INFO] [008] 2025-01-10 02:08:22 领AFK奖励
[INFO] [008] 2025-01-10 02:08:33 领取任务奖励
[INFO] [008] 2025-01-10 02:08:55 领取邮件
[INFO] [008] 2025-01-10 02:09:09 领取背包物品
[INFO] [008] 2025-01-10 02:09:44 放置Toyz
[INFO] [008] 2025-01-10 02:21:55 罗马竞技场
[INFO] [008] 2025-01-10 02:22:06 单人地下城
[INFO] [008] 2025-01-10 02:22:53 领AFK奖励
[INFO] [008] 2025-01-10 02:23:04 领取任务奖励
[INFO] [008] 2025-01-10 02:23:25 领取邮件
[INFO] [008] 2025-01-10 02:23:36 领取背包物品
[INFO] [008] 2025-01-10 02:24:08 放置Toyz
[INFO] [008] 2025-01-10 02:24:41 罗马竞技场
[INFO] [008] 2025-01-10 02:24:54 单人地下城
[INFO] [008] 2025-01-10 02:25:48 领AFK奖励
[INFO] [008] 2025-01-10 02:25:59 领取任务奖励
[INFO] [008] 2025-01-10 02:26:21 领取邮件
[INFO] [008] 2025-01-10 02:26:35 领取背包物品
[INFO] [008] 2025-01-10 02:27:08 放置Toyz
[INFO] [008] 2025-01-10 02:39:49 罗马竞技场
[INFO] [008] 2025-01-10 02:40:05 单人地下城
[INFO] [008] 2025-01-10 02:40:52 领AFK奖励
[INFO] [008] 2025-01-10 02:41:03 领取任务奖励
[INFO] [008] 2025-01-10 02:41:24 领取邮件
[INFO] [008] 2025-01-10 02:41:40 领取背包物品
[INFO] [008] 2025-01-10 02:42:14 放置Toyz
[INFO] [008] 2025-01-10 02:42:54 罗马竞技场
[INFO] [008] 2025-01-10 02:43:09 单人地下城
[INFO] [008] 2025-01-10 02:44:22 领AFK奖励
[INFO] [008] 2025-01-10 02:44:34 领取任务奖励
[INFO] [008] 2025-01-10 02:44:55 领取邮件
[INFO] [008] 2025-01-10 02:45:27 领取背包物品
[INFO] [008] 2025-01-10 02:46:02 放置Toyz
[INFO] [008] 2025-01-10 02:58:41 罗马竞技场
[INFO] [008] 2025-01-10 02:59:00 单人地下城
[INFO] [008] 2025-01-10 03:00:07 领AFK奖励
[INFO] [008] 2025-01-10 03:00:19 领取任务奖励
[INFO] [008] 2025-01-10 03:00:40 领取邮件
[INFO] [008] 2025-01-10 03:00:58 领取背包物品
[INFO] [008] 2025-01-10 03:01:34 放置Toyz
[INFO] [008] 2025-01-10 03:02:06 罗马竞技场
[INFO] [008] 2025-01-10 03:02:17 单人地下城
[INFO] [008] 2025-01-10 03:03:12 领AFK奖励
[INFO] [008] 2025-01-10 03:03:23 领取任务奖励
[INFO] [008] 2025-01-10 03:03:44 领取邮件
[INFO] [008] 2025-01-10 03:03:55 领取背包物品
[INFO] [008] 2025-01-10 03:04:30 放置Toyz
[INFO] [008] 2025-01-10 03:17:58 罗马竞技场
[INFO] [008] 2025-01-10 03:18:12 单人地下城
[INFO] [008] 2025-01-10 03:19:04 领AFK奖励
[INFO] [008] 2025-01-10 03:19:15 领取任务奖励
[INFO] [008] 2025-01-10 03:19:37 领取邮件
[INFO] [008] 2025-01-10 03:20:00 领取背包物品
[INFO] [008] 2025-01-10 03:20:34 放置Toyz
[INFO] [008] 2025-01-10 03:21:04 罗马竞技场
[INFO] [008] 2025-01-10 03:21:20 单人地下城
[INFO] [008] 2025-01-10 03:22:21 领AFK奖励
[INFO] [008] 2025-01-10 03:22:32 领取任务奖励
[INFO] [008] 2025-01-10 03:22:54 领取邮件
[INFO] [008] 2025-01-10 03:23:13 领取背包物品
[INFO] [008] 2025-01-10 03:23:49 放置Toyz
[INFO] [008] 2025-01-10 03:36:54 罗马竞技场
[INFO] [008] 2025-01-10 03:37:07 单人地下城
[INFO] [008] 2025-01-10 03:38:14 领AFK奖励
[INFO] [008] 2025-01-10 03:38:25 领取任务奖励
[INFO] [008] 2025-01-10 03:38:47 领取邮件
[INFO] [008] 2025-01-10 03:39:02 领取背包物品
[INFO] [008] 2025-01-10 03:39:37 放置Toyz
[INFO] [008] 2025-01-10 03:40:20 罗马竞技场
[INFO] [008] 2025-01-10 03:40:33 单人地下城
[INFO] [008] 2025-01-10 03:41:29 领AFK奖励
[INFO] [008] 2025-01-10 03:41:40 领取任务奖励
[INFO] [008] 2025-01-10 03:42:02 领取邮件
[INFO] [008] 2025-01-10 03:42:12 领取背包物品
[INFO] [008] 2025-01-10 03:42:44 放置Toyz
[INFO] [008] 2025-01-10 03:55:00 罗马竞技场
[INFO] [008] 2025-01-10 03:55:11 单人地下城
[INFO] [008] 2025-01-10 03:56:04 领AFK奖励
[INFO] [008] 2025-01-10 03:56:15 领取任务奖励
[INFO] [008] 2025-01-10 03:56:37 领取邮件
[INFO] [008] 2025-01-10 03:56:57 领取背包物品
[INFO] [008] 2025-01-10 03:57:29 放置Toyz
[INFO] [008] 2025-01-10 03:57:58 罗马竞技场
[INFO] [008] 2025-01-10 03:58:09 单人地下城
[INFO] [008] 2025-01-10 03:59:03 领AFK奖励
[INFO] [008] 2025-01-10 03:59:14 领取任务奖励
[INFO] [008] 2025-01-10 03:59:35 领取邮件
[INFO] [008] 2025-01-10 03:59:45 领取背包物品
[INFO] [008] 2025-01-10 04:00:19 放置Toyz
[INFO] [008] 2025-01-10 04:12:39 罗马竞技场
[INFO] [008] 2025-01-10 04:12:53 单人地下城
[INFO] [008] 2025-01-10 04:13:52 领AFK奖励
[INFO] [008] 2025-01-10 04:14:03 领取任务奖励
[INFO] [008] 2025-01-10 04:14:25 领取邮件
[INFO] [008] 2025-01-10 04:14:38 领取背包物品
[INFO] [008] 2025-01-10 04:15:10 放置Toyz
[INFO] [008] 2025-01-10 04:15:43 罗马竞技场
[INFO] [008] 2025-01-10 04:15:59 单人地下城
[INFO] [008] 2025-01-10 04:16:49 领AFK奖励
[INFO] [008] 2025-01-10 04:17:00 领取任务奖励
[INFO] [008] 2025-01-10 04:17:22 领取邮件
[INFO] [008] 2025-01-10 04:17:32 领取背包物品
[INFO] [008] 2025-01-10 04:18:04 放置Toyz
[INFO] [008] 2025-01-10 04:31:25 罗马竞技场
[INFO] [008] 2025-01-10 04:31:40 单人地下城
[INFO] [008] 2025-01-10 04:32:36 领AFK奖励
[INFO] [008] 2025-01-10 04:32:47 领取任务奖励
[INFO] [008] 2025-01-10 04:33:08 领取邮件
[INFO] [008] 2025-01-10 04:33:40 领取背包物品
[INFO] [008] 2025-01-10 04:34:15 放置Toyz
[INFO] [008] 2025-01-10 04:34:45 罗马竞技场
[INFO] [008] 2025-01-10 04:34:56 单人地下城
[INFO] [008] 2025-01-10 04:35:38 领AFK奖励
[INFO] [008] 2025-01-10 04:35:49 领取任务奖励
[INFO] [008] 2025-01-10 04:36:10 领取邮件
[INFO] [008] 2025-01-10 04:36:23 领取背包物品
[INFO] [008] 2025-01-10 04:36:56 放置Toyz
[INFO] [008] 2025-01-10 04:49:03 罗马竞技场
[INFO] [008] 2025-01-10 04:49:14 单人地下城
[INFO] [008] 2025-01-10 04:49:58 领AFK奖励
[INFO] [008] 2025-01-10 04:50:09 领取任务奖励
[INFO] [008] 2025-01-10 04:50:31 领取邮件
[INFO] [008] 2025-01-10 04:50:54 领取背包物品
[INFO] [008] 2025-01-10 04:51:27 放置Toyz
[INFO] [008] 2025-01-10 04:51:55 罗马竞技场
[INFO] [008] 2025-01-10 04:52:06 单人地下城
[INFO] [008] 2025-01-10 04:52:49 领AFK奖励
[INFO] [008] 2025-01-10 04:53:00 领取任务奖励
[INFO] [008] 2025-01-10 04:53:22 领取邮件
[INFO] [008] 2025-01-10 04:53:37 领取背包物品
[INFO] [008] 2025-01-10 04:54:09 放置Toyz
[INFO] [008] 2025-01-10 05:06:46 罗马竞技场
[INFO] [008] 2025-01-10 05:06:57 单人地下城
[INFO] [008] 2025-01-10 05:07:51 领AFK奖励
[INFO] [008] 2025-01-10 05:08:02 领取任务奖励
[INFO] [008] 2025-01-10 05:08:23 领取邮件
[INFO] [008] 2025-01-10 05:08:43 领取背包物品
[INFO] [008] 2025-01-10 05:09:17 放置Toyz
[INFO] [008] 2025-01-10 05:09:47 罗马竞技场
[INFO] [008] 2025-01-10 05:09:58 单人地下城
[INFO] [008] 2025-01-10 05:10:49 领AFK奖励
[INFO] [008] 2025-01-10 05:11:01 领取任务奖励
[INFO] [008] 2025-01-10 05:11:22 领取邮件
[INFO] [008] 2025-01-10 05:11:35 领取背包物品
[INFO] [008] 2025-01-10 05:12:10 放置Toyz
[INFO] [008] 2025-01-10 05:25:09 罗马竞技场
[INFO] [008] 2025-01-10 05:25:22 单人地下城
[INFO] [008] 2025-01-10 05:26:37 领AFK奖励
[INFO] [008] 2025-01-10 05:26:48 领取任务奖励
[INFO] [008] 2025-01-10 05:27:10 领取邮件
[INFO] [008] 2025-01-10 05:27:31 领取背包物品
[INFO] [008] 2025-01-10 05:28:04 放置Toyz
[INFO] [008] 2025-01-10 05:28:30 罗马竞技场
[INFO] [008] 2025-01-10 05:28:41 单人地下城
[INFO] [008] 2025-01-10 05:29:26 领AFK奖励
[INFO] [008] 2025-01-10 05:29:37 领取任务奖励
[INFO] [008] 2025-01-10 05:29:59 领取邮件
[INFO] [008] 2025-01-10 05:30:14 领取背包物品
[INFO] [008] 2025-01-10 05:30:48 放置Toyz
[INFO] [008] 2025-01-10 05:44:13 罗马竞技场
[INFO] [008] 2025-01-10 05:44:25 单人地下城
[INFO] [008] 2025-01-10 05:45:13 领AFK奖励
[INFO] [008] 2025-01-10 05:45:24 领取任务奖励
[INFO] [008] 2025-01-10 05:45:46 领取邮件
[INFO] [008] 2025-01-10 05:45:56 领取背包物品
[INFO] [008] 2025-01-10 05:46:28 放置Toyz
[INFO] [008] 2025-01-10 05:47:00 罗马竞技场
[INFO] [008] 2025-01-10 05:47:13 单人地下城
[INFO] [008] 2025-01-10 05:48:02 领AFK奖励
[INFO] [008] 2025-01-10 05:48:13 领取任务奖励
[INFO] [008] 2025-01-10 05:48:34 领取邮件
[INFO] [008] 2025-01-10 05:48:44 领取背包物品
[INFO] [008] 2025-01-10 05:49:17 放置Toyz
[INFO] [008] 2025-01-10 06:01:38 罗马竞技场
[INFO] [008] 2025-01-10 06:01:50 单人地下城
[INFO] [008] 2025-01-10 06:02:31 领AFK奖励
[INFO] [008] 2025-01-10 06:02:42 领取任务奖励
[INFO] [008] 2025-01-10 06:03:04 领取邮件
[INFO] [008] 2025-01-10 06:03:19 领取背包物品
[INFO] [008] 2025-01-10 06:03:53 放置Toyz
[INFO] [008] 2025-01-10 06:04:26 罗马竞技场
[INFO] [008] 2025-01-10 06:04:39 单人地下城
[INFO] [008] 2025-01-10 06:05:29 领AFK奖励
[INFO] [008] 2025-01-10 06:05:40 领取任务奖励
[INFO] [008] 2025-01-10 06:06:02 领取邮件
[INFO] [008] 2025-01-10 06:06:20 领取背包物品
[INFO] [008] 2025-01-10 06:06:53 放置Toyz
[INFO] [008] 2025-01-10 06:19:09 罗马竞技场
[INFO] [008] 2025-01-10 06:19:21 单人地下城
[INFO] [008] 2025-01-10 06:20:17 领AFK奖励
[INFO] [008] 2025-01-10 06:20:28 领取任务奖励
[INFO] [008] 2025-01-10 06:20:50 领取邮件
[INFO] [008] 2025-01-10 06:21:01 领取背包物品
[INFO] [008] 2025-01-10 06:21:33 放置Toyz
[INFO] [008] 2025-01-10 06:21:58 罗马竞技场
[INFO] [008] 2025-01-10 06:22:10 单人地下城
[INFO] [008] 2025-01-10 06:22:59 领AFK奖励
[INFO] [008] 2025-01-10 06:23:10 领取任务奖励
[INFO] [008] 2025-01-10 06:23:32 领取邮件
[INFO] [008] 2025-01-10 06:23:48 领取背包物品
[INFO] [008] 2025-01-10 06:24:21 放置Toyz
[INFO] [008] 2025-01-10 06:36:54 罗马竞技场
[INFO] [008] 2025-01-10 06:37:06 单人地下城
[INFO] [008] 2025-01-10 06:37:49 领AFK奖励
[INFO] [008] 2025-01-10 06:38:00 领取任务奖励
[INFO] [008] 2025-01-10 06:38:22 领取邮件
[INFO] [008] 2025-01-10 06:38:35 领取背包物品
[INFO] [008] 2025-01-10 06:39:10 放置Toyz
[INFO] [008] 2025-01-10 06:39:40 罗马竞技场
[INFO] [008] 2025-01-10 06:39:52 单人地下城
[INFO] [008] 2025-01-10 06:40:34 领AFK奖励
[INFO] [008] 2025-01-10 06:40:45 领取任务奖励
[INFO] [008] 2025-01-10 06:41:07 领取邮件
[INFO] [008] 2025-01-10 06:41:17 领取背包物品
[INFO] [008] 2025-01-10 06:41:49 放置Toyz
[INFO] [008] 2025-01-10 06:54:49 罗马竞技场
[INFO] [008] 2025-01-10 06:55:06 单人地下城
[INFO] [008] 2025-01-10 06:55:58 领AFK奖励
[INFO] [008] 2025-01-10 06:56:09 领取任务奖励
[INFO] [008] 2025-01-10 06:56:30 领取邮件
[INFO] [008] 2025-01-10 06:56:40 领取背包物品
[INFO] [008] 2025-01-10 06:57:14 放置Toyz
[INFO] [008] 2025-01-10 06:57:46 罗马竞技场
[INFO] [008] 2025-01-10 06:58:01 单人地下城
[INFO] [008] 2025-01-10 06:58:59 领AFK奖励
[INFO] [008] 2025-01-10 06:59:10 领取任务奖励
[INFO] [008] 2025-01-10 06:59:32 领取邮件
[INFO] [008] 2025-01-10 06:59:54 领取背包物品
[INFO] [008] 2025-01-10 07:00:27 放置Toyz
[INFO] [008] 2025-01-10 07:13:01 罗马竞技场
[INFO] [008] 2025-01-10 07:13:13 单人地下城
[INFO] [008] 2025-01-10 07:14:29 领AFK奖励
[INFO] [008] 2025-01-10 07:14:40 领取任务奖励
[INFO] [008] 2025-01-10 07:15:01 领取邮件
[INFO] [008] 2025-01-10 07:15:16 领取背包物品
[INFO] [008] 2025-01-10 07:15:50 放置Toyz
[INFO] [008] 2025-01-10 07:16:22 罗马竞技场
[INFO] [008] 2025-01-10 07:16:38 单人地下城
[INFO] [008] 2025-01-10 07:17:37 领AFK奖励
[INFO] [008] 2025-01-10 07:17:48 领取任务奖励
[INFO] [008] 2025-01-10 07:18:10 领取邮件
[INFO] [008] 2025-01-10 07:18:34 领取背包物品
[INFO] [008] 2025-01-10 07:19:06 放置Toyz
[INFO] [008] 2025-01-10 07:31:33 罗马竞技场
[INFO] [008] 2025-01-10 07:31:50 单人地下城
[INFO] [008] 2025-01-10 07:32:39 领AFK奖励
[INFO] [008] 2025-01-10 07:32:50 领取任务奖励
[INFO] [008] 2025-01-10 07:33:12 领取邮件
[INFO] [008] 2025-01-10 07:33:28 领取背包物品
[INFO] [008] 2025-01-10 07:34:00 放置Toyz
[INFO] [008] 2025-01-10 07:34:41 罗马竞技场
[INFO] [008] 2025-01-10 07:34:53 单人地下城
[INFO] [008] 2025-01-10 07:35:49 领AFK奖励
[INFO] [008] 2025-01-10 07:36:00 领取任务奖励
[INFO] [008] 2025-01-10 07:36:21 领取邮件
[INFO] [008] 2025-01-10 07:36:32 领取背包物品
[INFO] [008] 2025-01-10 07:37:07 放置Toyz
[INFO] [008] 2025-01-10 07:49:03 掉线
[INFO] [008] 2025-01-10 07:52:02 领AFK奖励
[INFO] [008] 2025-01-10 07:52:13 领取任务奖励
[INFO] [008] 2025-01-10 07:52:35 领取邮件
[INFO] [008] 2025-01-10 07:53:04 领取背包物品
[INFO] [008] 2025-01-10 07:54:48 放置Toyz
[INFO] [008] 2025-01-10 07:55:35 领AFK奖励
[INFO] [008] 2025-01-10 07:55:46 领取任务奖励
[INFO] [008] 2025-01-10 07:56:08 领取邮件
[INFO] [008] 2025-01-10 07:56:37 领取背包物品
[INFO] [008] 2025-01-10 07:57:04 放置Toyz
[INFO] [008] 2025-01-10 08:09:20 领AFK奖励
[INFO] [008] 2025-01-10 08:09:31 领取任务奖励
[INFO] [008] 2025-01-10 08:09:52 领取邮件
[INFO] [008] 2025-01-10 08:10:06 领取背包物品
[INFO] [008] 2025-01-10 08:10:42 放置Toyz
[INFO] [008] 2025-01-10 08:11:17 领AFK奖励
[INFO] [008] 2025-01-10 08:11:28 领取任务奖励
[INFO] [008] 2025-01-10 08:11:50 领取邮件
[INFO] [008] 2025-01-10 08:12:02 领取背包物品
[INFO] [008] 2025-01-10 08:12:35 放置Toyz
[INFO] [008] 2025-01-10 08:25:16 领AFK奖励
[INFO] [008] 2025-01-10 08:25:27 领取任务奖励
[INFO] [008] 2025-01-10 08:25:48 领取邮件
[INFO] [008] 2025-01-10 08:26:13 领取背包物品
[INFO] [008] 2025-01-10 08:27:01 放置Toyz
[INFO] [008] 2025-01-10 08:27:27 领AFK奖励
[INFO] [008] 2025-01-10 08:27:38 领取任务奖励
[INFO] [008] 2025-01-10 08:28:00 领取邮件
[INFO] [008] 2025-01-10 08:28:25 领取背包物品
[INFO] [008] 2025-01-10 08:29:12 放置Toyz
[INFO] [008] 2025-01-10 08:40:12 领AFK奖励
[INFO] [008] 2025-01-10 08:40:23 领取任务奖励
[INFO] [008] 2025-01-10 08:40:45 领取邮件
[INFO] [008] 2025-01-10 08:41:10 领取背包物品
[INFO] [008] 2025-01-10 08:41:37 放置Toyz
[INFO] [008] 2025-01-10 08:42:06 领AFK奖励
[INFO] [008] 2025-01-10 08:42:17 领取任务奖励
[INFO] [008] 2025-01-10 08:42:39 领取邮件
[INFO] [008] 2025-01-10 08:43:04 领取背包物品
[INFO] [008] 2025-01-10 08:43:31 放置Toyz
[INFO] [008] 2025-01-10 08:54:40 领AFK奖励
[INFO] [008] 2025-01-10 08:54:51 领取任务奖励
[INFO] [008] 2025-01-10 08:55:13 领取邮件
[INFO] [008] 2025-01-10 08:55:43 领取背包物品
[INFO] [008] 2025-01-10 08:56:12 放置Toyz
[INFO] [008] 2025-01-10 08:56:39 领AFK奖励
[INFO] [008] 2025-01-10 08:56:50 领取任务奖励
[INFO] [008] 2025-01-10 08:57:11 领取邮件
[INFO] [008] 2025-01-10 08:57:40 领取背包物品
[INFO] [008] 2025-01-10 08:58:31 放置Toyz
[INFO] [008] 2025-01-10 16:01:03 窗口已强制关闭
[INFO] [008] 2025-01-10 16:23:18 游戏更新下载
[INFO] [008] 2025-01-10 16:26:54 游戏更新下载
[INFO] [008] 2025-01-10 18:53:21 领每日免费宝石
[INFO] [008] 2025-01-10 18:53:44 领AFK奖励
[INFO] [008] 2025-01-10 18:53:55 领取任务奖励
[INFO] [008] 2025-01-10 18:54:17 领取邮件
[INFO] [008] 2025-01-10 18:54:45 领取背包物品
[INFO] [008] 2025-01-10 18:55:12 放置Toyz
[INFO] [008] 2025-01-10 19:06:44 领AFK奖励
[INFO] [008] 2025-01-10 19:06:55 领取任务奖励
[INFO] [008] 2025-01-10 19:07:17 领取邮件
[INFO] [008] 2025-01-10 19:07:47 领取背包物品
[INFO] [008] 2025-01-10 19:09:00 放置Toyz
[INFO] [008] 2025-01-10 19:20:26 领AFK奖励
[INFO] [008] 2025-01-10 19:20:37 领取任务奖励
[INFO] [008] 2025-01-10 19:20:59 领取邮件
[INFO] [008] 2025-01-10 19:21:26 领取背包物品
[INFO] [008] 2025-01-10 19:21:53 放置Toyz
[INFO] [008] 2025-01-10 19:33:07 罗马竞技场
[INFO] [008] 2025-01-10 19:33:19 单人地下城
[INFO] [008] 2025-01-10 19:37:31 领AFK奖励
[INFO] [008] 2025-01-10 19:37:42 领取任务奖励
[INFO] [008] 2025-01-10 19:38:04 领取邮件
[INFO] [008] 2025-01-10 19:38:34 领取背包物品
[INFO] [008] 2025-01-10 19:39:01 放置Toyz
[INFO] [008] 2025-01-10 19:50:13 领AFK奖励
[INFO] [008] 2025-01-10 19:50:24 领取任务奖励
[INFO] [008] 2025-01-10 19:50:46 领取邮件
[INFO] [008] 2025-01-10 19:51:19 领取背包物品
[INFO] [008] 2025-01-10 19:51:46 放置Toyz
[INFO] [008] 2025-01-10 20:13:09 领AFK奖励
[INFO] [008] 2025-01-10 20:13:20 领取任务奖励
[INFO] [008] 2025-01-10 20:13:42 领取邮件
[INFO] [008] 2025-01-10 20:14:09 领取背包物品
[INFO] [008] 2025-01-10 20:14:36 放置Toyz
[INFO] [008] 2025-01-10 20:37:35 领AFK奖励
[INFO] [008] 2025-01-10 20:37:35 领取任务奖励
[INFO] [008] 2025-01-10 20:37:35 领取邮件
[INFO] [008] 2025-01-10 20:37:46 领取背包物品
[INFO] [008] 2025-01-10 20:38:11 放置Toyz
[INFO] [008] 2025-01-10 20:49:31 开始新手指导任务
[INFO] [008] 2025-01-10 20:58:22 开始新手指导任务
[INFO] [008] 2025-01-10 21:01:57 开始新手指导任务
[INFO] [008] 2025-01-10 22:02:21 开始新手指导任务
[INFO] [008] 2025-01-10 22:16:26 开始新手指导任务
[INFO] [008] 2025-01-10 22:32:09 开始新手指导任务
[INFO] [008] 2025-01-10 22:49:57 开始新手指导任务
[INFO] [008] 2025-01-10 22:51:34 放置Toyz
[INFO] [008] 2025-01-10 23:04:31 开始新手指导任务
[INFO] [008] 2025-01-10 23:17:09 开始新手指导任务
[INFO] [008] 2025-01-10 23:52:48 放置Toyz
[INFO] [008] 2025-01-11 00:04:17 开始新手指导任务
[INFO] [008] 2025-01-11 00:50:12 开始新手指导任务
[INFO] [008] 2025-01-11 01:34:31 开始新手指导任务
[INFO] [008] 2025-01-11 02:08:49 领AFK奖励
[INFO] [008] 2025-01-11 02:08:49 领取任务奖励
[INFO] [008] 2025-01-11 02:08:49 领取邮件
[INFO] [008] 2025-01-11 02:09:10 领取背包物品
[INFO] [008] 2025-01-11 02:09:38 放置Toyz
[INFO] [008] 2025-01-11 02:21:07 开始新手指导任务
[INFO] [008] 2025-01-11 02:56:37 领AFK奖励
[INFO] [008] 2025-01-11 02:56:37 领取任务奖励
[INFO] [008] 2025-01-11 02:56:37 领取邮件
[INFO] [008] 2025-01-11 02:56:53 领取背包物品
[INFO] [008] 2025-01-11 02:57:20 放置Toyz
[INFO] [008] 2025-01-11 03:08:57 开始新手指导任务
[INFO] [008] 2025-01-11 03:42:18 领AFK奖励
[INFO] [008] 2025-01-11 03:42:18 领取任务奖励
[INFO] [008] 2025-01-11 03:42:18 领取邮件
[INFO] [008] 2025-01-11 03:42:26 领取背包物品
[INFO] [008] 2025-01-11 03:42:51 放置Toyz
[INFO] [008] 2025-01-11 03:54:14 开始新手指导任务
[INFO] [008] 2025-01-11 04:38:57 开始新手指导任务
[INFO] [008] 2025-01-11 05:24:31 开始新手指导任务
[INFO] [008] 2025-01-11 06:00:25 放置Toyz
[INFO] [008] 2025-01-11 06:12:03 开始新手指导任务
[INFO] [008] 2025-01-11 06:59:04 开始新手指导任务
[INFO] [008] 2025-01-11 07:44:48 开始新手指导任务
[INFO] [008] 2025-01-11 08:03:15 罗马竞技场
[INFO] [008] 2025-01-11 08:03:26 单人地下城
[INFO] [008] 2025-01-11 08:07:40 放置Toyz
[INFO] [008] 2025-01-11 08:19:33 开始新手指导任务
[INFO] [008] 2025-01-11 08:56:33 领AFK奖励
[INFO] [008] 2025-01-11 08:56:33 领取任务奖励
[INFO] [008] 2025-01-11 08:56:33 领取邮件
[INFO] [008] 2025-01-11 08:56:47 领取背包物品
[INFO] [008] 2025-01-11 09:43:15 开始新手指导任务
[INFO] [008] 2025-01-11 09:44:59 领每周免费宝石
[INFO] [008] 2025-01-11 10:17:26 开始新手指导任务
[INFO] [008] 2025-01-11 10:20:13 领每周免费宝石
[INFO] [008] 2025-01-11 10:21:03 放置Toyz
[INFO] [008] 2025-01-11 10:37:44 开始新手指导任务
[INFO] [008] 2025-01-11 10:40:21 领每周免费宝石
[INFO] [008] 2025-01-11 10:41:15 放置Toyz
[INFO] [008] 2025-01-11 10:53:05 开始新手指导任务
[INFO] [008] 2025-01-11 10:56:48 领每周免费宝石
[INFO] [008] 2025-01-11 10:57:43 放置Toyz
[INFO] [008] 2025-01-11 11:49:37 窗口已强制关闭
[INFO] [008] 2025-01-11 11:56:02 开始新手指导任务
[INFO] [008] 2025-01-11 13:04:34 开始新手指导任务
[INFO] [008] 2025-01-11 13:26:03 放置Toyz
[INFO] [008] 2025-01-11 13:38:40 开始新手指导任务
[INFO] [008] 2025-01-11 14:52:48 开始新手指导任务
[INFO] [008] 2025-01-11 14:55:32 领AFK奖励
[INFO] [008] 2025-01-11 14:55:43 领取任务奖励
[INFO] [008] 2025-01-11 14:56:05 领取邮件
[INFO] [008] 2025-01-11 14:56:30 领取背包物品
[INFO] [008] 2025-01-11 14:59:06 放置Toyz
[INFO] [008] 2025-01-11 15:10:55 开始新手指导任务
[INFO] [008] 2025-01-11 15:20:57 开始新手指导任务
[INFO] [008] 2025-01-11 15:35:51 开始新手指导任务
[INFO] [008] 2025-01-11 16:31:37 开始新手指导任务
[INFO] [008] 2025-01-11 16:45:19 开始新手指导任务
[INFO] [008] 2025-01-11 16:58:45 开始新手指导任务
[INFO] [008] 2025-01-11 18:59:51 开始新手指导任务
[INFO] [008] 2025-01-11 19:02:14 领每日免费宝石
[INFO] [008] 2025-01-11 19:02:43 放置Toyz
[INFO] [008] 2025-01-11 19:14:56 开始新手指导任务
[INFO] [008] 2025-01-11 19:30:48 开始新手指导任务
[INFO] [008] 2025-01-11 19:49:31 开始新手指导任务
[INFO] [008] 2025-01-11 20:02:58 开始新手指导任务
[INFO] [008] 2025-01-11 20:06:08 领AFK奖励
[INFO] [008] 2025-01-11 20:06:20 领取任务奖励
[INFO] [008] 2025-01-11 20:06:42 领取邮件
[INFO] [008] 2025-01-11 20:07:32 领取背包物品
[INFO] [008] 2025-01-11 20:22:41 开始新手指导任务
[INFO] [008] 2025-01-11 20:25:46 罗马竞技场
[INFO] [008] 2025-01-11 20:26:00 单人地下城
[INFO] [008] 2025-01-11 21:50:42 开始新手指导任务
[INFO] [008] 2025-01-11 22:28:24 罗马竞技场
[INFO] [008] 2025-01-11 22:28:24 单人地下城
[INFO] [008] 2025-01-11 22:29:38 领AFK奖励
[INFO] [008] 2025-01-11 22:29:38 领取任务奖励
[INFO] [008] 2025-01-11 22:29:39 领取邮件
[INFO] [008] 2025-01-11 22:29:46 领取背包物品
[INFO] [008] 2025-01-11 22:30:10 放置Toyz
[INFO] [008] 2025-01-11 22:48:42 开始新手指导任务
[INFO] [008] 2025-01-11 22:50:36 罗马竞技场
[INFO] [008] 2025-01-11 22:50:50 单人地下城
[INFO] [008] 2025-01-11 22:51:53 领AFK奖励
[INFO] [008] 2025-01-11 22:52:06 领取任务奖励
[INFO] [008] 2025-01-11 22:52:27 领取邮件
[INFO] [008] 2025-01-11 22:52:53 领取背包物品
[INFO] [008] 2025-01-11 22:54:29 放置Toyz
[INFO] [008] 2025-01-11 23:16:20 开始新手指导任务
[INFO] [008] 2025-01-11 23:37:14 开始新手指导任务
[INFO] [008] 2025-01-11 23:58:58 开始新手指导任务
[INFO] [008] 2025-01-12 00:19:24 开始新手指导任务
[INFO] [008] 2025-01-12 00:39:53 开始新手指导任务
[INFO] [008] 2025-01-12 01:00:54 开始新手指导任务
[INFO] [008] 2025-01-12 01:04:02 放置Toyz
[INFO] [008] 2025-01-12 01:23:45 开始新手指导任务
[INFO] [008] 2025-01-12 02:04:24 放置Toyz
[INFO] [008] 2025-01-12 02:23:23 开始新手指导任务
[INFO] [008] 2025-01-12 02:45:19 开始新手指导任务
[INFO] [008] 2025-01-12 02:49:13 放置Toyz
[INFO] [008] 2025-01-12 03:10:09 开始新手指导任务
[INFO] [008] 2025-01-12 03:14:34 放置Toyz
[INFO] [008] 2025-01-12 03:34:43 开始新手指导任务
[INFO] [008] 2025-01-12 03:37:31 放置Toyz
[INFO] [008] 2025-01-12 03:56:22 开始新手指导任务
[INFO] [008] 2025-01-12 03:58:18 领AFK奖励
[INFO] [008] 2025-01-12 03:58:31 领取任务奖励
[INFO] [008] 2025-01-12 03:58:53 领取邮件
[INFO] [008] 2025-01-12 03:59:34 领取背包物品
[INFO] [008] 2025-01-12 04:18:03 掉线
[INFO] [008] 2025-01-12 04:21:19 开始新手指导任务
[INFO] [008] 2025-01-12 04:41:52 开始新手指导任务
[INFO] [008] 2025-01-12 05:02:44 开始新手指导任务
[INFO] [008] 2025-01-12 05:40:08 放置Toyz
[INFO] [008] 2025-01-12 06:00:37 开始新手指导任务
[INFO] [008] 2025-01-12 06:54:49 开始新手指导任务
[INFO] [008] 2025-01-12 07:15:31 开始新手指导任务
[INFO] [008] 2025-01-12 07:38:51 开始新手指导任务
[INFO] [008] 2025-01-12 07:41:40 放置Toyz
[INFO] [008] 2025-01-12 08:01:15 开始新手指导任务
[INFO] [008] 2025-01-12 08:22:23 开始新手指导任务
[INFO] [008] 2025-01-12 08:25:11 放置Toyz
[INFO] [008] 2025-01-12 08:43:56 开始新手指导任务
[INFO] [008] 2025-01-12 09:05:17 开始新手指导任务
[INFO] [008] 2025-01-12 09:07:28 领AFK奖励
[INFO] [008] 2025-01-12 09:07:40 领取任务奖励
[INFO] [008] 2025-01-12 09:08:02 领取邮件
[INFO] [008] 2025-01-12 09:08:41 领取背包物品
[INFO] [008] 2025-01-12 09:09:23 放置Toyz
[INFO] [008] 2025-01-12 09:28:47 开始新手指导任务
[INFO] [008] 2025-01-12 10:52:42 开始新手指导任务
[INFO] [008] 2025-01-12 11:07:59 开始新手指导任务
[INFO] [008] 2025-01-12 11:16:08 罗马竞技场
[INFO] [008] 2025-01-12 11:16:22 单人地下城
[INFO] [008] 2025-01-12 11:18:46 领AFK奖励
[INFO] [008] 2025-01-12 11:18:59 领取任务奖励
[INFO] [008] 2025-01-12 11:19:20 领取邮件
[INFO] [008] 2025-01-12 11:19:57 领取背包物品
[INFO] [008] 2025-01-12 11:21:37 放置Toyz
[INFO] [008] 2025-01-12 11:40:55 开始新手指导任务
[INFO] [008] 2025-01-12 12:10:50 罗马竞技场
[INFO] [008] 2025-01-12 12:10:51 单人地下城
[INFO] [008] 2025-01-12 12:12:01 领AFK奖励
[INFO] [008] 2025-01-12 12:12:01 领取任务奖励
[INFO] [008] 2025-01-12 12:12:01 领取邮件
[INFO] [008] 2025-01-12 12:12:07 领取背包物品
[INFO] [008] 2025-01-12 12:12:31 放置Toyz
[INFO] [008] 2025-01-12 12:33:01 开始新手指导任务
[INFO] [008] 2025-01-12 13:07:01 开始新手指导任务
[INFO] [008] 2025-01-12 13:28:39 开始新手指导任务
[INFO] [008] 2025-01-12 13:36:54 开始新手指导任务
[INFO] [008] 2025-01-12 13:53:52 开始新手指导任务
[INFO] [008] 2025-01-12 14:08:36 开始新手指导任务
[INFO] [008] 2025-01-12 14:32:28 开始新手指导任务
[INFO] [008] 2025-01-12 14:36:28 放置Toyz
[INFO] [008] 2025-01-12 14:56:10 开始新手指导任务
[INFO] [008] 2025-01-12 15:00:07 放置Toyz
[INFO] [008] 2025-01-12 15:28:09 开始新手指导任务
[INFO] [008] 2025-01-12 16:59:14 开始新手指导任务
[INFO] [008] 2025-01-12 17:01:17 放置Toyz
[INFO] [008] 2025-01-12 19:05:10 领每日免费宝石
[INFO] [008] 2025-01-12 19:05:18 领AFK奖励
[INFO] [008] 2025-01-12 19:05:30 领取任务奖励
[INFO] [008] 2025-01-12 19:05:52 领取邮件
[INFO] [008] 2025-01-12 19:06:27 领取背包物品
[INFO] [008] 2025-01-12 20:35:29 领AFK奖励
[INFO] [008] 2025-01-12 20:35:41 领取任务奖励
[INFO] [008] 2025-01-12 20:36:03 领取邮件
[INFO] [008] 2025-01-12 20:36:13 领取背包物品
[INFO] [008] 2025-01-12 20:37:07 放置Toyz
[INFO] [008] 2025-01-12 20:55:16 领AFK奖励
[INFO] [008] 2025-01-12 20:55:28 领取任务奖励
[INFO] [008] 2025-01-12 20:55:50 领取邮件
[INFO] [008] 2025-01-12 20:56:00 领取背包物品
[INFO] [008] 2025-01-12 20:56:39 放置Toyz
[INFO] [008] 2025-01-12 22:48:20 放置Toyz
[INFO] [008] 2025-01-13 00:39:03 罗马竞技场
[INFO] [008] 2025-01-13 00:39:17 单人地下城
[INFO] [008] 2025-01-13 01:11:42 罗马竞技场
[INFO] [008] 2025-01-13 01:11:59 单人地下城
[INFO] [008] 2025-01-13 01:12:56 放置Toyz
[INFO] [008] 2025-01-13 01:44:54 罗马竞技场
[INFO] [008] 2025-01-13 01:45:09 单人地下城
[INFO] [008] 2025-01-13 01:45:45 领AFK奖励
[INFO] [008] 2025-01-13 01:45:57 领取任务奖励
[INFO] [008] 2025-01-13 01:46:19 领取邮件
[INFO] [008] 2025-01-13 01:46:29 领取背包物品
[INFO] [008] 2025-01-13 01:47:49 放置Toyz
[INFO] [008] 2025-01-13 02:19:42 罗马竞技场
[INFO] [008] 2025-01-13 02:19:56 单人地下城
[INFO] [008] 2025-01-13 02:20:57 领AFK奖励
[INFO] [008] 2025-01-13 02:21:10 领取任务奖励
[INFO] [008] 2025-01-13 02:21:31 领取邮件
[INFO] [008] 2025-01-13 02:21:42 领取背包物品
[INFO] [008] 2025-01-13 02:22:21 放置Toyz
[INFO] [008] 2025-01-13 04:33:07 掉线
[INFO] [008] 2025-01-13 04:35:49 放置Toyz
[INFO] [008] 2025-01-13 05:08:20 放置Toyz
[INFO] [008] 2025-01-13 07:20:50 放置Toyz
[INFO] [008] 2025-01-13 07:52:42 领AFK奖励
[INFO] [008] 2025-01-13 07:52:54 领取任务奖励
[INFO] [008] 2025-01-13 07:53:16 领取邮件
[INFO] [008] 2025-01-13 07:53:26 领取背包物品
[INFO] [008] 2025-01-13 07:53:55 放置Toyz
[INFO] [008] 2025-01-13 14:27:59 领每周免费宝石
[INFO] [008] 2025-01-13 14:28:45 罗马竞技场
[INFO] [008] 2025-01-13 14:28:45 单人地下城
[INFO] [008] 2025-01-13 14:30:16 领AFK奖励
[INFO] [008] 2025-01-13 14:30:16 领取任务奖励
[INFO] [008] 2025-01-13 14:30:16 领取邮件
[INFO] [008] 2025-01-13 14:30:45 领取背包物品
[INFO] [008] 2025-01-13 14:31:08 放置Toyz
[INFO] [008] 2025-01-13 15:10:16 窗口已强制关闭
[INFO] [008] 2025-01-13 15:17:36 领每周免费宝石
[INFO] [008] 2025-01-13 15:19:52 罗马竞技场
[INFO] [008] 2025-01-13 15:20:06 单人地下城
[INFO] [008] 2025-01-13 15:23:52 领AFK奖励
[INFO] [008] 2025-01-13 15:24:04 领取任务奖励
[INFO] [008] 2025-01-13 15:24:26 领取邮件
[INFO] [008] 2025-01-13 15:25:02 领取背包物品
[INFO] [008] 2025-01-13 15:26:53 放置Toyz
[INFO] [008] 2025-01-13 17:57:51 放置Toyz
[INFO] [008] 2025-01-13 18:23:07 开始新手指导任务
[INFO] [008] 2025-01-13 19:03:50 开始新手指导任务
[INFO] [008] 2025-01-13 19:09:33 领每日免费宝石
[INFO] [008] 2025-01-13 19:44:11 开始新手指导任务
[INFO] [008] 2025-01-13 20:22:37 开始新手指导任务
[INFO] [008] 2025-01-13 20:34:35 领AFK奖励
[INFO] [008] 2025-01-13 20:34:48 领取任务奖励
[INFO] [008] 2025-01-13 20:35:09 领取邮件
[INFO] [008] 2025-01-13 20:35:49 领取背包物品
[INFO] [008] 2025-01-13 20:37:07 放置Toyz
[INFO] [008] 2025-01-13 21:14:48 开始新手指导任务
[INFO] [008] 2025-01-13 21:24:21 领AFK奖励
[INFO] [008] 2025-01-13 21:24:34 领取任务奖励
[INFO] [008] 2025-01-13 21:24:55 领取邮件
[INFO] [008] 2025-01-13 21:25:33 领取背包物品
[INFO] [008] 2025-01-13 21:26:12 放置Toyz
[INFO] [008] 2025-01-13 22:03:16 开始新手指导任务
[INFO] [008] 2025-01-13 22:07:18 领AFK奖励
[INFO] [008] 2025-01-13 22:07:31 领取任务奖励
[INFO] [008] 2025-01-13 22:07:53 领取邮件
[INFO] [008] 2025-01-13 22:08:33 领取背包物品
[INFO] [008] 2025-01-13 22:09:37 放置Toyz
[INFO] [008] 2025-01-13 22:45:30 开始新手指导任务
